{"C:\\Users\\jonat\\OneDrive - IM3 Brasil\\utils\\myworld\\cqt_light\\frontend\\electron\\services\\AuditService.js": {"path":"C:\\Users\\jonat\\OneDrive - IM3 Brasil\\utils\\myworld\\cqt_light\\frontend\\electron\\services\\AuditService.js","statementMap":{"0":{"start":{"line":1,"column":18},"end":{"line":1,"column":42}},"1":{"start":{"line":2,"column":13},"end":{"line":2,"column":28}},"2":{"start":{"line":6,"column":8},"end":{"line":6,"column":35}},"3":{"start":{"line":7,"column":8},"end":{"line":7,"column":83}},"4":{"start":{"line":11,"column":8},"end":{"line":54,"column":11}},"5":{"start":{"line":12,"column":30},"end":{"line":12,"column":71}},"6":{"start":{"line":14,"column":29},"end":{"line":14,"column":31}},"7":{"start":{"line":15,"column":28},"end":{"line":15,"column":30}},"8":{"start":{"line":18,"column":12},"end":{"line":18,"column":63}},"9":{"start":{"line":19,"column":12},"end":{"line":19,"column":34}},"10":{"start":{"line":21,"column":12},"end":{"line":23,"column":15}},"11":{"start":{"line":22,"column":16},"end":{"line":22,"column":46}},"12":{"start":{"line":25,"column":12},"end":{"line":27,"column":15}},"13":{"start":{"line":26,"column":16},"end":{"line":26,"column":45}},"14":{"start":{"line":29,"column":12},"end":{"line":53,"column":15}},"15":{"start":{"line":30,"column":16},"end":{"line":34,"column":17}},"16":{"start":{"line":31,"column":20},"end":{"line":31,"column":89}},"17":{"start":{"line":32,"column":20},"end":{"line":32,"column":73}},"18":{"start":{"line":33,"column":20},"end":{"line":33,"column":27}},"19":{"start":{"line":36,"column":16},"end":{"line":52,"column":17}},"20":{"start":{"line":39,"column":38},"end":{"line":39,"column":61}},"21":{"start":{"line":40,"column":36},"end":{"line":40,"column":67}},"22":{"start":{"line":42,"column":20},"end":{"line":48,"column":21}},"23":{"start":{"line":43,"column":41},"end":{"line":43,"column":81}},"24":{"start":{"line":44,"column":24},"end":{"line":44,"column":54}},"25":{"start":{"line":47,"column":24},"end":{"line":47,"column":90}},"26":{"start":{"line":50,"column":20},"end":{"line":50,"column":82}},"27":{"start":{"line":51,"column":20},"end":{"line":51,"column":84}},"28":{"start":{"line":58,"column":0},"end":{"line":58,"column":36}}},"fnMap":{"0":{"name":"(anonymous_0)","decl":{"start":{"line":5,"column":4},"end":{"line":5,"column":15}},"loc":{"start":{"line":5,"column":18},"end":{"line":8,"column":5}},"line":5},"1":{"name":"(anonymous_1)","decl":{"start":{"line":10,"column":10},"end":{"line":10,"column":22}},"loc":{"start":{"line":10,"column":36},"end":{"line":55,"column":5}},"line":10},"2":{"name":"(anonymous_2)","decl":{"start":{"line":11,"column":27},"end":{"line":11,"column":28}},"loc":{"start":{"line":11,"column":48},"end":{"line":54,"column":9}},"line":11},"3":{"name":"(anonymous_3)","decl":{"start":{"line":21,"column":40},"end":{"line":21,"column":41}},"loc":{"start":{"line":21,"column":50},"end":{"line":23,"column":13}},"line":21},"4":{"name":"(anonymous_4)","decl":{"start":{"line":25,"column":40},"end":{"line":25,"column":41}},"loc":{"start":{"line":25,"column":50},"end":{"line":27,"column":13}},"line":25},"5":{"name":"(anonymous_5)","decl":{"start":{"line":29,"column":34},"end":{"line":29,"column":35}},"loc":{"start":{"line":29,"column":44},"end":{"line":53,"column":13}},"line":29}},"branchMap":{"0":{"loc":{"start":{"line":30,"column":16},"end":{"line":34,"column":17}},"type":"if","locations":[{"start":{"line":30,"column":16},"end":{"line":34,"column":17}},{"start":{},"end":{}}],"line":30},"1":{"loc":{"start":{"line":42,"column":20},"end":{"line":48,"column":21}},"type":"if","locations":[{"start":{"line":42,"column":20},"end":{"line":48,"column":21}},{"start":{"line":45,"column":27},"end":{"line":48,"column":21}}],"line":42},"2":{"loc":{"start":{"line":42,"column":24},"end":{"line":42,"column":58}},"type":"binary-expr","locations":[{"start":{"line":42,"column":24},"end":{"line":42,"column":40}},{"start":{"line":42,"column":44},"end":{"line":42,"column":58}}],"line":42}},"s":{"0":0,"1":0,"2":0,"3":0,"4":0,"5":0,"6":0,"7":0,"8":0,"9":0,"10":0,"11":0,"12":0,"13":0,"14":0,"15":0,"16":0,"17":0,"18":0,"19":0,"20":0,"21":0,"22":0,"23":0,"24":0,"25":0,"26":0,"27":0,"28":0},"f":{"0":0,"1":0,"2":0,"3":0,"4":0,"5":0},"b":{"0":[0,0],"1":[0,0],"2":[0,0]},"meta":{"lastBranch":3,"lastFunction":6,"lastStatement":29,"seen":{"s:1:18:1:42":0,"s:2:13:2:28":1,"f:5:4:5:15":0,"s:6:8:6:35":2,"s:7:8:7:83":3,"f:10:10:10:22":1,"s:11:8:54:11":4,"f:11:27:11:28":2,"s:12:30:12:71":5,"s:14:29:14:31":6,"s:15:28:15:30":7,"s:18:12:18:63":8,"s:19:12:19:34":9,"s:21:12:23:15":10,"f:21:40:21:41":3,"s:22:16:22:46":11,"s:25:12:27:15":12,"f:25:40:25:41":4,"s:26:16:26:45":13,"s:29:12:53:15":14,"f:29:34:29:35":5,"b:30:16:34:17:undefined:undefined:undefined:undefined":0,"s:30:16:34:17":15,"s:31:20:31:89":16,"s:32:20:32:73":17,"s:33:20:33:27":18,"s:36:16:52:17":19,"s:39:38:39:61":20,"s:40:36:40:67":21,"b:42:20:48:21:45:27:48:21":1,"s:42:20:48:21":22,"b:42:24:42:40:42:44:42:58":2,"s:43:41:43:81":23,"s:44:24:44:54":24,"s:47:24:47:90":25,"s:50:20:50:82":26,"s:51:20:51:84":27,"s:58:0:58:36":28}}}
,"C:\\Users\\jonat\\OneDrive - IM3 Brasil\\utils\\myworld\\cqt_light\\frontend\\electron\\services\\BimPredictorService.js": {"path":"C:\\Users\\jonat\\OneDrive - IM3 Brasil\\utils\\myworld\\cqt_light\\frontend\\electron\\services\\BimPredictorService.js","statementMap":{"0":{"start":{"line":9,"column":8},"end":{"line":46,"column":10}},"1":{"start":{"line":48,"column":8},"end":{"line":54,"column":10}},"2":{"start":{"line":63,"column":8},"end":{"line":63,"column":51}},"3":{"start":{"line":63,"column":26},"end":{"line":63,"column":51}},"4":{"start":{"line":65,"column":21},"end":{"line":65,"column":46}},"5":{"start":{"line":66,"column":24},"end":{"line":66,"column":28}},"6":{"start":{"line":67,"column":23},"end":{"line":67,"column":24}},"7":{"start":{"line":70,"column":8},"end":{"line":85,"column":9}},"8":{"start":{"line":71,"column":24},"end":{"line":71,"column":25}},"9":{"start":{"line":72,"column":12},"end":{"line":76,"column":13}},"10":{"start":{"line":73,"column":16},"end":{"line":75,"column":17}},"11":{"start":{"line":74,"column":20},"end":{"line":74,"column":32}},"12":{"start":{"line":78,"column":12},"end":{"line":84,"column":13}},"13":{"start":{"line":79,"column":16},"end":{"line":79,"column":49}},"14":{"start":{"line":80,"column":16},"end":{"line":83,"column":17}},"15":{"start":{"line":81,"column":20},"end":{"line":81,"column":37}},"16":{"start":{"line":82,"column":20},"end":{"line":82,"column":34}},"17":{"start":{"line":88,"column":22},"end":{"line":88,"column":27}},"18":{"start":{"line":89,"column":8},"end":{"line":94,"column":9}},"19":{"start":{"line":90,"column":12},"end":{"line":93,"column":13}},"20":{"start":{"line":91,"column":16},"end":{"line":91,"column":34}},"21":{"start":{"line":92,"column":16},"end":{"line":92,"column":22}},"22":{"start":{"line":96,"column":8},"end":{"line":96,"column":49}},"23":{"start":{"line":96,"column":24},"end":{"line":96,"column":49}},"24":{"start":{"line":99,"column":27},"end":{"line":99,"column":74}},"25":{"start":{"line":101,"column":8},"end":{"line":108,"column":10}},"26":{"start":{"line":112,"column":8},"end":{"line":119,"column":10}},"27":{"start":{"line":123,"column":0},"end":{"line":123,"column":43}}},"fnMap":{"0":{"name":"(anonymous_0)","decl":{"start":{"line":8,"column":4},"end":{"line":8,"column":15}},"loc":{"start":{"line":8,"column":18},"end":{"line":55,"column":5}},"line":8},"1":{"name":"(anonymous_1)","decl":{"start":{"line":62,"column":4},"end":{"line":62,"column":11}},"loc":{"start":{"line":62,"column":25},"end":{"line":109,"column":5}},"line":62},"2":{"name":"(anonymous_2)","decl":{"start":{"line":111,"column":4},"end":{"line":111,"column":14}},"loc":{"start":{"line":111,"column":17},"end":{"line":120,"column":5}},"line":111}},"branchMap":{"0":{"loc":{"start":{"line":63,"column":8},"end":{"line":63,"column":51}},"type":"if","locations":[{"start":{"line":63,"column":8},"end":{"line":63,"column":51}},{"start":{},"end":{}}],"line":63},"1":{"loc":{"start":{"line":73,"column":16},"end":{"line":75,"column":17}},"type":"if","locations":[{"start":{"line":73,"column":16},"end":{"line":75,"column":17}},{"start":{},"end":{}}],"line":73},"2":{"loc":{"start":{"line":78,"column":12},"end":{"line":84,"column":13}},"type":"if","locations":[{"start":{"line":78,"column":12},"end":{"line":84,"column":13}},{"start":{},"end":{}}],"line":78},"3":{"loc":{"start":{"line":80,"column":16},"end":{"line":83,"column":17}},"type":"if","locations":[{"start":{"line":80,"column":16},"end":{"line":83,"column":17}},{"start":{},"end":{}}],"line":80},"4":{"loc":{"start":{"line":90,"column":12},"end":{"line":93,"column":13}},"type":"if","locations":[{"start":{"line":90,"column":12},"end":{"line":93,"column":13}},{"start":{},"end":{}}],"line":90},"5":{"loc":{"start":{"line":96,"column":8},"end":{"line":96,"column":49}},"type":"if","locations":[{"start":{"line":96,"column":8},"end":{"line":96,"column":49}},{"start":{},"end":{}}],"line":96}},"s":{"0":1,"1":1,"2":9,"3":1,"4":8,"5":8,"6":8,"7":8,"8":48,"9":48,"10":248,"11":15,"12":48,"13":7,"14":7,"15":7,"16":7,"17":8,"18":8,"19":35,"20":2,"21":2,"22":8,"23":1,"24":7,"25":7,"26":2,"27":1},"f":{"0":1,"1":9,"2":2},"b":{"0":[1,8],"1":[15,233],"2":[7,41],"3":[7,0],"4":[2,33],"5":[1,7]},"meta":{"lastBranch":6,"lastFunction":3,"lastStatement":28,"seen":{"f:8:4:8:15":0,"s:9:8:46:10":0,"s:48:8:54:10":1,"f:62:4:62:11":1,"b:63:8:63:51:undefined:undefined:undefined:undefined":0,"s:63:8:63:51":2,"s:63:26:63:51":3,"s:65:21:65:46":4,"s:66:24:66:28":5,"s:67:23:67:24":6,"s:70:8:85:9":7,"s:71:24:71:25":8,"s:72:12:76:13":9,"b:73:16:75:17:undefined:undefined:undefined:undefined":1,"s:73:16:75:17":10,"s:74:20:74:32":11,"b:78:12:84:13:undefined:undefined:undefined:undefined":2,"s:78:12:84:13":12,"s:79:16:79:49":13,"b:80:16:83:17:undefined:undefined:undefined:undefined":3,"s:80:16:83:17":14,"s:81:20:81:37":15,"s:82:20:82:34":16,"s:88:22:88:27":17,"s:89:8:94:9":18,"b:90:12:93:13:undefined:undefined:undefined:undefined":4,"s:90:12:93:13":19,"s:91:16:91:34":20,"s:92:16:92:22":21,"b:96:8:96:49:undefined:undefined:undefined:undefined":5,"s:96:8:96:49":22,"s:96:24:96:49":23,"s:99:27:99:74":24,"s:101:8:108:10":25,"f:111:4:111:14":2,"s:112:8:119:10":26,"s:123:0:123:43":27}}}
,"C:\\Users\\jonat\\OneDrive - IM3 Brasil\\utils\\myworld\\cqt_light\\frontend\\electron\\services\\BomService.js": {"path":"C:\\Users\\jonat\\OneDrive - IM3 Brasil\\utils\\myworld\\cqt_light\\frontend\\electron\\services\\BomService.js","statementMap":{"0":{"start":{"line":1,"column":18},"end":{"line":1,"column":42}},"1":{"start":{"line":2,"column":13},"end":{"line":2,"column":28}},"2":{"start":{"line":6,"column":8},"end":{"line":6,"column":35}},"3":{"start":{"line":7,"column":8},"end":{"line":7,"column":84}},"4":{"start":{"line":11,"column":8},"end":{"line":47,"column":11}},"5":{"start":{"line":12,"column":30},"end":{"line":12,"column":71}},"6":{"start":{"line":14,"column":29},"end":{"line":14,"column":31}},"7":{"start":{"line":15,"column":28},"end":{"line":15,"column":30}},"8":{"start":{"line":17,"column":12},"end":{"line":17,"column":63}},"9":{"start":{"line":18,"column":12},"end":{"line":18,"column":34}},"10":{"start":{"line":20,"column":12},"end":{"line":22,"column":15}},"11":{"start":{"line":21,"column":16},"end":{"line":21,"column":46}},"12":{"start":{"line":24,"column":12},"end":{"line":26,"column":15}},"13":{"start":{"line":25,"column":16},"end":{"line":25,"column":45}},"14":{"start":{"line":28,"column":12},"end":{"line":46,"column":15}},"15":{"start":{"line":29,"column":16},"end":{"line":32,"column":17}},"16":{"start":{"line":30,"column":20},"end":{"line":30,"column":77}},"17":{"start":{"line":31,"column":20},"end":{"line":31,"column":27}},"18":{"start":{"line":34,"column":16},"end":{"line":45,"column":17}},"19":{"start":{"line":35,"column":38},"end":{"line":35,"column":61}},"20":{"start":{"line":36,"column":36},"end":{"line":36,"column":67}},"21":{"start":{"line":38,"column":20},"end":{"line":42,"column":21}},"22":{"start":{"line":39,"column":24},"end":{"line":39,"column":86}},"23":{"start":{"line":41,"column":24},"end":{"line":41,"column":36}},"24":{"start":{"line":44,"column":20},"end":{"line":44,"column":70}},"25":{"start":{"line":51,"column":0},"end":{"line":51,"column":34}}},"fnMap":{"0":{"name":"(anonymous_0)","decl":{"start":{"line":5,"column":4},"end":{"line":5,"column":15}},"loc":{"start":{"line":5,"column":18},"end":{"line":8,"column":5}},"line":5},"1":{"name":"(anonymous_1)","decl":{"start":{"line":10,"column":10},"end":{"line":10,"column":21}},"loc":{"start":{"line":10,"column":35},"end":{"line":48,"column":5}},"line":10},"2":{"name":"(anonymous_2)","decl":{"start":{"line":11,"column":27},"end":{"line":11,"column":28}},"loc":{"start":{"line":11,"column":48},"end":{"line":47,"column":9}},"line":11},"3":{"name":"(anonymous_3)","decl":{"start":{"line":20,"column":40},"end":{"line":20,"column":41}},"loc":{"start":{"line":20,"column":50},"end":{"line":22,"column":13}},"line":20},"4":{"name":"(anonymous_4)","decl":{"start":{"line":24,"column":40},"end":{"line":24,"column":41}},"loc":{"start":{"line":24,"column":50},"end":{"line":26,"column":13}},"line":24},"5":{"name":"(anonymous_5)","decl":{"start":{"line":28,"column":34},"end":{"line":28,"column":35}},"loc":{"start":{"line":28,"column":44},"end":{"line":46,"column":13}},"line":28}},"branchMap":{"0":{"loc":{"start":{"line":29,"column":16},"end":{"line":32,"column":17}},"type":"if","locations":[{"start":{"line":29,"column":16},"end":{"line":32,"column":17}},{"start":{},"end":{}}],"line":29},"1":{"loc":{"start":{"line":38,"column":20},"end":{"line":42,"column":21}},"type":"if","locations":[{"start":{"line":38,"column":20},"end":{"line":42,"column":21}},{"start":{"line":40,"column":27},"end":{"line":42,"column":21}}],"line":38},"2":{"loc":{"start":{"line":38,"column":24},"end":{"line":38,"column":58}},"type":"binary-expr","locations":[{"start":{"line":38,"column":24},"end":{"line":38,"column":40}},{"start":{"line":38,"column":44},"end":{"line":38,"column":58}}],"line":38}},"s":{"0":0,"1":0,"2":0,"3":0,"4":0,"5":0,"6":0,"7":0,"8":0,"9":0,"10":0,"11":0,"12":0,"13":0,"14":0,"15":0,"16":0,"17":0,"18":0,"19":0,"20":0,"21":0,"22":0,"23":0,"24":0,"25":0},"f":{"0":0,"1":0,"2":0,"3":0,"4":0,"5":0},"b":{"0":[0,0],"1":[0,0],"2":[0,0]},"meta":{"lastBranch":3,"lastFunction":6,"lastStatement":26,"seen":{"s:1:18:1:42":0,"s:2:13:2:28":1,"f:5:4:5:15":0,"s:6:8:6:35":2,"s:7:8:7:84":3,"f:10:10:10:21":1,"s:11:8:47:11":4,"f:11:27:11:28":2,"s:12:30:12:71":5,"s:14:29:14:31":6,"s:15:28:15:30":7,"s:17:12:17:63":8,"s:18:12:18:34":9,"s:20:12:22:15":10,"f:20:40:20:41":3,"s:21:16:21:46":11,"s:24:12:26:15":12,"f:24:40:24:41":4,"s:25:16:25:45":13,"s:28:12:46:15":14,"f:28:34:28:35":5,"b:29:16:32:17:undefined:undefined:undefined:undefined":0,"s:29:16:32:17":15,"s:30:20:30:77":16,"s:31:20:31:27":17,"s:34:16:45:17":18,"s:35:38:35:61":19,"s:36:36:36:67":20,"b:38:20:42:21:40:27:42:21":1,"s:38:20:42:21":21,"b:38:24:38:40:38:44:38:58":2,"s:39:24:39:86":22,"s:41:24:41:36":23,"s:44:20:44:70":24,"s:51:0:51:34":25}}}
,"C:\\Users\\jonat\\OneDrive - IM3 Brasil\\utils\\myworld\\cqt_light\\frontend\\electron\\services\\DashboardService.js": {"path":"C:\\Users\\jonat\\OneDrive - IM3 Brasil\\utils\\myworld\\cqt_light\\frontend\\electron\\services\\DashboardService.js","statementMap":{"0":{"start":{"line":1,"column":11},"end":{"line":1,"column":40}},"1":{"start":{"line":15,"column":8},"end":{"line":51,"column":9}},"2":{"start":{"line":17,"column":26},"end":{"line":17,"column":45}},"3":{"start":{"line":21,"column":34},"end":{"line":21,"column":70}},"4":{"start":{"line":24,"column":32},"end":{"line":24,"column":69}},"5":{"start":{"line":27,"column":31},"end":{"line":34,"column":13}},"6":{"start":{"line":36,"column":12},"end":{"line":47,"column":14}},"7":{"start":{"line":49,"column":12},"end":{"line":49,"column":58}},"8":{"start":{"line":50,"column":12},"end":{"line":50,"column":24}},"9":{"start":{"line":55,"column":22},"end":{"line":62,"column":5}},"10":{"start":{"line":63,"column":24},"end":{"line":63,"column":48}},"11":{"start":{"line":64,"column":8},"end":{"line":69,"column":10}},"12":{"start":{"line":73,"column":22},"end":{"line":78,"column":5}},"13":{"start":{"line":81,"column":24},"end":{"line":81,"column":48}},"14":{"start":{"line":82,"column":8},"end":{"line":84,"column":9}},"15":{"start":{"line":83,"column":12},"end":{"line":83,"column":66}},"16":{"start":{"line":83,"column":37},"end":{"line":83,"column":63}},"17":{"start":{"line":86,"column":8},"end":{"line":91,"column":10}},"18":{"start":{"line":95,"column":0},"end":{"line":95,"column":40}}},"fnMap":{"0":{"name":"(anonymous_0)","decl":{"start":{"line":14,"column":10},"end":{"line":14,"column":20}},"loc":{"start":{"line":14,"column":23},"end":{"line":52,"column":5}},"line":14},"1":{"name":"(anonymous_1)","decl":{"start":{"line":54,"column":10},"end":{"line":54,"column":33}},"loc":{"start":{"line":54,"column":36},"end":{"line":70,"column":5}},"line":54},"2":{"name":"(anonymous_2)","decl":{"start":{"line":72,"column":10},"end":{"line":72,"column":34}},"loc":{"start":{"line":72,"column":37},"end":{"line":92,"column":5}},"line":72},"3":{"name":"(anonymous_3)","decl":{"start":{"line":83,"column":31},"end":{"line":83,"column":32}},"loc":{"start":{"line":83,"column":37},"end":{"line":83,"column":63}},"line":83}},"branchMap":{"0":{"loc":{"start":{"line":38,"column":31},"end":{"line":38,"column":53}},"type":"binary-expr","locations":[{"start":{"line":38,"column":31},"end":{"line":38,"column":48}},{"start":{"line":38,"column":52},"end":{"line":38,"column":53}}],"line":38},"1":{"loc":{"start":{"line":39,"column":36},"end":{"line":39,"column":56}},"type":"binary-expr","locations":[{"start":{"line":39,"column":36},"end":{"line":39,"column":51}},{"start":{"line":39,"column":55},"end":{"line":39,"column":56}}],"line":39},"2":{"loc":{"start":{"line":42,"column":31},"end":{"line":42,"column":46}},"type":"binary-expr","locations":[{"start":{"line":42,"column":31},"end":{"line":42,"column":41}},{"start":{"line":42,"column":45},"end":{"line":42,"column":46}}],"line":42},"3":{"loc":{"start":{"line":64,"column":15},"end":{"line":69,"column":9}},"type":"cond-expr","locations":[{"start":{"line":64,"column":36},"end":{"line":64,"column":43}},{"start":{"line":64,"column":46},"end":{"line":69,"column":9}}],"line":64},"4":{"loc":{"start":{"line":82,"column":8},"end":{"line":84,"column":9}},"type":"if","locations":[{"start":{"line":82,"column":8},"end":{"line":84,"column":9}},{"start":{},"end":{}}],"line":82}},"s":{"0":1,"1":3,"2":3,"3":2,"4":2,"5":2,"6":2,"7":1,"8":1,"9":2,"10":2,"11":2,"12":2,"13":2,"14":2,"15":1,"16":1,"17":1,"18":1},"f":{"0":3,"1":2,"2":2,"3":1},"b":{"0":[2,0],"1":[3,0],"2":[3,0],"3":[1,1],"4":[1,1]},"meta":{"lastBranch":5,"lastFunction":4,"lastStatement":19,"seen":{"s:1:11:1:40":0,"f:14:10:14:20":0,"s:15:8:51:9":1,"s:17:26:17:45":2,"s:21:34:21:70":3,"s:24:32:24:69":4,"s:27:31:34:13":5,"s:36:12:47:14":6,"b:38:31:38:48:38:52:38:53":0,"b:39:36:39:51:39:55:39:56":1,"b:42:31:42:41:42:45:42:46":2,"s:49:12:49:58":7,"s:50:12:50:24":8,"f:54:10:54:33":1,"s:55:22:62:5":9,"s:63:24:63:48":10,"s:64:8:69:10":11,"b:64:36:64:43:64:46:69:9":3,"f:72:10:72:34":2,"s:73:22:78:5":12,"s:81:24:81:48":13,"b:82:8:84:9:undefined:undefined:undefined:undefined":4,"s:82:8:84:9":14,"s:83:12:83:66":15,"f:83:31:83:32":3,"s:83:37:83:63":16,"s:86:8:91:10":17,"s:95:0:95:40":18}}}
,"C:\\Users\\jonat\\OneDrive - IM3 Brasil\\utils\\myworld\\cqt_light\\frontend\\electron\\services\\DatabaseService.js": {"path":"C:\\Users\\jonat\\OneDrive - IM3 Brasil\\utils\\myworld\\cqt_light\\frontend\\electron\\services\\DatabaseService.js","statementMap":{"0":{"start":{"line":1,"column":17},"end":{"line":1,"column":42}},"1":{"start":{"line":2,"column":13},"end":{"line":2,"column":28}},"2":{"start":{"line":3,"column":11},"end":{"line":3,"column":24}},"3":{"start":{"line":7,"column":8},"end":{"line":7,"column":23}},"4":{"start":{"line":9,"column":8},"end":{"line":9,"column":63}},"5":{"start":{"line":10,"column":8},"end":{"line":10,"column":33}},"6":{"start":{"line":14,"column":8},"end":{"line":14,"column":37}},"7":{"start":{"line":14,"column":30},"end":{"line":14,"column":37}},"8":{"start":{"line":17,"column":8},"end":{"line":21,"column":10}},"9":{"start":{"line":18,"column":12},"end":{"line":18,"column":52}},"10":{"start":{"line":18,"column":41},"end":{"line":18,"column":52}},"11":{"start":{"line":20,"column":12},"end":{"line":20,"column":62}},"12":{"start":{"line":23,"column":8},"end":{"line":43,"column":9}},"13":{"start":{"line":24,"column":12},"end":{"line":24,"column":48}},"14":{"start":{"line":27,"column":12},"end":{"line":27,"column":49}},"15":{"start":{"line":28,"column":12},"end":{"line":28,"column":51}},"16":{"start":{"line":31,"column":31},"end":{"line":31,"column":71}},"17":{"start":{"line":32,"column":12},"end":{"line":37,"column":13}},"18":{"start":{"line":33,"column":31},"end":{"line":33,"column":67}},"19":{"start":{"line":34,"column":16},"end":{"line":34,"column":37}},"20":{"start":{"line":36,"column":16},"end":{"line":36,"column":70}},"21":{"start":{"line":39,"column":12},"end":{"line":39,"column":36}},"22":{"start":{"line":41,"column":12},"end":{"line":41,"column":65}},"23":{"start":{"line":42,"column":12},"end":{"line":42,"column":22}},"24":{"start":{"line":47,"column":21},"end":{"line":47,"column":53}},"25":{"start":{"line":48,"column":8},"end":{"line":51,"column":10}},"26":{"start":{"line":55,"column":8},"end":{"line":55,"column":48}},"27":{"start":{"line":59,"column":8},"end":{"line":59,"column":48}},"28":{"start":{"line":69,"column":8},"end":{"line":71,"column":9}},"29":{"start":{"line":70,"column":12},"end":{"line":70,"column":87}},"30":{"start":{"line":73,"column":29},"end":{"line":73,"column":62}},"31":{"start":{"line":73,"column":48},"end":{"line":73,"column":51}},"32":{"start":{"line":76,"column":26},"end":{"line":89,"column":16}},"33":{"start":{"line":92,"column":25},"end":{"line":95,"column":16}},"34":{"start":{"line":97,"column":30},"end":{"line":97,"column":86}},"35":{"start":{"line":97,"column":59},"end":{"line":97,"column":82}},"36":{"start":{"line":98,"column":29},"end":{"line":98,"column":89}},"37":{"start":{"line":98,"column":57},"end":{"line":98,"column":85}},"38":{"start":{"line":100,"column":8},"end":{"line":106,"column":10}},"39":{"start":{"line":111,"column":8},"end":{"line":111,"column":74}},"40":{"start":{"line":115,"column":8},"end":{"line":119,"column":37}},"41":{"start":{"line":123,"column":8},"end":{"line":123,"column":52}},"42":{"start":{"line":123,"column":42},"end":{"line":123,"column":52}},"43":{"start":{"line":124,"column":29},"end":{"line":124,"column":59}},"44":{"start":{"line":124,"column":45},"end":{"line":124,"column":48}},"45":{"start":{"line":125,"column":8},"end":{"line":128,"column":14}},"46":{"start":{"line":132,"column":22},"end":{"line":132,"column":40}},"47":{"start":{"line":133,"column":23},"end":{"line":133,"column":47}},"48":{"start":{"line":134,"column":21},"end":{"line":134,"column":43}},"49":{"start":{"line":136,"column":8},"end":{"line":143,"column":61}},"50":{"start":{"line":148,"column":8},"end":{"line":148,"column":66}},"51":{"start":{"line":152,"column":8},"end":{"line":161,"column":65}},"52":{"start":{"line":165,"column":8},"end":{"line":165,"column":80}},"53":{"start":{"line":169,"column":23},"end":{"line":169,"column":47}},"54":{"start":{"line":170,"column":23},"end":{"line":170,"column":50}},"55":{"start":{"line":171,"column":24},"end":{"line":171,"column":52}},"56":{"start":{"line":173,"column":8},"end":{"line":180,"column":48}},"57":{"start":{"line":185,"column":23},"end":{"line":185,"column":47}},"58":{"start":{"line":186,"column":23},"end":{"line":186,"column":50}},"59":{"start":{"line":187,"column":8},"end":{"line":190,"column":25}},"60":{"start":{"line":191,"column":8},"end":{"line":191,"column":35}},"61":{"start":{"line":195,"column":8},"end":{"line":197,"column":64}},"62":{"start":{"line":202,"column":8},"end":{"line":202,"column":81}},"63":{"start":{"line":204,"column":8},"end":{"line":204,"column":78}},"64":{"start":{"line":209,"column":8},"end":{"line":216,"column":20}},"65":{"start":{"line":220,"column":8},"end":{"line":224,"column":42}},"66":{"start":{"line":228,"column":8},"end":{"line":228,"column":99}},"67":{"start":{"line":232,"column":8},"end":{"line":232,"column":73}},"68":{"start":{"line":237,"column":8},"end":{"line":237,"column":69}},"69":{"start":{"line":241,"column":8},"end":{"line":245,"column":37}},"70":{"start":{"line":249,"column":22},"end":{"line":249,"column":43}},"71":{"start":{"line":250,"column":23},"end":{"line":250,"column":47}},"72":{"start":{"line":251,"column":8},"end":{"line":257,"column":41}},"73":{"start":{"line":262,"column":26},"end":{"line":262,"column":77}},"74":{"start":{"line":263,"column":21},"end":{"line":263,"column":67}},"75":{"start":{"line":264,"column":25},"end":{"line":264,"column":78}},"76":{"start":{"line":267,"column":31},"end":{"line":267,"column":118}},"77":{"start":{"line":269,"column":8},"end":{"line":274,"column":10}},"78":{"start":{"line":279,"column":23},"end":{"line":279,"column":42}},"79":{"start":{"line":280,"column":21},"end":{"line":283,"column":46}},"80":{"start":{"line":284,"column":8},"end":{"line":284,"column":105}},"81":{"start":{"line":288,"column":8},"end":{"line":288,"column":107}},"82":{"start":{"line":292,"column":26},"end":{"line":292,"column":81}},"83":{"start":{"line":293,"column":8},"end":{"line":300,"column":9}},"84":{"start":{"line":294,"column":12},"end":{"line":299,"column":13}},"85":{"start":{"line":295,"column":16},"end":{"line":295,"column":67}},"86":{"start":{"line":297,"column":16},"end":{"line":297,"column":78}},"87":{"start":{"line":298,"column":16},"end":{"line":298,"column":39}},"88":{"start":{"line":301,"column":8},"end":{"line":301,"column":25}},"89":{"start":{"line":305,"column":8},"end":{"line":305,"column":62}},"90":{"start":{"line":310,"column":23},"end":{"line":310,"column":42}},"91":{"start":{"line":311,"column":23},"end":{"line":311,"column":47}},"92":{"start":{"line":312,"column":8},"end":{"line":323,"column":9}},"93":{"start":{"line":313,"column":12},"end":{"line":316,"column":50}},"94":{"start":{"line":317,"column":12},"end":{"line":317,"column":37}},"95":{"start":{"line":319,"column":12},"end":{"line":321,"column":13}},"96":{"start":{"line":320,"column":16},"end":{"line":320,"column":72}},"97":{"start":{"line":322,"column":12},"end":{"line":322,"column":20}},"98":{"start":{"line":327,"column":8},"end":{"line":327,"column":95}},"99":{"start":{"line":331,"column":20},"end":{"line":331,"column":74}},"100":{"start":{"line":332,"column":8},"end":{"line":338,"column":9}},"101":{"start":{"line":333,"column":12},"end":{"line":337,"column":13}},"102":{"start":{"line":334,"column":16},"end":{"line":334,"column":55}},"103":{"start":{"line":336,"column":16},"end":{"line":336,"column":33}},"104":{"start":{"line":339,"column":8},"end":{"line":339,"column":19}},"105":{"start":{"line":343,"column":8},"end":{"line":343,"column":61}},"106":{"start":{"line":348,"column":8},"end":{"line":348,"column":80}},"107":{"start":{"line":352,"column":8},"end":{"line":352,"column":69}},"108":{"start":{"line":356,"column":8},"end":{"line":359,"column":10}},"109":{"start":{"line":360,"column":8},"end":{"line":360,"column":63}},"110":{"start":{"line":364,"column":8},"end":{"line":367,"column":10}},"111":{"start":{"line":371,"column":8},"end":{"line":371,"column":69}},"112":{"start":{"line":376,"column":23},"end":{"line":376,"column":90}},"113":{"start":{"line":377,"column":8},"end":{"line":377,"column":44}},"114":{"start":{"line":381,"column":8},"end":{"line":384,"column":10}},"115":{"start":{"line":388,"column":26},"end":{"line":388,"column":60}},"116":{"start":{"line":389,"column":8},"end":{"line":389,"column":36}},"117":{"start":{"line":389,"column":24},"end":{"line":389,"column":36}},"118":{"start":{"line":390,"column":8},"end":{"line":390,"column":52}},"119":{"start":{"line":394,"column":8},"end":{"line":394,"column":65}},"120":{"start":{"line":399,"column":22},"end":{"line":402,"column":9}},"121":{"start":{"line":404,"column":8},"end":{"line":407,"column":9}},"122":{"start":{"line":405,"column":29},"end":{"line":405,"column":98}},"123":{"start":{"line":406,"column":12},"end":{"line":406,"column":58}},"124":{"start":{"line":409,"column":8},"end":{"line":409,"column":36}},"125":{"start":{"line":413,"column":8},"end":{"line":419,"column":20}},"126":{"start":{"line":423,"column":30},"end":{"line":423,"column":68}},"127":{"start":{"line":425,"column":8},"end":{"line":432,"column":44}},"128":{"start":{"line":434,"column":8},"end":{"line":437,"column":59}},"129":{"start":{"line":441,"column":23},"end":{"line":441,"column":24}},"130":{"start":{"line":442,"column":8},"end":{"line":447,"column":11}},"131":{"start":{"line":443,"column":12},"end":{"line":446,"column":13}},"132":{"start":{"line":444,"column":16},"end":{"line":444,"column":87}},"133":{"start":{"line":445,"column":16},"end":{"line":445,"column":27}},"134":{"start":{"line":448,"column":8},"end":{"line":448,"column":24}},"135":{"start":{"line":452,"column":20},"end":{"line":452,"column":89}},"136":{"start":{"line":453,"column":21},"end":{"line":453,"column":32}},"137":{"start":{"line":455,"column":8},"end":{"line":459,"column":9}},"138":{"start":{"line":456,"column":33},"end":{"line":456,"column":68}},"139":{"start":{"line":456,"column":54},"end":{"line":456,"column":57}},"140":{"start":{"line":457,"column":12},"end":{"line":457,"column":53}},"141":{"start":{"line":458,"column":12},"end":{"line":458,"column":47}},"142":{"start":{"line":461,"column":23},"end":{"line":461,"column":46}},"143":{"start":{"line":462,"column":23},"end":{"line":462,"column":24}},"144":{"start":{"line":464,"column":8},"end":{"line":478,"column":11}},"145":{"start":{"line":465,"column":30},"end":{"line":465,"column":74}},"146":{"start":{"line":466,"column":12},"end":{"line":470,"column":43}},"147":{"start":{"line":472,"column":12},"end":{"line":475,"column":76}},"148":{"start":{"line":477,"column":12},"end":{"line":477,"column":23}},"149":{"start":{"line":480,"column":8},"end":{"line":480,"column":24}},"150":{"start":{"line":484,"column":8},"end":{"line":491,"column":27}},"151":{"start":{"line":496,"column":23},"end":{"line":500,"column":46}},"152":{"start":{"line":502,"column":8},"end":{"line":502,"column":75}},"153":{"start":{"line":506,"column":31},"end":{"line":506,"column":47}},"154":{"start":{"line":507,"column":8},"end":{"line":513,"column":71}},"155":{"start":{"line":517,"column":8},"end":{"line":519,"column":18}},"156":{"start":{"line":523,"column":8},"end":{"line":526,"column":38}},"157":{"start":{"line":531,"column":67},"end":{"line":531,"column":79}},"158":{"start":{"line":532,"column":23},"end":{"line":532,"column":59}},"159":{"start":{"line":533,"column":23},"end":{"line":533,"column":54}},"160":{"start":{"line":534,"column":28},"end":{"line":534,"column":59}},"161":{"start":{"line":535,"column":22},"end":{"line":535,"column":55}},"162":{"start":{"line":537,"column":8},"end":{"line":537,"column":71}},"163":{"start":{"line":537,"column":21},"end":{"line":537,"column":71}},"164":{"start":{"line":539,"column":8},"end":{"line":546,"column":45}},"165":{"start":{"line":547,"column":8},"end":{"line":547,"column":33}},"166":{"start":{"line":551,"column":8},"end":{"line":551,"column":94}},"167":{"start":{"line":552,"column":8},"end":{"line":552,"column":33}},"168":{"start":{"line":556,"column":20},"end":{"line":556,"column":106}},"169":{"start":{"line":557,"column":8},"end":{"line":560,"column":9}},"170":{"start":{"line":558,"column":12},"end":{"line":559,"column":41}},"171":{"start":{"line":558,"column":18},"end":{"line":558,"column":65}},"172":{"start":{"line":559,"column":20},"end":{"line":559,"column":39}},"173":{"start":{"line":561,"column":8},"end":{"line":561,"column":19}},"174":{"start":{"line":565,"column":26},"end":{"line":565,"column":95}},"175":{"start":{"line":566,"column":8},"end":{"line":570,"column":11}},"176":{"start":{"line":567,"column":12},"end":{"line":568,"column":39}},"177":{"start":{"line":567,"column":18},"end":{"line":567,"column":85}},"178":{"start":{"line":568,"column":20},"end":{"line":568,"column":37}},"179":{"start":{"line":569,"column":12},"end":{"line":569,"column":21}},"180":{"start":{"line":574,"column":8},"end":{"line":574,"column":61}},"181":{"start":{"line":579,"column":8},"end":{"line":579,"column":115}},"182":{"start":{"line":583,"column":8},"end":{"line":583,"column":95}},"183":{"start":{"line":587,"column":8},"end":{"line":587,"column":71}},"184":{"start":{"line":592,"column":8},"end":{"line":592,"column":103}},"185":{"start":{"line":596,"column":8},"end":{"line":596,"column":50}},"186":{"start":{"line":596,"column":40},"end":{"line":596,"column":50}},"187":{"start":{"line":597,"column":29},"end":{"line":597,"column":58}},"188":{"start":{"line":597,"column":44},"end":{"line":597,"column":47}},"189":{"start":{"line":598,"column":8},"end":{"line":598,"column":124}},"190":{"start":{"line":602,"column":8},"end":{"line":605,"column":39}},"191":{"start":{"line":609,"column":0},"end":{"line":609,"column":39}}},"fnMap":{"0":{"name":"(anonymous_0)","decl":{"start":{"line":6,"column":4},"end":{"line":6,"column":15}},"loc":{"start":{"line":6,"column":18},"end":{"line":11,"column":5}},"line":6},"1":{"name":"(anonymous_1)","decl":{"start":{"line":13,"column":10},"end":{"line":13,"column":14}},"loc":{"start":{"line":13,"column":17},"end":{"line":44,"column":5}},"line":13},"2":{"name":"(anonymous_2)","decl":{"start":{"line":17,"column":24},"end":{"line":17,"column":25}},"loc":{"start":{"line":17,"column":33},"end":{"line":21,"column":9}},"line":17},"3":{"name":"(anonymous_3)","decl":{"start":{"line":46,"column":4},"end":{"line":46,"column":7}},"loc":{"start":{"line":46,"column":26},"end":{"line":52,"column":5}},"line":46},"4":{"name":"(anonymous_4)","decl":{"start":{"line":54,"column":4},"end":{"line":54,"column":7}},"loc":{"start":{"line":54,"column":26},"end":{"line":56,"column":5}},"line":54},"5":{"name":"(anonymous_5)","decl":{"start":{"line":58,"column":4},"end":{"line":58,"column":7}},"loc":{"start":{"line":58,"column":26},"end":{"line":60,"column":5}},"line":58},"6":{"name":"(anonymous_6)","decl":{"start":{"line":68,"column":4},"end":{"line":68,"column":17}},"loc":{"start":{"line":68,"column":28},"end":{"line":107,"column":5}},"line":68},"7":{"name":"(anonymous_7)","decl":{"start":{"line":73,"column":42},"end":{"line":73,"column":43}},"loc":{"start":{"line":73,"column":48},"end":{"line":73,"column":51}},"line":73},"8":{"name":"(anonymous_8)","decl":{"start":{"line":97,"column":47},"end":{"line":97,"column":48}},"loc":{"start":{"line":97,"column":59},"end":{"line":97,"column":82}},"line":97},"9":{"name":"(anonymous_9)","decl":{"start":{"line":98,"column":45},"end":{"line":98,"column":46}},"loc":{"start":{"line":98,"column":57},"end":{"line":98,"column":85}},"line":98},"10":{"name":"(anonymous_10)","decl":{"start":{"line":110,"column":4},"end":{"line":110,"column":19}},"loc":{"start":{"line":110,"column":22},"end":{"line":112,"column":5}},"line":110},"11":{"name":"(anonymous_11)","decl":{"start":{"line":114,"column":4},"end":{"line":114,"column":19}},"loc":{"start":{"line":114,"column":27},"end":{"line":120,"column":5}},"line":114},"12":{"name":"(anonymous_12)","decl":{"start":{"line":122,"column":4},"end":{"line":122,"column":22}},"loc":{"start":{"line":122,"column":30},"end":{"line":129,"column":5}},"line":122},"13":{"name":"(anonymous_13)","decl":{"start":{"line":124,"column":39},"end":{"line":124,"column":40}},"loc":{"start":{"line":124,"column":45},"end":{"line":124,"column":48}},"line":124},"14":{"name":"(anonymous_14)","decl":{"start":{"line":131,"column":4},"end":{"line":131,"column":18}},"loc":{"start":{"line":131,"column":60},"end":{"line":144,"column":5}},"line":131},"15":{"name":"(anonymous_15)","decl":{"start":{"line":147,"column":4},"end":{"line":147,"column":14}},"loc":{"start":{"line":147,"column":17},"end":{"line":149,"column":5}},"line":147},"16":{"name":"(anonymous_16)","decl":{"start":{"line":151,"column":4},"end":{"line":151,"column":14}},"loc":{"start":{"line":151,"column":22},"end":{"line":162,"column":5}},"line":151},"17":{"name":"(anonymous_17)","decl":{"start":{"line":164,"column":4},"end":{"line":164,"column":10}},"loc":{"start":{"line":164,"column":22},"end":{"line":166,"column":5}},"line":164},"18":{"name":"(anonymous_18)","decl":{"start":{"line":168,"column":4},"end":{"line":168,"column":13}},"loc":{"start":{"line":168,"column":79},"end":{"line":181,"column":5}},"line":168},"19":{"name":"(anonymous_19)","decl":{"start":{"line":184,"column":4},"end":{"line":184,"column":13}},"loc":{"start":{"line":184,"column":39},"end":{"line":192,"column":5}},"line":184},"20":{"name":"(anonymous_20)","decl":{"start":{"line":194,"column":4},"end":{"line":194,"column":21}},"loc":{"start":{"line":194,"column":47},"end":{"line":198,"column":5}},"line":194},"21":{"name":"(anonymous_21)","decl":{"start":{"line":200,"column":4},"end":{"line":200,"column":13}},"loc":{"start":{"line":200,"column":25},"end":{"line":205,"column":5}},"line":200},"22":{"name":"(anonymous_22)","decl":{"start":{"line":208,"column":4},"end":{"line":208,"column":21}},"loc":{"start":{"line":208,"column":33},"end":{"line":217,"column":5}},"line":208},"23":{"name":"(anonymous_23)","decl":{"start":{"line":219,"column":4},"end":{"line":219,"column":20}},"loc":{"start":{"line":219,"column":49},"end":{"line":225,"column":5}},"line":219},"24":{"name":"(anonymous_24)","decl":{"start":{"line":227,"column":4},"end":{"line":227,"column":24}},"loc":{"start":{"line":227,"column":41},"end":{"line":229,"column":5}},"line":227},"25":{"name":"(anonymous_25)","decl":{"start":{"line":231,"column":4},"end":{"line":231,"column":25}},"loc":{"start":{"line":231,"column":30},"end":{"line":233,"column":5}},"line":231},"26":{"name":"(anonymous_26)","decl":{"start":{"line":236,"column":4},"end":{"line":236,"column":18}},"loc":{"start":{"line":236,"column":21},"end":{"line":238,"column":5}},"line":236},"27":{"name":"(anonymous_27)","decl":{"start":{"line":240,"column":4},"end":{"line":240,"column":18}},"loc":{"start":{"line":240,"column":26},"end":{"line":246,"column":5}},"line":240},"28":{"name":"(anonymous_28)","decl":{"start":{"line":248,"column":4},"end":{"line":248,"column":17}},"loc":{"start":{"line":248,"column":49},"end":{"line":258,"column":5}},"line":248},"29":{"name":"(anonymous_29)","decl":{"start":{"line":261,"column":4},"end":{"line":261,"column":12}},"loc":{"start":{"line":261,"column":15},"end":{"line":275,"column":5}},"line":261},"30":{"name":"(anonymous_30)","decl":{"start":{"line":278,"column":4},"end":{"line":278,"column":17}},"loc":{"start":{"line":278,"column":38},"end":{"line":285,"column":5}},"line":278},"31":{"name":"(anonymous_31)","decl":{"start":{"line":287,"column":4},"end":{"line":287,"column":17}},"loc":{"start":{"line":287,"column":20},"end":{"line":289,"column":5}},"line":287},"32":{"name":"(anonymous_32)","decl":{"start":{"line":291,"column":4},"end":{"line":291,"column":16}},"loc":{"start":{"line":291,"column":21},"end":{"line":302,"column":5}},"line":291},"33":{"name":"(anonymous_33)","decl":{"start":{"line":304,"column":4},"end":{"line":304,"column":19}},"loc":{"start":{"line":304,"column":24},"end":{"line":306,"column":5}},"line":304},"34":{"name":"(anonymous_34)","decl":{"start":{"line":309,"column":4},"end":{"line":309,"column":16}},"loc":{"start":{"line":309,"column":41},"end":{"line":324,"column":5}},"line":309},"35":{"name":"(anonymous_35)","decl":{"start":{"line":326,"column":4},"end":{"line":326,"column":16}},"loc":{"start":{"line":326,"column":19},"end":{"line":328,"column":5}},"line":326},"36":{"name":"(anonymous_36)","decl":{"start":{"line":330,"column":4},"end":{"line":330,"column":15}},"loc":{"start":{"line":330,"column":20},"end":{"line":340,"column":5}},"line":330},"37":{"name":"(anonymous_37)","decl":{"start":{"line":342,"column":4},"end":{"line":342,"column":18}},"loc":{"start":{"line":342,"column":23},"end":{"line":344,"column":5}},"line":342},"38":{"name":"(anonymous_38)","decl":{"start":{"line":347,"column":4},"end":{"line":347,"column":18}},"loc":{"start":{"line":347,"column":21},"end":{"line":349,"column":5}},"line":347},"39":{"name":"(anonymous_39)","decl":{"start":{"line":351,"column":4},"end":{"line":351,"column":14}},"loc":{"start":{"line":351,"column":19},"end":{"line":353,"column":5}},"line":351},"40":{"name":"(anonymous_40)","decl":{"start":{"line":355,"column":4},"end":{"line":355,"column":17}},"loc":{"start":{"line":355,"column":44},"end":{"line":361,"column":5}},"line":355},"41":{"name":"(anonymous_41)","decl":{"start":{"line":363,"column":4},"end":{"line":363,"column":17}},"loc":{"start":{"line":363,"column":48},"end":{"line":368,"column":5}},"line":363},"42":{"name":"(anonymous_42)","decl":{"start":{"line":370,"column":4},"end":{"line":370,"column":17}},"loc":{"start":{"line":370,"column":22},"end":{"line":372,"column":5}},"line":370},"43":{"name":"(anonymous_43)","decl":{"start":{"line":375,"column":4},"end":{"line":375,"column":13}},"loc":{"start":{"line":375,"column":21},"end":{"line":378,"column":5}},"line":375},"44":{"name":"(anonymous_44)","decl":{"start":{"line":380,"column":4},"end":{"line":380,"column":13}},"loc":{"start":{"line":380,"column":28},"end":{"line":385,"column":5}},"line":380},"45":{"name":"(anonymous_45)","decl":{"start":{"line":387,"column":4},"end":{"line":387,"column":19}},"loc":{"start":{"line":387,"column":22},"end":{"line":391,"column":5}},"line":387},"46":{"name":"(anonymous_46)","decl":{"start":{"line":393,"column":4},"end":{"line":393,"column":19}},"loc":{"start":{"line":393,"column":31},"end":{"line":395,"column":5}},"line":393},"47":{"name":"(anonymous_47)","decl":{"start":{"line":398,"column":4},"end":{"line":398,"column":21}},"loc":{"start":{"line":398,"column":38},"end":{"line":410,"column":5}},"line":398},"48":{"name":"(anonymous_48)","decl":{"start":{"line":412,"column":4},"end":{"line":412,"column":25}},"loc":{"start":{"line":412,"column":37},"end":{"line":420,"column":5}},"line":412},"49":{"name":"(anonymous_49)","decl":{"start":{"line":422,"column":4},"end":{"line":422,"column":19}},"loc":{"start":{"line":422,"column":66},"end":{"line":438,"column":5}},"line":422},"50":{"name":"(anonymous_50)","decl":{"start":{"line":440,"column":4},"end":{"line":440,"column":25}},"loc":{"start":{"line":440,"column":73},"end":{"line":449,"column":5}},"line":440},"51":{"name":"(anonymous_51)","decl":{"start":{"line":442,"column":28},"end":{"line":442,"column":32}},"loc":{"start":{"line":442,"column":36},"end":{"line":447,"column":9}},"line":442},"52":{"name":"(anonymous_52)","decl":{"start":{"line":451,"column":4},"end":{"line":451,"column":19}},"loc":{"start":{"line":451,"column":62},"end":{"line":481,"column":5}},"line":451},"53":{"name":"(anonymous_53)","decl":{"start":{"line":456,"column":48},"end":{"line":456,"column":49}},"loc":{"start":{"line":456,"column":54},"end":{"line":456,"column":57}},"line":456},"54":{"name":"(anonymous_54)","decl":{"start":{"line":464,"column":23},"end":{"line":464,"column":27}},"loc":{"start":{"line":464,"column":31},"end":{"line":478,"column":9}},"line":464},"55":{"name":"(anonymous_55)","decl":{"start":{"line":483,"column":4},"end":{"line":483,"column":22}},"loc":{"start":{"line":483,"column":47},"end":{"line":492,"column":5}},"line":483},"56":{"name":"(anonymous_56)","decl":{"start":{"line":495,"column":4},"end":{"line":495,"column":18}},"loc":{"start":{"line":495,"column":57},"end":{"line":503,"column":5}},"line":495},"57":{"name":"(anonymous_57)","decl":{"start":{"line":505,"column":4},"end":{"line":505,"column":16}},"loc":{"start":{"line":505,"column":63},"end":{"line":514,"column":5}},"line":505},"58":{"name":"(anonymous_58)","decl":{"start":{"line":516,"column":4},"end":{"line":516,"column":23}},"loc":{"start":{"line":516,"column":33},"end":{"line":520,"column":5}},"line":516},"59":{"name":"(anonymous_59)","decl":{"start":{"line":522,"column":4},"end":{"line":522,"column":24}},"loc":{"start":{"line":522,"column":54},"end":{"line":527,"column":5}},"line":522},"60":{"name":"(anonymous_60)","decl":{"start":{"line":530,"column":4},"end":{"line":530,"column":22}},"loc":{"start":{"line":530,"column":37},"end":{"line":548,"column":5}},"line":530},"61":{"name":"(anonymous_61)","decl":{"start":{"line":550,"column":4},"end":{"line":550,"column":24}},"loc":{"start":{"line":550,"column":40},"end":{"line":553,"column":5}},"line":550},"62":{"name":"(anonymous_62)","decl":{"start":{"line":555,"column":4},"end":{"line":555,"column":21}},"loc":{"start":{"line":555,"column":36},"end":{"line":562,"column":5}},"line":555},"63":{"name":"(anonymous_63)","decl":{"start":{"line":564,"column":4},"end":{"line":564,"column":26}},"loc":{"start":{"line":564,"column":29},"end":{"line":571,"column":5}},"line":564},"64":{"name":"(anonymous_64)","decl":{"start":{"line":566,"column":29},"end":{"line":566,"column":30}},"loc":{"start":{"line":566,"column":34},"end":{"line":570,"column":9}},"line":566},"65":{"name":"(anonymous_65)","decl":{"start":{"line":573,"column":4},"end":{"line":573,"column":17}},"loc":{"start":{"line":573,"column":20},"end":{"line":575,"column":5}},"line":573},"66":{"name":"(anonymous_66)","decl":{"start":{"line":578,"column":4},"end":{"line":578,"column":25}},"loc":{"start":{"line":578,"column":28},"end":{"line":580,"column":5}},"line":578},"67":{"name":"(anonymous_67)","decl":{"start":{"line":582,"column":4},"end":{"line":582,"column":23}},"loc":{"start":{"line":582,"column":36},"end":{"line":584,"column":5}},"line":582},"68":{"name":"(anonymous_68)","decl":{"start":{"line":586,"column":4},"end":{"line":586,"column":31}},"loc":{"start":{"line":586,"column":40},"end":{"line":588,"column":5}},"line":586},"69":{"name":"(anonymous_69)","decl":{"start":{"line":591,"column":4},"end":{"line":591,"column":21}},"loc":{"start":{"line":591,"column":27},"end":{"line":593,"column":5}},"line":591},"70":{"name":"(anonymous_70)","decl":{"start":{"line":595,"column":4},"end":{"line":595,"column":25}},"loc":{"start":{"line":595,"column":32},"end":{"line":599,"column":5}},"line":595},"71":{"name":"(anonymous_71)","decl":{"start":{"line":597,"column":38},"end":{"line":597,"column":39}},"loc":{"start":{"line":597,"column":44},"end":{"line":597,"column":47}},"line":597},"72":{"name":"(anonymous_72)","decl":{"start":{"line":601,"column":4},"end":{"line":601,"column":25}},"loc":{"start":{"line":601,"column":56},"end":{"line":606,"column":5}},"line":601}},"branchMap":{"0":{"loc":{"start":{"line":14,"column":8},"end":{"line":14,"column":37}},"type":"if","locations":[{"start":{"line":14,"column":8},"end":{"line":14,"column":37}},{"start":{},"end":{}}],"line":14},"1":{"loc":{"start":{"line":18,"column":12},"end":{"line":18,"column":52}},"type":"if","locations":[{"start":{"line":18,"column":12},"end":{"line":18,"column":52}},{"start":{},"end":{}}],"line":18},"2":{"loc":{"start":{"line":32,"column":12},"end":{"line":37,"column":13}},"type":"if","locations":[{"start":{"line":32,"column":12},"end":{"line":37,"column":13}},{"start":{"line":35,"column":19},"end":{"line":37,"column":13}}],"line":32},"3":{"loc":{"start":{"line":46,"column":13},"end":{"line":46,"column":24}},"type":"default-arg","locations":[{"start":{"line":46,"column":22},"end":{"line":46,"column":24}}],"line":46},"4":{"loc":{"start":{"line":54,"column":13},"end":{"line":54,"column":24}},"type":"default-arg","locations":[{"start":{"line":54,"column":22},"end":{"line":54,"column":24}}],"line":54},"5":{"loc":{"start":{"line":58,"column":13},"end":{"line":58,"column":24}},"type":"default-arg","locations":[{"start":{"line":58,"column":22},"end":{"line":58,"column":24}}],"line":58},"6":{"loc":{"start":{"line":69,"column":8},"end":{"line":71,"column":9}},"type":"if","locations":[{"start":{"line":69,"column":8},"end":{"line":71,"column":9}},{"start":{},"end":{}}],"line":69},"7":{"loc":{"start":{"line":69,"column":12},"end":{"line":69,"column":46}},"type":"binary-expr","locations":[{"start":{"line":69,"column":12},"end":{"line":69,"column":21}},{"start":{"line":69,"column":25},"end":{"line":69,"column":46}}],"line":69},"8":{"loc":{"start":{"line":97,"column":66},"end":{"line":97,"column":81}},"type":"binary-expr","locations":[{"start":{"line":97,"column":66},"end":{"line":97,"column":76}},{"start":{"line":97,"column":80},"end":{"line":97,"column":81}}],"line":97},"9":{"loc":{"start":{"line":98,"column":64},"end":{"line":98,"column":84}},"type":"binary-expr","locations":[{"start":{"line":98,"column":64},"end":{"line":98,"column":79}},{"start":{"line":98,"column":83},"end":{"line":98,"column":84}}],"line":98},"10":{"loc":{"start":{"line":123,"column":8},"end":{"line":123,"column":52}},"type":"if","locations":[{"start":{"line":123,"column":8},"end":{"line":123,"column":52}},{"start":{},"end":{}}],"line":123},"11":{"loc":{"start":{"line":123,"column":12},"end":{"line":123,"column":40}},"type":"binary-expr","locations":[{"start":{"line":123,"column":12},"end":{"line":123,"column":18}},{"start":{"line":123,"column":22},"end":{"line":123,"column":40}}],"line":123},"12":{"loc":{"start":{"line":143,"column":25},"end":{"line":143,"column":37}},"type":"binary-expr","locations":[{"start":{"line":143,"column":25},"end":{"line":143,"column":29}},{"start":{"line":143,"column":33},"end":{"line":143,"column":37}}],"line":143},"13":{"loc":{"start":{"line":143,"column":39},"end":{"line":143,"column":58}},"type":"binary-expr","locations":[{"start":{"line":143,"column":39},"end":{"line":143,"column":53}},{"start":{"line":143,"column":57},"end":{"line":143,"column":58}}],"line":143},"14":{"loc":{"start":{"line":168,"column":39},"end":{"line":168,"column":59}},"type":"default-arg","locations":[{"start":{"line":168,"column":55},"end":{"line":168,"column":59}}],"line":168},"15":{"loc":{"start":{"line":168,"column":61},"end":{"line":168,"column":77}},"type":"default-arg","locations":[{"start":{"line":168,"column":76},"end":{"line":168,"column":77}}],"line":168},"16":{"loc":{"start":{"line":224,"column":24},"end":{"line":224,"column":39}},"type":"binary-expr","locations":[{"start":{"line":224,"column":24},"end":{"line":224,"column":34}},{"start":{"line":224,"column":38},"end":{"line":224,"column":39}}],"line":224},"17":{"loc":{"start":{"line":257,"column":23},"end":{"line":257,"column":38}},"type":"binary-expr","locations":[{"start":{"line":257,"column":23},"end":{"line":257,"column":33}},{"start":{"line":257,"column":37},"end":{"line":257,"column":38}}],"line":257},"18":{"loc":{"start":{"line":270,"column":23},"end":{"line":270,"column":44}},"type":"binary-expr","locations":[{"start":{"line":270,"column":23},"end":{"line":270,"column":39}},{"start":{"line":270,"column":43},"end":{"line":270,"column":44}}],"line":270},"19":{"loc":{"start":{"line":271,"column":18},"end":{"line":271,"column":34}},"type":"binary-expr","locations":[{"start":{"line":271,"column":18},"end":{"line":271,"column":29}},{"start":{"line":271,"column":33},"end":{"line":271,"column":34}}],"line":271},"20":{"loc":{"start":{"line":272,"column":22},"end":{"line":272,"column":42}},"type":"binary-expr","locations":[{"start":{"line":272,"column":22},"end":{"line":272,"column":37}},{"start":{"line":272,"column":41},"end":{"line":272,"column":42}}],"line":272},"21":{"loc":{"start":{"line":273,"column":28},"end":{"line":273,"column":54}},"type":"binary-expr","locations":[{"start":{"line":273,"column":28},"end":{"line":273,"column":49}},{"start":{"line":273,"column":53},"end":{"line":273,"column":54}}],"line":273},"22":{"loc":{"start":{"line":293,"column":8},"end":{"line":300,"column":9}},"type":"if","locations":[{"start":{"line":293,"column":8},"end":{"line":300,"column":9}},{"start":{},"end":{}}],"line":293},"23":{"loc":{"start":{"line":319,"column":12},"end":{"line":321,"column":13}},"type":"if","locations":[{"start":{"line":319,"column":12},"end":{"line":321,"column":13}},{"start":{},"end":{}}],"line":319},"24":{"loc":{"start":{"line":332,"column":8},"end":{"line":338,"column":9}},"type":"if","locations":[{"start":{"line":332,"column":8},"end":{"line":338,"column":9}},{"start":{},"end":{}}],"line":332},"25":{"loc":{"start":{"line":377,"column":15},"end":{"line":377,"column":43}},"type":"cond-expr","locations":[{"start":{"line":377,"column":24},"end":{"line":377,"column":36}},{"start":{"line":377,"column":39},"end":{"line":377,"column":43}}],"line":377},"26":{"loc":{"start":{"line":389,"column":8},"end":{"line":389,"column":36}},"type":"if","locations":[{"start":{"line":389,"column":8},"end":{"line":389,"column":36}},{"start":{},"end":{}}],"line":389},"27":{"loc":{"start":{"line":404,"column":8},"end":{"line":407,"column":9}},"type":"if","locations":[{"start":{"line":404,"column":8},"end":{"line":407,"column":9}},{"start":{},"end":{}}],"line":404},"28":{"loc":{"start":{"line":406,"column":19},"end":{"line":406,"column":57}},"type":"cond-expr","locations":[{"start":{"line":406,"column":30},"end":{"line":406,"column":53}},{"start":{"line":406,"column":56},"end":{"line":406,"column":57}}],"line":406},"29":{"loc":{"start":{"line":422,"column":47},"end":{"line":422,"column":64}},"type":"default-arg","locations":[{"start":{"line":422,"column":56},"end":{"line":422,"column":64}}],"line":422},"30":{"loc":{"start":{"line":440,"column":50},"end":{"line":440,"column":71}},"type":"default-arg","locations":[{"start":{"line":440,"column":59},"end":{"line":440,"column":71}}],"line":440},"31":{"loc":{"start":{"line":443,"column":12},"end":{"line":446,"column":13}},"type":"if","locations":[{"start":{"line":443,"column":12},"end":{"line":446,"column":13}},{"start":{},"end":{}}],"line":443},"32":{"loc":{"start":{"line":443,"column":16},"end":{"line":443,"column":61}},"type":"binary-expr","locations":[{"start":{"line":443,"column":16},"end":{"line":443,"column":24}},{"start":{"line":443,"column":28},"end":{"line":443,"column":61}}],"line":443},"33":{"loc":{"start":{"line":451,"column":43},"end":{"line":451,"column":60}},"type":"default-arg","locations":[{"start":{"line":451,"column":56},"end":{"line":451,"column":60}}],"line":451},"34":{"loc":{"start":{"line":455,"column":8},"end":{"line":459,"column":9}},"type":"if","locations":[{"start":{"line":455,"column":8},"end":{"line":459,"column":9}},{"start":{},"end":{}}],"line":455},"35":{"loc":{"start":{"line":455,"column":12},"end":{"line":455,"column":47}},"type":"binary-expr","locations":[{"start":{"line":455,"column":12},"end":{"line":455,"column":22}},{"start":{"line":455,"column":26},"end":{"line":455,"column":47}}],"line":455},"36":{"loc":{"start":{"line":483,"column":34},"end":{"line":483,"column":45}},"type":"default-arg","locations":[{"start":{"line":483,"column":42},"end":{"line":483,"column":45}}],"line":483},"37":{"loc":{"start":{"line":502,"column":15},"end":{"line":502,"column":74}},"type":"cond-expr","locations":[{"start":{"line":502,"column":25},"end":{"line":502,"column":66}},{"start":{"line":502,"column":70},"end":{"line":502,"column":74}}],"line":502},"38":{"loc":{"start":{"line":502,"column":25},"end":{"line":502,"column":66}},"type":"binary-expr","locations":[{"start":{"line":502,"column":25},"end":{"line":502,"column":47}},{"start":{"line":502,"column":51},"end":{"line":502,"column":66}}],"line":502},"39":{"loc":{"start":{"line":532,"column":23},"end":{"line":532,"column":59}},"type":"binary-expr","locations":[{"start":{"line":532,"column":23},"end":{"line":532,"column":51}},{"start":{"line":532,"column":55},"end":{"line":532,"column":59}}],"line":532},"40":{"loc":{"start":{"line":533,"column":23},"end":{"line":533,"column":54}},"type":"binary-expr","locations":[{"start":{"line":533,"column":23},"end":{"line":533,"column":46}},{"start":{"line":533,"column":50},"end":{"line":533,"column":54}}],"line":533},"41":{"loc":{"start":{"line":534,"column":43},"end":{"line":534,"column":58}},"type":"binary-expr","locations":[{"start":{"line":534,"column":43},"end":{"line":534,"column":52}},{"start":{"line":534,"column":56},"end":{"line":534,"column":58}}],"line":534},"42":{"loc":{"start":{"line":535,"column":22},"end":{"line":535,"column":55}},"type":"binary-expr","locations":[{"start":{"line":535,"column":22},"end":{"line":535,"column":47}},{"start":{"line":535,"column":51},"end":{"line":535,"column":55}}],"line":535},"43":{"loc":{"start":{"line":537,"column":8},"end":{"line":537,"column":71}},"type":"if","locations":[{"start":{"line":537,"column":8},"end":{"line":537,"column":71}},{"start":{},"end":{}}],"line":537},"44":{"loc":{"start":{"line":557,"column":8},"end":{"line":560,"column":9}},"type":"if","locations":[{"start":{"line":557,"column":8},"end":{"line":560,"column":9}},{"start":{},"end":{}}],"line":557},"45":{"loc":{"start":{"line":567,"column":32},"end":{"line":567,"column":84}},"type":"cond-expr","locations":[{"start":{"line":567,"column":51},"end":{"line":567,"column":79}},{"start":{"line":567,"column":82},"end":{"line":567,"column":84}}],"line":567},"46":{"loc":{"start":{"line":596,"column":8},"end":{"line":596,"column":50}},"type":"if","locations":[{"start":{"line":596,"column":8},"end":{"line":596,"column":50}},{"start":{},"end":{}}],"line":596},"47":{"loc":{"start":{"line":596,"column":12},"end":{"line":596,"column":38}},"type":"binary-expr","locations":[{"start":{"line":596,"column":12},"end":{"line":596,"column":17}},{"start":{"line":596,"column":21},"end":{"line":596,"column":38}}],"line":596}},"s":{"0":0,"1":0,"2":0,"3":0,"4":0,"5":0,"6":0,"7":0,"8":0,"9":0,"10":0,"11":0,"12":0,"13":0,"14":0,"15":0,"16":0,"17":0,"18":0,"19":0,"20":0,"21":0,"22":0,"23":0,"24":0,"25":0,"26":0,"27":0,"28":0,"29":0,"30":0,"31":0,"32":0,"33":0,"34":0,"35":0,"36":0,"37":0,"38":0,"39":0,"40":0,"41":0,"42":0,"43":0,"44":0,"45":0,"46":0,"47":0,"48":0,"49":0,"50":0,"51":0,"52":0,"53":0,"54":0,"55":0,"56":0,"57":0,"58":0,"59":0,"60":0,"61":0,"62":0,"63":0,"64":0,"65":0,"66":0,"67":0,"68":0,"69":0,"70":0,"71":0,"72":0,"73":0,"74":0,"75":0,"76":0,"77":0,"78":0,"79":0,"80":0,"81":0,"82":0,"83":0,"84":0,"85":0,"86":0,"87":0,"88":0,"89":0,"90":0,"91":0,"92":0,"93":0,"94":0,"95":0,"96":0,"97":0,"98":0,"99":0,"100":0,"101":0,"102":0,"103":0,"104":0,"105":0,"106":0,"107":0,"108":0,"109":0,"110":0,"111":0,"112":0,"113":0,"114":0,"115":0,"116":0,"117":0,"118":0,"119":0,"120":0,"121":0,"122":0,"123":0,"124":0,"125":0,"126":0,"127":0,"128":0,"129":0,"130":0,"131":0,"132":0,"133":0,"134":0,"135":0,"136":0,"137":0,"138":0,"139":0,"140":0,"141":0,"142":0,"143":0,"144":0,"145":0,"146":0,"147":0,"148":0,"149":0,"150":0,"151":0,"152":0,"153":0,"154":0,"155":0,"156":0,"157":0,"158":0,"159":0,"160":0,"161":0,"162":0,"163":0,"164":0,"165":0,"166":0,"167":0,"168":0,"169":0,"170":0,"171":0,"172":0,"173":0,"174":0,"175":0,"176":0,"177":0,"178":0,"179":0,"180":0,"181":0,"182":0,"183":0,"184":0,"185":0,"186":0,"187":0,"188":0,"189":0,"190":0,"191":0},"f":{"0":0,"1":0,"2":0,"3":0,"4":0,"5":0,"6":0,"7":0,"8":0,"9":0,"10":0,"11":0,"12":0,"13":0,"14":0,"15":0,"16":0,"17":0,"18":0,"19":0,"20":0,"21":0,"22":0,"23":0,"24":0,"25":0,"26":0,"27":0,"28":0,"29":0,"30":0,"31":0,"32":0,"33":0,"34":0,"35":0,"36":0,"37":0,"38":0,"39":0,"40":0,"41":0,"42":0,"43":0,"44":0,"45":0,"46":0,"47":0,"48":0,"49":0,"50":0,"51":0,"52":0,"53":0,"54":0,"55":0,"56":0,"57":0,"58":0,"59":0,"60":0,"61":0,"62":0,"63":0,"64":0,"65":0,"66":0,"67":0,"68":0,"69":0,"70":0,"71":0,"72":0},"b":{"0":[0,0],"1":[0,0],"2":[0,0],"3":[0],"4":[0],"5":[0],"6":[0,0],"7":[0,0],"8":[0,0],"9":[0,0],"10":[0,0],"11":[0,0],"12":[0,0],"13":[0,0],"14":[0],"15":[0],"16":[0,0],"17":[0,0],"18":[0,0],"19":[0,0],"20":[0,0],"21":[0,0],"22":[0,0],"23":[0,0],"24":[0,0],"25":[0,0],"26":[0,0],"27":[0,0],"28":[0,0],"29":[0],"30":[0],"31":[0,0],"32":[0,0],"33":[0],"34":[0,0],"35":[0,0],"36":[0],"37":[0,0],"38":[0,0],"39":[0,0],"40":[0,0],"41":[0,0],"42":[0,0],"43":[0,0],"44":[0,0],"45":[0,0],"46":[0,0],"47":[0,0]},"meta":{"lastBranch":48,"lastFunction":73,"lastStatement":192,"seen":{"s:1:17:1:42":0,"s:2:13:2:28":1,"s:3:11:3:24":2,"f:6:4:6:15":0,"s:7:8:7:23":3,"s:9:8:9:63":4,"s:10:8:10:33":5,"f:13:10:13:14":1,"b:14:8:14:37:undefined:undefined:undefined:undefined":0,"s:14:8:14:37":6,"s:14:30:14:37":7,"s:17:8:21:10":8,"f:17:24:17:25":2,"b:18:12:18:52:undefined:undefined:undefined:undefined":1,"s:18:12:18:52":9,"s:18:41:18:52":10,"s:20:12:20:62":11,"s:23:8:43:9":12,"s:24:12:24:48":13,"s:27:12:27:49":14,"s:28:12:28:51":15,"s:31:31:31:71":16,"b:32:12:37:13:35:19:37:13":2,"s:32:12:37:13":17,"s:33:31:33:67":18,"s:34:16:34:37":19,"s:36:16:36:70":20,"s:39:12:39:36":21,"s:41:12:41:65":22,"s:42:12:42:22":23,"f:46:4:46:7":3,"b:46:22:46:24":3,"s:47:21:47:53":24,"s:48:8:51:10":25,"f:54:4:54:7":4,"b:54:22:54:24":4,"s:55:8:55:48":26,"f:58:4:58:7":5,"b:58:22:58:24":5,"s:59:8:59:48":27,"f:68:4:68:17":6,"b:69:8:71:9:undefined:undefined:undefined:undefined":6,"s:69:8:71:9":28,"b:69:12:69:21:69:25:69:46":7,"s:70:12:70:87":29,"s:73:29:73:62":30,"f:73:42:73:43":7,"s:73:48:73:51":31,"s:76:26:89:16":32,"s:92:25:95:16":33,"s:97:30:97:86":34,"f:97:47:97:48":8,"s:97:59:97:82":35,"b:97:66:97:76:97:80:97:81":8,"s:98:29:98:89":36,"f:98:45:98:46":9,"s:98:57:98:85":37,"b:98:64:98:79:98:83:98:84":9,"s:100:8:106:10":38,"f:110:4:110:19":10,"s:111:8:111:74":39,"f:114:4:114:19":11,"s:115:8:119:37":40,"f:122:4:122:22":12,"b:123:8:123:52:undefined:undefined:undefined:undefined":10,"s:123:8:123:52":41,"b:123:12:123:18:123:22:123:40":11,"s:123:42:123:52":42,"s:124:29:124:59":43,"f:124:39:124:40":13,"s:124:45:124:48":44,"s:125:8:128:14":45,"f:131:4:131:18":14,"s:132:22:132:40":46,"s:133:23:133:47":47,"s:134:21:134:43":48,"s:136:8:143:61":49,"b:143:25:143:29:143:33:143:37":12,"b:143:39:143:53:143:57:143:58":13,"f:147:4:147:14":15,"s:148:8:148:66":50,"f:151:4:151:14":16,"s:152:8:161:65":51,"f:164:4:164:10":17,"s:165:8:165:80":52,"f:168:4:168:13":18,"b:168:55:168:59":14,"b:168:76:168:77":15,"s:169:23:169:47":53,"s:170:23:170:50":54,"s:171:24:171:52":55,"s:173:8:180:48":56,"f:184:4:184:13":19,"s:185:23:185:47":57,"s:186:23:186:50":58,"s:187:8:190:25":59,"s:191:8:191:35":60,"f:194:4:194:21":20,"s:195:8:197:64":61,"f:200:4:200:13":21,"s:202:8:202:81":62,"s:204:8:204:78":63,"f:208:4:208:21":22,"s:209:8:216:20":64,"f:219:4:219:20":23,"s:220:8:224:42":65,"b:224:24:224:34:224:38:224:39":16,"f:227:4:227:24":24,"s:228:8:228:99":66,"f:231:4:231:25":25,"s:232:8:232:73":67,"f:236:4:236:18":26,"s:237:8:237:69":68,"f:240:4:240:18":27,"s:241:8:245:37":69,"f:248:4:248:17":28,"s:249:22:249:43":70,"s:250:23:250:47":71,"s:251:8:257:41":72,"b:257:23:257:33:257:37:257:38":17,"f:261:4:261:12":29,"s:262:26:262:77":73,"s:263:21:263:67":74,"s:264:25:264:78":75,"s:267:31:267:118":76,"s:269:8:274:10":77,"b:270:23:270:39:270:43:270:44":18,"b:271:18:271:29:271:33:271:34":19,"b:272:22:272:37:272:41:272:42":20,"b:273:28:273:49:273:53:273:54":21,"f:278:4:278:17":30,"s:279:23:279:42":78,"s:280:21:283:46":79,"s:284:8:284:105":80,"f:287:4:287:17":31,"s:288:8:288:107":81,"f:291:4:291:16":32,"s:292:26:292:81":82,"b:293:8:300:9:undefined:undefined:undefined:undefined":22,"s:293:8:300:9":83,"s:294:12:299:13":84,"s:295:16:295:67":85,"s:297:16:297:78":86,"s:298:16:298:39":87,"s:301:8:301:25":88,"f:304:4:304:19":33,"s:305:8:305:62":89,"f:309:4:309:16":34,"s:310:23:310:42":90,"s:311:23:311:47":91,"s:312:8:323:9":92,"s:313:12:316:50":93,"s:317:12:317:37":94,"b:319:12:321:13:undefined:undefined:undefined:undefined":23,"s:319:12:321:13":95,"s:320:16:320:72":96,"s:322:12:322:20":97,"f:326:4:326:16":35,"s:327:8:327:95":98,"f:330:4:330:15":36,"s:331:20:331:74":99,"b:332:8:338:9:undefined:undefined:undefined:undefined":24,"s:332:8:338:9":100,"s:333:12:337:13":101,"s:334:16:334:55":102,"s:336:16:336:33":103,"s:339:8:339:19":104,"f:342:4:342:18":37,"s:343:8:343:61":105,"f:347:4:347:18":38,"s:348:8:348:80":106,"f:351:4:351:14":39,"s:352:8:352:69":107,"f:355:4:355:17":40,"s:356:8:359:10":108,"s:360:8:360:63":109,"f:363:4:363:17":41,"s:364:8:367:10":110,"f:370:4:370:17":42,"s:371:8:371:69":111,"f:375:4:375:13":43,"s:376:23:376:90":112,"s:377:8:377:44":113,"b:377:24:377:36:377:39:377:43":25,"f:380:4:380:13":44,"s:381:8:384:10":114,"f:387:4:387:19":45,"s:388:26:388:60":115,"b:389:8:389:36:undefined:undefined:undefined:undefined":26,"s:389:8:389:36":116,"s:389:24:389:36":117,"s:390:8:390:52":118,"f:393:4:393:19":46,"s:394:8:394:65":119,"f:398:4:398:21":47,"s:399:22:402:9":120,"b:404:8:407:9:undefined:undefined:undefined:undefined":27,"s:404:8:407:9":121,"s:405:29:405:98":122,"s:406:12:406:58":123,"b:406:30:406:53:406:56:406:57":28,"s:409:8:409:36":124,"f:412:4:412:25":48,"s:413:8:419:20":125,"f:422:4:422:19":49,"b:422:56:422:64":29,"s:423:30:423:68":126,"s:425:8:432:44":127,"s:434:8:437:59":128,"f:440:4:440:25":50,"b:440:59:440:71":30,"s:441:23:441:24":129,"s:442:8:447:11":130,"f:442:28:442:32":51,"b:443:12:446:13:undefined:undefined:undefined:undefined":31,"s:443:12:446:13":131,"b:443:16:443:24:443:28:443:61":32,"s:444:16:444:87":132,"s:445:16:445:27":133,"s:448:8:448:24":134,"f:451:4:451:19":52,"b:451:56:451:60":33,"s:452:20:452:89":135,"s:453:21:453:32":136,"b:455:8:459:9:undefined:undefined:undefined:undefined":34,"s:455:8:459:9":137,"b:455:12:455:22:455:26:455:47":35,"s:456:33:456:68":138,"f:456:48:456:49":53,"s:456:54:456:57":139,"s:457:12:457:53":140,"s:458:12:458:47":141,"s:461:23:461:46":142,"s:462:23:462:24":143,"s:464:8:478:11":144,"f:464:23:464:27":54,"s:465:30:465:74":145,"s:466:12:470:43":146,"s:472:12:475:76":147,"s:477:12:477:23":148,"s:480:8:480:24":149,"f:483:4:483:22":55,"b:483:42:483:45":36,"s:484:8:491:27":150,"f:495:4:495:18":56,"s:496:23:500:46":151,"s:502:8:502:75":152,"b:502:25:502:66:502:70:502:74":37,"b:502:25:502:47:502:51:502:66":38,"f:505:4:505:16":57,"s:506:31:506:47":153,"s:507:8:513:71":154,"f:516:4:516:23":58,"s:517:8:519:18":155,"f:522:4:522:24":59,"s:523:8:526:38":156,"f:530:4:530:22":60,"s:531:67:531:79":157,"s:532:23:532:59":158,"b:532:23:532:51:532:55:532:59":39,"s:533:23:533:54":159,"b:533:23:533:46:533:50:533:54":40,"s:534:28:534:59":160,"b:534:43:534:52:534:56:534:58":41,"s:535:22:535:55":161,"b:535:22:535:47:535:51:535:55":42,"b:537:8:537:71:undefined:undefined:undefined:undefined":43,"s:537:8:537:71":162,"s:537:21:537:71":163,"s:539:8:546:45":164,"s:547:8:547:33":165,"f:550:4:550:24":61,"s:551:8:551:94":166,"s:552:8:552:33":167,"f:555:4:555:21":62,"s:556:20:556:106":168,"b:557:8:560:9:undefined:undefined:undefined:undefined":44,"s:557:8:560:9":169,"s:558:12:559:41":170,"s:558:18:558:65":171,"s:559:20:559:39":172,"s:561:8:561:19":173,"f:564:4:564:26":63,"s:565:26:565:95":174,"s:566:8:570:11":175,"f:566:29:566:30":64,"s:567:12:568:39":176,"s:567:18:567:85":177,"b:567:51:567:79:567:82:567:84":45,"s:568:20:568:37":178,"s:569:12:569:21":179,"f:573:4:573:17":65,"s:574:8:574:61":180,"f:578:4:578:25":66,"s:579:8:579:115":181,"f:582:4:582:23":67,"s:583:8:583:95":182,"f:586:4:586:31":68,"s:587:8:587:71":183,"f:591:4:591:21":69,"s:592:8:592:103":184,"f:595:4:595:25":70,"b:596:8:596:50:undefined:undefined:undefined:undefined":46,"s:596:8:596:50":185,"b:596:12:596:17:596:21:596:38":47,"s:596:40:596:50":186,"s:597:29:597:58":187,"f:597:38:597:39":71,"s:597:44:597:47":188,"s:598:8:598:124":189,"f:601:4:601:25":72,"s:602:8:605:39":190,"s:609:0:609:39":191}}}
,"C:\\Users\\jonat\\OneDrive - IM3 Brasil\\utils\\myworld\\cqt_light\\frontend\\src\\App.jsx": {"path":"C:\\Users\\jonat\\OneDrive - IM3 Brasil\\utils\\myworld\\cqt_light\\frontend\\src\\App.jsx","statementMap":{"0":{"start":{"line":5,"column":6},"end":{"line":5,"column":null}},"1":{"start":{"line":5,"column":36},"end":{"line":5,"column":null}},"2":{"start":{"line":6,"column":6},"end":{"line":6,"column":null}},"3":{"start":{"line":6,"column":32},"end":{"line":6,"column":null}},"4":{"start":{"line":7,"column":6},"end":{"line":7,"column":null}},"5":{"start":{"line":7,"column":35},"end":{"line":7,"column":null}},"6":{"start":{"line":8,"column":6},"end":{"line":8,"column":null}},"7":{"start":{"line":8,"column":29},"end":{"line":8,"column":null}},"8":{"start":{"line":9,"column":6},"end":{"line":9,"column":null}},"9":{"start":{"line":9,"column":32},"end":{"line":9,"column":null}},"10":{"start":{"line":10,"column":6},"end":{"line":10,"column":null}},"11":{"start":{"line":10,"column":33},"end":{"line":10,"column":null}},"12":{"start":{"line":11,"column":6},"end":{"line":11,"column":null}},"13":{"start":{"line":11,"column":36},"end":{"line":11,"column":null}},"14":{"start":{"line":12,"column":6},"end":{"line":12,"column":null}},"15":{"start":{"line":12,"column":29},"end":{"line":12,"column":null}},"16":{"start":{"line":15,"column":32},"end":{"line":15,"column":null}},"17":{"start":{"line":16,"column":28},"end":{"line":16,"column":null}},"18":{"start":{"line":17,"column":24},"end":{"line":17,"column":null}},"19":{"start":{"line":18,"column":36},"end":{"line":18,"column":null}},"20":{"start":{"line":20,"column":2},"end":{"line":40,"column":null}},"21":{"start":{"line":21,"column":4},"end":{"line":21,"column":null}},"22":{"start":{"line":24,"column":26},"end":{"line":36,"column":null}},"23":{"start":{"line":25,"column":6},"end":{"line":35,"column":null}},"24":{"start":{"line":26,"column":8},"end":{"line":34,"column":null}},"25":{"start":{"line":27,"column":20},"end":{"line":27,"column":40}},"26":{"start":{"line":27,"column":40},"end":{"line":27,"column":70}},"27":{"start":{"line":27,"column":70},"end":{"line":27,"column":null}},"28":{"start":{"line":28,"column":20},"end":{"line":28,"column":40}},"29":{"start":{"line":28,"column":40},"end":{"line":28,"column":67}},"30":{"start":{"line":28,"column":67},"end":{"line":28,"column":null}},"31":{"start":{"line":29,"column":20},"end":{"line":29,"column":40}},"32":{"start":{"line":29,"column":40},"end":{"line":29,"column":62}},"33":{"start":{"line":29,"column":62},"end":{"line":29,"column":null}},"34":{"start":{"line":30,"column":20},"end":{"line":30,"column":40}},"35":{"start":{"line":30,"column":40},"end":{"line":30,"column":63}},"36":{"start":{"line":30,"column":63},"end":{"line":30,"column":null}},"37":{"start":{"line":31,"column":20},"end":{"line":31,"column":40}},"38":{"start":{"line":31,"column":40},"end":{"line":31,"column":61}},"39":{"start":{"line":31,"column":61},"end":{"line":31,"column":null}},"40":{"start":{"line":32,"column":20},"end":{"line":32,"column":40}},"41":{"start":{"line":32,"column":40},"end":{"line":32,"column":67}},"42":{"start":{"line":32,"column":67},"end":{"line":32,"column":null}},"43":{"start":{"line":33,"column":20},"end":{"line":33,"column":40}},"44":{"start":{"line":33,"column":40},"end":{"line":33,"column":65}},"45":{"start":{"line":33,"column":65},"end":{"line":33,"column":null}},"46":{"start":{"line":38,"column":4},"end":{"line":38,"column":null}},"47":{"start":{"line":39,"column":4},"end":{"line":39,"column":null}},"48":{"start":{"line":39,"column":17},"end":{"line":39,"column":null}},"49":{"start":{"line":42,"column":20},"end":{"line":46,"column":null}},"50":{"start":{"line":43,"column":4},"end":{"line":43,"column":null}},"51":{"start":{"line":43,"column":21},"end":{"line":43,"column":null}},"52":{"start":{"line":44,"column":17},"end":{"line":44,"column":null}},"53":{"start":{"line":45,"column":4},"end":{"line":45,"column":null}},"54":{"start":{"line":48,"column":15},"end":{"line":60,"column":null}},"55":{"start":{"line":62,"column":23},"end":{"line":62,"column":null}},"56":{"start":{"line":62,"column":40},"end":{"line":62,"column":58}},"57":{"start":{"line":64,"column":24},"end":{"line":76,"column":null}},"58":{"start":{"line":65,"column":4},"end":{"line":75,"column":null}},"59":{"start":{"line":66,"column":27},"end":{"line":66,"column":null}},"60":{"start":{"line":67,"column":24},"end":{"line":67,"column":null}},"61":{"start":{"line":68,"column":19},"end":{"line":68,"column":null}},"62":{"start":{"line":69,"column":20},"end":{"line":69,"column":null}},"63":{"start":{"line":70,"column":18},"end":{"line":70,"column":null}},"64":{"start":{"line":71,"column":24},"end":{"line":71,"column":null}},"65":{"start":{"line":72,"column":24},"end":{"line":72,"column":null}},"66":{"start":{"line":73,"column":22},"end":{"line":73,"column":null}},"67":{"start":{"line":74,"column":15},"end":{"line":74,"column":null}},"68":{"start":{"line":78,"column":2},"end":{"line":152,"column":null}},"69":{"start":{"line":88,"column":31},"end":{"line":88,"column":58}},"70":{"start":{"line":88,"column":58},"end":{"line":88,"column":88}},"71":{"start":{"line":94,"column":31},"end":{"line":94,"column":56}},"72":{"start":{"line":94,"column":56},"end":{"line":94,"column":83}},"73":{"start":{"line":106,"column":12},"end":{"line":121,"column":null}},"74":{"start":{"line":108,"column":29},"end":{"line":108,"column":null}}},"fnMap":{"0":{"name":"(anonymous_0)","decl":{"start":{"line":5,"column":30},"end":{"line":5,"column":36}},"loc":{"start":{"line":5,"column":36},"end":{"line":5,"column":null}},"line":5},"1":{"name":"(anonymous_1)","decl":{"start":{"line":6,"column":26},"end":{"line":6,"column":32}},"loc":{"start":{"line":6,"column":32},"end":{"line":6,"column":null}},"line":6},"2":{"name":"(anonymous_2)","decl":{"start":{"line":7,"column":29},"end":{"line":7,"column":35}},"loc":{"start":{"line":7,"column":35},"end":{"line":7,"column":null}},"line":7},"3":{"name":"(anonymous_3)","decl":{"start":{"line":8,"column":23},"end":{"line":8,"column":29}},"loc":{"start":{"line":8,"column":29},"end":{"line":8,"column":null}},"line":8},"4":{"name":"(anonymous_4)","decl":{"start":{"line":9,"column":26},"end":{"line":9,"column":32}},"loc":{"start":{"line":9,"column":32},"end":{"line":9,"column":null}},"line":9},"5":{"name":"(anonymous_5)","decl":{"start":{"line":10,"column":27},"end":{"line":10,"column":33}},"loc":{"start":{"line":10,"column":33},"end":{"line":10,"column":null}},"line":10},"6":{"name":"(anonymous_6)","decl":{"start":{"line":11,"column":30},"end":{"line":11,"column":36}},"loc":{"start":{"line":11,"column":36},"end":{"line":11,"column":null}},"line":11},"7":{"name":"(anonymous_7)","decl":{"start":{"line":12,"column":23},"end":{"line":12,"column":29}},"loc":{"start":{"line":12,"column":29},"end":{"line":12,"column":null}},"line":12},"8":{"name":"App","decl":{"start":{"line":14,"column":9},"end":{"line":14,"column":15}},"loc":{"start":{"line":14,"column":15},"end":{"line":154,"column":null}},"line":14},"9":{"name":"(anonymous_9)","decl":{"start":{"line":20,"column":12},"end":{"line":20,"column":18}},"loc":{"start":{"line":20,"column":18},"end":{"line":40,"column":5}},"line":20},"10":{"name":"(anonymous_10)","decl":{"start":{"line":24,"column":26},"end":{"line":24,"column":27}},"loc":{"start":{"line":24,"column":33},"end":{"line":36,"column":null}},"line":24},"11":{"name":"(anonymous_11)","decl":{"start":{"line":39,"column":11},"end":{"line":39,"column":17}},"loc":{"start":{"line":39,"column":17},"end":{"line":39,"column":null}},"line":39},"12":{"name":"(anonymous_12)","decl":{"start":{"line":42,"column":20},"end":{"line":42,"column":32}},"loc":{"start":{"line":42,"column":32},"end":{"line":46,"column":null}},"line":42},"13":{"name":"(anonymous_13)","decl":{"start":{"line":62,"column":35},"end":{"line":62,"column":40}},"loc":{"start":{"line":62,"column":40},"end":{"line":62,"column":58}},"line":62},"14":{"name":"(anonymous_14)","decl":{"start":{"line":64,"column":24},"end":{"line":64,"column":30}},"loc":{"start":{"line":64,"column":30},"end":{"line":76,"column":null}},"line":64},"15":{"name":"(anonymous_15)","decl":{"start":{"line":88,"column":23},"end":{"line":88,"column":29}},"loc":{"start":{"line":88,"column":29},"end":{"line":88,"column":null}},"line":88},"16":{"name":"(anonymous_16)","decl":{"start":{"line":94,"column":23},"end":{"line":94,"column":29}},"loc":{"start":{"line":94,"column":29},"end":{"line":94,"column":null}},"line":94},"17":{"name":"(anonymous_17)","decl":{"start":{"line":105,"column":28},"end":{"line":105,"column":null}},"loc":{"start":{"line":106,"column":12},"end":{"line":121,"column":null}},"line":106},"18":{"name":"(anonymous_18)","decl":{"start":{"line":108,"column":23},"end":{"line":108,"column":29}},"loc":{"start":{"line":108,"column":29},"end":{"line":108,"column":null}},"line":108}},"branchMap":{"0":{"loc":{"start":{"line":25,"column":6},"end":{"line":35,"column":null}},"type":"if","locations":[{"start":{"line":25,"column":6},"end":{"line":35,"column":null}},{"start":{},"end":{}}],"line":25},"1":{"loc":{"start":{"line":26,"column":8},"end":{"line":34,"column":null}},"type":"switch","locations":[{"start":{"line":27,"column":10},"end":{"line":27,"column":null}},{"start":{"line":28,"column":10},"end":{"line":28,"column":null}},{"start":{"line":29,"column":10},"end":{"line":29,"column":null}},{"start":{"line":30,"column":10},"end":{"line":30,"column":null}},{"start":{"line":31,"column":10},"end":{"line":31,"column":null}},{"start":{"line":32,"column":10},"end":{"line":32,"column":null}},{"start":{"line":33,"column":10},"end":{"line":33,"column":null}}],"line":26},"2":{"loc":{"start":{"line":43,"column":4},"end":{"line":43,"column":null}},"type":"if","locations":[{"start":{"line":43,"column":4},"end":{"line":43,"column":null}},{"start":{},"end":{}}],"line":43},"3":{"loc":{"start":{"line":45,"column":13},"end":{"line":45,"column":59}},"type":"binary-expr","locations":[{"start":{"line":45,"column":13},"end":{"line":45,"column":21}},{"start":{"line":45,"column":21},"end":{"line":45,"column":59}}],"line":45},"4":{"loc":{"start":{"line":65,"column":4},"end":{"line":75,"column":null}},"type":"switch","locations":[{"start":{"line":66,"column":6},"end":{"line":66,"column":null}},{"start":{"line":67,"column":6},"end":{"line":67,"column":null}},{"start":{"line":68,"column":6},"end":{"line":68,"column":null}},{"start":{"line":69,"column":6},"end":{"line":69,"column":null}},{"start":{"line":70,"column":6},"end":{"line":70,"column":null}},{"start":{"line":71,"column":6},"end":{"line":71,"column":null}},{"start":{"line":72,"column":6},"end":{"line":72,"column":null}},{"start":{"line":73,"column":6},"end":{"line":73,"column":null}},{"start":{"line":74,"column":6},"end":{"line":74,"column":null}}],"line":65},"5":{"loc":{"start":{"line":89,"column":84},"end":{"line":89,"column":184}},"type":"cond-expr","locations":[{"start":{"line":89,"column":112},"end":{"line":89,"column":149}},{"start":{"line":89,"column":149},"end":{"line":89,"column":184}}],"line":89},"6":{"loc":{"start":{"line":95,"column":84},"end":{"line":95,"column":184}},"type":"cond-expr","locations":[{"start":{"line":95,"column":110},"end":{"line":95,"column":149}},{"start":{"line":95,"column":149},"end":{"line":95,"column":184}}],"line":95},"7":{"loc":{"start":{"line":111,"column":108},"end":{"line":113,"column":null}},"type":"cond-expr","locations":[{"start":{"line":112,"column":18},"end":{"line":112,"column":null}},{"start":{"line":113,"column":18},"end":{"line":113,"column":null}}],"line":111},"8":{"loc":{"start":{"line":116,"column":15},"end":{"line":116,"column":null}},"type":"binary-expr","locations":[{"start":{"line":116,"column":15},"end":{"line":116,"column":27}},{"start":{"line":116,"column":27},"end":{"line":116,"column":null}}],"line":116},"9":{"loc":{"start":{"line":129,"column":13},"end":{"line":129,"column":null}},"type":"binary-expr","locations":[{"start":{"line":129,"column":13},"end":{"line":129,"column":50}},{"start":{"line":129,"column":50},"end":{"line":129,"column":null}}],"line":129},"10":{"loc":{"start":{"line":133,"column":13},"end":{"line":133,"column":null}},"type":"binary-expr","locations":[{"start":{"line":133,"column":13},"end":{"line":133,"column":45}},{"start":{"line":133,"column":45},"end":{"line":133,"column":null}}],"line":133},"11":{"loc":{"start":{"line":137,"column":13},"end":{"line":137,"column":null}},"type":"binary-expr","locations":[{"start":{"line":137,"column":13},"end":{"line":137,"c
[...]
,"C:\\Users\\jonat\\OneDrive - IM3 Brasil\\utils\\myworld\\cqt_light\\frontend\\src\\utils\\excelPriceParser.js": {"path":"C:\\Users\\jonat\\OneDrive - IM3 Brasil\\utils\\myworld\\cqt_light\\frontend\\src\\utils\\excelPriceParser.js","statementMap":{"0":{"start":{"line":9,"column":2},"end":{"line":154,"column":5}},"1":{"start":{"line":10,"column":19},"end":{"line":10,"column":35}},"2":{"start":{"line":12,"column":4},"end":{"line":150,"column":6}},"3":{"start":{"line":13,"column":6},"end":{"line":149,"column":7}},"4":{"start":{"line":14,"column":21},"end":{"line":14,"column":52}},"5":{"start":{"line":15,"column":25},"end":{"line":15,"column":59}},"6":{"start":{"line":18,"column":24},"end":{"line":26,"column":9}},"7":{"start":{"line":20,"column":26},"end":{"line":20,"column":44}},"8":{"start":{"line":21,"column":12},"end":{"line":24,"column":36}},"9":{"start":{"line":28,"column":8},"end":{"line":31,"column":9}},"10":{"start":{"line":29,"column":10},"end":{"line":29,"column":109}},"11":{"start":{"line":30,"column":10},"end":{"line":30,"column":45}},"12":{"start":{"line":33,"column":26},"end":{"line":33,"column":52}},"13":{"start":{"line":34,"column":25},"end":{"line":34,"column":104}},"14":{"start":{"line":36,"column":8},"end":{"line":39,"column":9}},"15":{"start":{"line":37,"column":10},"end":{"line":37,"column":59}},"16":{"start":{"line":38,"column":10},"end":{"line":38,"column":17}},"17":{"start":{"line":41,"column":8},"end":{"line":41,"column":92}},"18":{"start":{"line":44,"column":27},"end":{"line":48,"column":9}},"19":{"start":{"line":45,"column":10},"end":{"line":45,"column":33}},"20":{"start":{"line":45,"column":21},"end":{"line":45,"column":33}},"21":{"start":{"line":46,"column":24},"end":{"line":46,"column":58}},"22":{"start":{"line":47,"column":10},"end":{"line":47,"column":41}},"23":{"start":{"line":51,"column":28},"end":{"line":58,"column":9}},"24":{"start":{"line":52,"column":10},"end":{"line":52,"column":53}},"25":{"start":{"line":52,"column":40},"end":{"line":52,"column":53}},"26":{"start":{"line":53,"column":28},"end":{"line":53,"column":66}},"27":{"start":{"line":54,"column":10},"end":{"line":57,"column":44}},"28":{"start":{"line":61,"column":27},"end":{"line":68,"column":9}},"29":{"start":{"line":62,"column":24},"end":{"line":62,"column":50}},"30":{"start":{"line":63,"column":22},"end":{"line":63,"column":66}},"31":{"start":{"line":64,"column":10},"end":{"line":67,"column":14}},"32":{"start":{"line":64,"column":67},"end":{"line":67,"column":11}},"33":{"start":{"line":66,"column":40},"end":{"line":66,"column":59}},"34":{"start":{"line":71,"column":23},"end":{"line":71,"column":25}},"35":{"start":{"line":72,"column":26},"end":{"line":72,"column":28}},"36":{"start":{"line":73,"column":16},"end":{"line":73,"column":17}},"37":{"start":{"line":75,"column":8},"end":{"line":135,"column":9}},"38":{"start":{"line":76,"column":22},"end":{"line":76,"column":33}},"39":{"start":{"line":79,"column":10},"end":{"line":82,"column":11}},"40":{"start":{"line":79,"column":60},"end":{"line":79,"column":80}},"41":{"start":{"line":80,"column":12},"end":{"line":80,"column":16}},"42":{"start":{"line":81,"column":12},"end":{"line":81,"column":21}},"43":{"start":{"line":85,"column":27},"end":{"line":85,"column":33}},"44":{"start":{"line":87,"column":10},"end":{"line":132,"column":11}},"45":{"start":{"line":88,"column":29},"end":{"line":90,"column":65}},"46":{"start":{"line":92,"column":12},"end":{"line":131,"column":13}},"47":{"start":{"line":94,"column":28},"end":{"line":94,"column":32}},"48":{"start":{"line":95,"column":30},"end":{"line":95,"column":31}},"49":{"start":{"line":96,"column":35},"end":{"line":96,"column":39}},"50":{"start":{"line":98,"column":14},"end":{"line":113,"column":15}},"51":{"start":{"line":99,"column":32},"end":{"line":99,"column":55}},"52":{"start":{"line":102,"column":29},"end":{"line":102,"column":41}},"53":{"start":{"line":103,"column":16},"end":{"line":110,"column":17}},"54":{"start":{"line":104,"column":18},"end":{"line":104,"column":45}},"55":{"start":{"line":105,"column":18},"end":{"line":109,"column":19}},"56":{"start":{"line":106,"column":20},"end":{"line":106,"column":51}},"57":{"start":{"line":107,"column":20},"end":{"line":107,"column":149}},"58":{"start":{"line":108,"column":20},"end":{"line":108,"column":26}},"59":{"start":{"line":112,"column":16},"end":{"line":112,"column":28}},"60":{"start":{"line":115,"column":14},"end":{"line":130,"column":15}},"61":{"start":{"line":116,"column":16},"end":{"line":119,"column":19}},"62":{"start":{"line":122,"column":16},"end":{"line":122,"column":118}},"63":{"start":{"line":123,"column":16},"end":{"line":129,"column":19}},"64":{"start":{"line":134,"column":10},"end":{"line":134,"column":14}},"65":{"start":{"line":137,"column":23},"end":{"line":142,"column":9}},"66":{"start":{"line":144,"column":8},"end":{"line":144,"column":113}},"67":{"start":{"line":145,"column":8},"end":{"line":145,"column":24}},"68":{"start":{"line":147,"column":8},"end":{"line":147,"column":50}},"69":{"start":{"line":148,"column":8},"end":{"line":148,"column":22}},"70":{"start":{"line":152,"column":4},"end":{"line":152,"column":68}},"71":{"start":{"line":152,"column":27},"end":{"line":152,"column":67}},"72":{"start":{"line":153,"column":4},"end":{"line":153,"column":35}},"73":{"start":{"line":164,"column":17},"end":{"line":164,"column":38}},"74":{"start":{"line":166,"column":14},"end":{"line":166,"column":15}},"75":{"start":{"line":167,"column":21},"end":{"line":167,"column":22}},"76":{"start":{"line":169,"column":2},"end":{"line":175,"column":5}},"77":{"start":{"line":170,"column":4},"end":{"line":174,"column":5}},"78":{"start":{"line":171,"column":6},"end":{"line":171,"column":21}},"79":{"start":{"line":173,"column":6},"end":{"line":173,"column":14}},"80":{"start":{"line":177,"column":2},"end":{"line":182,"column":4}}},"fnMap":{"0":{"name":"parseExcelPrecos","decl":{"start":{"line":8,"column":22},"end":{"line":8,"column":38}},"loc":{"start":{"line":8,"column":45},"end":{"line":155,"column":1}},"line":8},"1":{"name":"(anonymous_1)","decl":{"start":{"line":9,"column":21},"end":{"line":9,"column":22}},"loc":{"start":{"line":9,"column":42},"end":{"line":154,"column":3}},"line":9},"2":{"name":"(anonymous_2)","decl":{"start":{"line":12,"column":20},"end":{"line":12,"column":21}},"loc":{"start":{"line":12,"column":27},"end":{"line":150,"column":5}},"line":12},"3":{"name":"(anonymous_3)","decl":{"start":{"line":19,"column":10},"end":{"line":19,"column":14}},"loc":{"start":{"line":19,"column":18},"end":{"line":25,"column":11}},"line":19},"4":{"name":"(anonymous_4)","decl":{"start":{"line":44,"column":27},"end":{"line":44,"column":28}},"loc":{"start":{"line":44,"column":37},"end":{"line":48,"column":9}},"line":44},"5":{"name":"(anonymous_5)","decl":{"start":{"line":51,"column":28},"end":{"line":51,"column":29}},"loc":{"start":{"line":51,"column":37},"end":{"line":58,"column":9}},"line":51},"6":{"name":"(anonymous_6)","decl":{"start":{"line":61,"column":27},"end":{"line":61,"column":28}},"loc":{"start":{"line":61,"column":42},"end":{"line":68,"column":9}},"line":61},"7":{"name":"(anonymous_7)","decl":{"start":{"line":64,"column":52},"end":{"line":64,"column":53}},"loc":{"start":{"line":64,"column":67},"end":{"line":67,"column":11}},"line":64},"8":{"name":"(anonymous_8)","decl":{"start":{"line":66,"column":32},"end":{"line":66,"column":36}},"loc":{"start":{"line":66,"column":40},"end":{"line":66,"column":59}},"line":66},"9":{"name":"(anonymous_9)","decl":{"start":{"line":79,"column":52},"end":{"line":79,"column":56}},"loc":{"start":{"line":79,"column":60},"end":{"line":79,"column":80}},"line":79},"10":{"name":"(anonymous_10)","decl":{"start":{"line":152,"column":21},"end":{"line":152,"column":22}},"loc":{"start":{"line":152,"column":27},"end":{"line":152,"column":67}},"line":152},"11":{"name":"validateImportPreview","decl":{"start":{"line":163,"column":16},"end":{"line":163,"column":37}},"loc":{"start":{"line":163,"column":65},"end":{"line":183,"column":1}},"line":163},"12":{"name":"(anonymous_12)","decl":{"start":{"line":169,"column":17},"end":{"line":169,"column":21}},"loc":{"start":{"line":169,"column":25},"end":{"line":175,"column":3}},"line":169}},"branchMap":{"0":{"loc":{"start":{"line":21,"column":19},"end":{"line":24,"column":35}},"type":"binary-expr","locations":[{"start":{"line":21,"column":20},"end":{"line":21,"column":43}},{"start":{"line":21,"column":47},"end":{"line":21,"column":74}},{"start":{"line":22,"column":14},"end":{"line":22,"column":37}},{"start":{"line":23,"column":14},"end":{"line":23,"column":37}},{"start":{"line":24,"column":14},"end":{"line":24,"column":35}}],"line":21},"1":{"loc":{"start":{"line":28,"column":8},"end":{"line":31,"column":9}},"type":"if","locations":[{"start":{"line":28,"column":8},"end":{"line":31,"column":9}},{"start":{},"end":{}}],"line":28},"2":{"loc":{"start":{"line":36,"column":8},"end":{"line":39,"column":9}},"type":"if","locations":[{"start":{"line":36,"column":8},"end":{"line":39,"column":9}},{"start":{},"end":{}}],"line":36},"3":{"loc":{"start":{"line":45,"column":10},"end":{"line":45,"column":33}},"type":"if","locations":[{"start":{"line":45,"column":10},"end":{"line":45,"column":33}},{"start":{},"end":{}}],"line":45},"4":{"loc":{"start":{"line":47,"column":17},"end":{"line":47,"column":40}},"type":"cond-expr","locations":[{"start":{"line":47,"column":25},"end":{"line":47,"column":33}},{"start":{"line":47,"column":36},"end":{"line":47,"column":40}}],"line":47},"5":{"loc":{"start":{"line":52,"column":10},"end":{"line":52,"column":53}},"type":"if","locations":[{"start":{"line":52,"column":10},"end":{"line":52,"column":53}},{"start":{},"end":{}}],"line":52},"6":{"loc":{"start":{"line":52,"column":14},"end":{"line":52,"column":38}},"type":"binary-expr","locations":[{"start":{"line":52,"column":14},"end":{"line":52,"column":18}},{"start":{"line":52,"column":22},"end":{"line":52,"column":38}}],"line":52},"7":{"loc":{"start":{"line":53,"column":28},"end":{"line":53,"column":66}},"type":"binary-expr","locations":[{"start":{"line":53,"column":28},"end":{"line":53,"column":60}},{"start":{"line":53,"column":64},"end":{"line":53,"column":66}}],"line":53},"8":{"loc":{"start":{"line":54,"column":17},"end":{"line":57,"column":43}},"type":"binary-expr","locations":[{"start":{"line":54,"column":17},"end":{"line":54,"column":44}},{"start":{"line":55,"column":12},"end":{"line":55,"column":45}},{"start":{"line":56,"column":12},"end":{"line":56,"column":43}},{"start":{"line":57,"column":12},"end":{"line":57,"column":43}}],"line":54},"9":{"loc":{"start":{"line":66,"column":40},"end":{"line":66,"column":59}},"type":"binary-expr","locations":[{"start":{"line":66,"column":40},"end":{"line":66,"column":44}},{"start":{"line":66,"column":48},"end":{"line":66,"column":59}}],"line":66},"10":{"loc":{"start":{"line":79,"column":10},"end":{"line":82,"column":11}},"type":"if","locations":[{"start":{"line":79,"column":10},"end":{"line":82,"column":11}},{"start":{},"end":{}}],"line":79},"11":{"loc":{"start":{"line":79,"column":14},"end":{"line":79,"column":81}},"type":"binary-expr","locations":[{"start":{"line":79,"column":14},"end":{"line":79,"column":30}},{"start":{"line":79,"column":34},"end":{"line":79,"column":38}},{"start":{"line":79,"column":42},"end":{"line":79,"column":81}}],"line":79},"12":{"loc":{"start":{"line":79,"column":60},"end":{"line":79,"column":80}},"type":"binary-expr","locations":[{"start":{"line":79,"column":60},"end":{"line":79,"column":65}},{"start":{"line":79,"column":69},"end":{"line":79,"column":80}}],"line":79},"13":{"loc":{"start":{"line":87,"column":10},"end":{"line":132,"column":11}},"type":"if","locations":[{"start":{"line":87,"column":10},"end":{"line":132,"column":11}},{"start":{},"end":{}}],"line":87},"14":{"loc":{"start":{"line":87,"column":14},"end":{"line":87,"column":76}},"type":"binary-expr","locations":[{"start":{"line":87,"column":14},"end":{"line":87,"column":36}},{"start":{"line":87,"column":40},"end":{"line":87,"column":57}},{"start":{"line":87,"column":61},"end":{"line":87,"column":76}}],"line":87},"15":{"loc":{"start":{"line":88,"column":29},"end":{"line":90,"column":65}},"type":"cond-expr","locations":[{"start":{"line":89,"column":16},"end":{"line":89,"column":24}},{"start":{"line":90,"column":16},"end":{"line":90,"column":65}}],"line":88},"16":{"loc":{"start":{"line":92,"column":12},"end":{"line":131,"column":13}},"type":"if","locations":[{"start":{"line":92,"column":12},"end":{"line":131,"column":13}},{"start":{},"end":{}}],"line":92},"17":{"loc":{"start":{"line":92,"column":16},"end":{"line":92,"column":48}},"type":"binary-expr","locations":[{"start":{"line":92,"column":16},"end":{"line":92,"column":32}},{"start":{"line":92,"column":36},"end":{"line":92,"column":48}}],"line":92},"18":{"loc":{"start":{"line":98,"column":21},"end":{"line":98,"column":72}},"type":"binary-expr","locations":[{"start":{"line":98,"column":21},"end":{"line":98,"column":35}},{"start":{"line":98,"column":39},"end":{"line":98,"column":72}}],"line":98},"19":{"loc":{"start":{"line":103,"column":16},"end":{"line":110,"column":17}},"type":"if","locations":[{"start":{"line":103,"column":16},"end":{"line":110,"column":17}},{"start":{},"end":{}}],"line":103},"20":{"loc":{"start":{"line":105,"column":18},"end":{"line":109,"column":19}},"type":"if","locations":[{"start":{"line":105,"column":18},"end":{"line":109,"column":19}},{"start":{},"end":{}}],"line":105},"21":{"loc":{"start":{"line":115,"column":14},"end":{"line":130,"column":15}},"type":"if","locations":[{"start":{"line":115,"column":14},"end":{"line":130,"column":15}},{"start":{"line":120,"column":21},"end":{"line":130,"column":15}}],"line":115},"22":{"loc":{"start":{"line":163,"column":46},"end":{"line":163,"column":63}},"type":"default-arg","locations":[{"start":{"line":163,"column":61},"end":{"line":163,"column":63}}],"line":163},"23":{"loc":{"start":{"line":170,"column":4},"end":{"line":174,"column":5}},"type":"if","locations":[{"start":{"line":170,"column":4},"end":{"line":174,"column":5}},{"start":{"line":172,"column":11},"end":{"line":174,"column":5}}],"line":170}},"s":{"0":0,"1":0,"2":0,"3":0,"4":0,"5":0,"6":0,"7":0,"8":0,"9":0,"10":0,"11":0,"12":0,"13":0,"14":0,"15":0,"16":0,"17":0,"18":0,"19":0,"20":0,"21":0,"22":0,"23":0,"24":0,"25":0,"26":0,"27":0,"28":0,"29":0,"30":0,"31":0,"32":0,"33":0,"34":0,"35":0,"36":0,"37":0,"38":0,"39":0,"40":0,"41":0,"42":0,"43":0,"44":0,"45":0,"46":0,"47":0,"48":0,"49":0,"50":0,"51":0,"52":0,"53":0,"54":0,"55":0,"56":0,"57":0,"58":0,"59":0,"60":0,"61":0,"62":0,"63":0,"64":0,"65":0,"66":0,"67":0,"68":0,"69":0,"70":0,"71":0,"72":0,"73":0,"74":0,"75":0,"76":0,"77":0,"78":0,"79":0,"80":0},"f":{"0":0,"1":0,"2":0,"3":0,"4":0,"5":0,"6":0,"7":0,"8":0,"9":0,"10":0,"11":0,"12":0},"b":{"0":[0,0,0,0,0],"1":[0,0],"2":[0,0],"3":[0,0],"4":[0,0],"5":[0,0],"6":[0,0],"7":[0,0],"8":[0,0,0,0],"9":[0,0],"10":[0,0],"11":[0,0,0],"12":[0,0],"13":[0,0],"14":[0,0,0],"15":[0,0],"16":[0,0],"17":[0,0],"18":[0,0],"19":[0,0],"20":[0,0],"21":[0,0],"22":[0],"23":[0,0]},"meta":{"lastBranch":24,"lastFunction":13,"lastStatement":81,"seen":{"f:8:22:8:38":0,"s:9:2:154:5":0,"f:9:21:9:22":1,"s:10:19:10:35":1,"s:12:4:150:6":2,"f:12:20:12:21":2,"s:13:6:149:7":3,"s:14:21:14:52":4,"s:15:25:15:59":5,"s:18:24:26:9":6,"f:19:10:19:14":3,"s:20:26:20:44":7,"s:21:12:24:36":8,"b:21:20:21:43:21:47:21:74:22:14:22:37:23:14:23:37:24:14:24:35":0,"b:28:8:31:9:undefined:undefined:undefined:undefined":1,"s:28:8:31:9":9,"s:29:10:29:109":10,"s:30:10:30:45":11,"s:33:26:33:52":12,"s:34:25:34:104":13,"b:36:8:39:9:undefined:undefined:undefined:undefined":2,"s:36:8:39:9":14,"s:37:10:37:59":15,"s:38:10:38:17":16,"s:41:8:41:92":17,"s:44:27:48:9":18,"f:44:27:44:28":4,"b:45:10:45:33:undefined:undefined:undefined:undefined":3,"s:45:10:45:33":19,"s:45:21:45:33":20,"s:46:24:46:58":21,"s:47:10:47:41":22,"b:47:25:47:33:47:36:47:40":4,"s:51:28:58:9":23,"f:51:28:51:29":5,"b:52:10:52:53:undefined:undefined:undefined:undefined":5,"s:52:10:52:53":24,"b:52:14:52:18:52:22:52:38":6,"s:52:40:52:53":25,"s:53:28:53:66":26,"b:53:28:53:60:53:64:53:66":7,"s:54:10:57:44":27,"b:54:17:54:44:55:12:55:45:56:12:56:43:57:12:57:43":8,"s:61:27:68:9":28,"f:61:27:61:28":6,"s:62:24:62:50":29,"s:63:22:63:66":30,"s:64:10:67:14":31,"f:64:52:64:53":7,"s:64:67:67:11":32,"f:66:32:66:36":8,"s:66:40:66:59":33,"b:66:40:66:44:66:48:66:59":9,"s:71:23:71:25":34,"s:72:26:72:28":35,"s:73:16:73:17":36,"s:75:8:135:9":37,"s:76:22:76:33":38,"b:79:10:82:11:undefined:undefined:undefined:undefined":10,"s:79:10:82:11":39,"b:79:14:79:30:79:34:79:38:79:42:79:81":11,"f:79:52:79:56":9,"s:79:60:79:80":40,"b:79:60:79:65:79:69:79:80":12,"s:80:12:80:16":41,"s:81:12:81:21":42,"s:85:27:85:33":43,"b:87:10:132:11:undefined:undefined:undefined:undefined":13,"s:87:10:132:11":44,"b:87:14:87:36:87:40:87:57:87:61:87:76":14,"s:88:29:90:65":45,"b:89:16:89:24:90:16:90:65":15,"b:92:12:131:13:undefined:undefined:undefined:undefined":16,"s:92:12:131:13":46,"b:92:16:92:32:92:36:92:48":17,"s:94:28:94:32":47,"s:95:30:95:31":48,"s:96:35:96:39":49,"s:98:14:113:15":50,"b:98:21:98:35:98:39:98:72":18,"s:99:32:99:55":51,"s:102:29:102:41":52,"b:103:16:110:17:undefined:undefined:undefined:undefined":19,"s:103:16:110:17":53,"s:104:18:104:45":54,"b:105:18:109:19:undefined:undefined:undefined:undefined":20,"s:105:18:109:19":55,"s:106:20:106:51":56,"s:107:20:107:149":57,"s:108:20:108:26":58,"s:112:16:112:28":59,"b:115:14:130:15:120:21:130:15":21,"s:115:14:130:15":60,"s:116:16:119:19":61,"s:122:16:122:118":62,"s:123:16:129:19":63,"s:134:10:134:14":64,"s:137:23:142:9":65,"s:144:8:144:113":66,"s:145:8:145:24":67,"s:147:8:147:50":68,"s:148:8:148:22":69,"s:152:4:152:68":70,"f:152:21:152:22":10,"s:152:27:152:67":71,"s:153:4:153:35":72,"f:163:16:163:37":11,"b:163:61:163:63":22,"s:164:17:164:38":73,"s:166:14:166:15":74,"s:167:21:167:22":75,"s:169:2:175:5":76,"f:169:17:169:21":12,"b:170:4:174:5:172:11:174:5":23,"s:170:4:174:5":77,"s:171:6:171:21":78,"s:173:6:173:14":79,"s:177:2:182:4":80}}}
}
