{"/home/runner/work/cqt_light/cqt_light/frontend/src/App.jsx": {"path":"/home/runner/work/cqt_light/cqt_light/frontend/src/App.jsx","statementMap":{"0":{"start":{"line":9,"column":32},"end":{"line":9,"column":null}},"1":{"start":{"line":10,"column":24},"end":{"line":10,"column":null}},"2":{"start":{"line":12,"column":2},"end":{"line":29,"column":null}},"3":{"start":{"line":13,"column":4},"end":{"line":13,"column":null}},"4":{"start":{"line":16,"column":26},"end":{"line":25,"column":null}},"5":{"start":{"line":17,"column":6},"end":{"line":24,"column":null}},"6":{"start":{"line":18,"column":8},"end":{"line":23,"column":null}},"7":{"start":{"line":19,"column":20},"end":{"line":19,"column":40}},"8":{"start":{"line":19,"column":40},"end":{"line":19,"column":70}},"9":{"start":{"line":19,"column":70},"end":{"line":19,"column":null}},"10":{"start":{"line":20,"column":20},"end":{"line":20,"column":40}},"11":{"start":{"line":20,"column":40},"end":{"line":20,"column":67}},"12":{"start":{"line":20,"column":67},"end":{"line":20,"column":null}},"13":{"start":{"line":21,"column":20},"end":{"line":21,"column":40}},"14":{"start":{"line":21,"column":40},"end":{"line":21,"column":62}},"15":{"start":{"line":21,"column":62},"end":{"line":21,"column":null}},"16":{"start":{"line":22,"column":20},"end":{"line":22,"column":40}},"17":{"start":{"line":22,"column":40},"end":{"line":22,"column":63}},"18":{"start":{"line":22,"column":63},"end":{"line":22,"column":null}},"19":{"start":{"line":27,"column":4},"end":{"line":27,"column":null}},"20":{"start":{"line":28,"column":4},"end":{"line":28,"column":null}},"21":{"start":{"line":28,"column":17},"end":{"line":28,"column":null}},"22":{"start":{"line":31,"column":20},"end":{"line":35,"column":null}},"23":{"start":{"line":32,"column":4},"end":{"line":32,"column":null}},"24":{"start":{"line":32,"column":21},"end":{"line":32,"column":null}},"25":{"start":{"line":33,"column":17},"end":{"line":33,"column":null}},"26":{"start":{"line":34,"column":4},"end":{"line":34,"column":null}},"27":{"start":{"line":37,"column":15},"end":{"line":42,"column":null}},"28":{"start":{"line":44,"column":24},"end":{"line":52,"column":null}},"29":{"start":{"line":45,"column":4},"end":{"line":51,"column":null}},"30":{"start":{"line":46,"column":27},"end":{"line":46,"column":null}},"31":{"start":{"line":47,"column":24},"end":{"line":47,"column":null}},"32":{"start":{"line":48,"column":19},"end":{"line":48,"column":null}},"33":{"start":{"line":49,"column":20},"end":{"line":49,"column":null}},"34":{"start":{"line":50,"column":15},"end":{"line":50,"column":null}},"35":{"start":{"line":54,"column":2},"end":{"line":106,"column":null}},"36":{"start":{"line":68,"column":12},"end":{"line":81,"column":null}},"37":{"start":{"line":70,"column":29},"end":{"line":70,"column":null}}},"fnMap":{"0":{"name":"App","decl":{"start":{"line":8,"column":9},"end":{"line":8,"column":15}},"loc":{"start":{"line":8,"column":15},"end":{"line":108,"column":null}},"line":8},"1":{"name":"(anonymous_1)","decl":{"start":{"line":12,"column":12},"end":{"line":12,"column":18}},"loc":{"start":{"line":12,"column":18},"end":{"line":29,"column":5}},"line":12},"2":{"name":"(anonymous_2)","decl":{"start":{"line":16,"column":26},"end":{"line":16,"column":27}},"loc":{"start":{"line":16,"column":33},"end":{"line":25,"column":null}},"line":16},"3":{"name":"(anonymous_3)","decl":{"start":{"line":28,"column":11},"end":{"line":28,"column":17}},"loc":{"start":{"line":28,"column":17},"end":{"line":28,"column":null}},"line":28},"4":{"name":"(anonymous_4)","decl":{"start":{"line":31,"column":20},"end":{"line":31,"column":32}},"loc":{"start":{"line":31,"column":32},"end":{"line":35,"column":null}},"line":31},"5":{"name":"(anonymous_5)","decl":{"start":{"line":44,"column":24},"end":{"line":44,"column":30}},"loc":{"start":{"line":44,"column":30},"end":{"line":52,"column":null}},"line":44},"6":{"name":"(anonymous_6)","decl":{"start":{"line":67,"column":20},"end":{"line":67,"column":null}},"loc":{"start":{"line":68,"column":12},"end":{"line":81,"column":null}},"line":68},"7":{"name":"(anonymous_7)","decl":{"start":{"line":70,"column":23},"end":{"line":70,"column":29}},"loc":{"start":{"line":70,"column":29},"end":{"line":70,"column":null}},"line":70}},"branchMap":{"0":{"loc":{"start":{"line":17,"column":6},"end":{"line":24,"column":null}},"type":"if","locations":[{"start":{"line":17,"column":6},"end":{"line":24,"column":null}},{"start":{},"end":{}}],"line":17},"1":{"loc":{"start":{"line":18,"column":8},"end":{"line":23,"column":null}},"type":"switch","locations":[{"start":{"line":19,"column":10},"end":{"line":19,"column":null}},{"start":{"line":20,"column":10},"end":{"line":20,"column":null}},{"start":{"line":21,"column":10},"end":{"line":21,"column":null}},{"start":{"line":22,"column":10},"end":{"line":22,"column":null}}],"line":18},"2":{"loc":{"start":{"line":32,"column":4},"end":{"line":32,"column":null}},"type":"if","locations":[{"start":{"line":32,"column":4},"end":{"line":32,"column":null}},{"start":{},"end":{}}],"line":32},"3":{"loc":{"start":{"line":34,"column":13},"end":{"line":34,"column":59}},"type":"binary-expr","locations":[{"start":{"line":34,"column":13},"end":{"line":34,"column":21}},{"start":{"line":34,"column":21},"end":{"line":34,"column":59}}],"line":34},"4":{"loc":{"start":{"line":45,"column":4},"end":{"line":51,"column":null}},"type":"switch","locations":[{"start":{"line":46,"column":6},"end":{"line":46,"column":null}},{"start":{"line":47,"column":6},"end":{"line":47,"column":null}},{"start":{"line":48,"column":6},"end":{"line":48,"column":null}},{"start":{"line":49,"column":6},"end":{"line":49,"column":null}},{"start":{"line":50,"column":6},"end":{"line":50,"column":null}}],"line":45},"5":{"loc":{"start":{"line":71,"column":108},"end":{"line":73,"column":null}},"type":"cond-expr","locations":[{"start":{"line":72,"column":18},"end":{"line":72,"column":null}},{"start":{"line":73,"column":18},"end":{"line":73,"column":null}}],"line":71}},"s":{"0":0,"1":0,"2":0,"3":0,"4":0,"5":0,"6":0,"7":0,"8":0,"9":0,"10":0,"11":0,"12":0,"13":0,"14":0,"15":0,"16":0,"17":0,"18":0,"19":0,"20":0,"21":0,"22":0,"23":0,"24":0,"25":0,"26":0,"27":0,"28":0,"29":0,"30":0,"31":0,"32":0,"33":0,"34":0,"35":0,"36":0,"37":0},"f":{"0":0,"1":0,"2":0,"3":0,"4":0,"5":0,"6":0,"7":0},"b":{"0":[0,0],"1":[0,0,0,0],"2":[0,0],"3":[0,0],"4":[0,0,0,0,0],"5":[0,0]},"meta":{"lastBranch":6,"lastFunction":8,"lastStatement":38,"seen":{"f:8:9:8:15":0,"s:9:32:9:Infinity":0,"s:10:24:10:Infinity":1,"s:12:2:29:Infinity":2,"f:12:12:12:18":1,"s:13:4:13:Infinity":3,"s:16:26:25:Infinity":4,"f:16:26:16:27":2,"b:17:6:24:Infinity:undefined:undefined:undefined:undefined":0,"s:17:6:24:Infinity":5,"b:19:10:19:Infinity:20:10:20:Infinity:21:10:21:Infinity:22:10:22:Infinity":1,"s:18:8:23:Infinity":6,"s:19:20:19:40":7,"s:19:40:19:70":8,"s:19:70:19:Infinity":9,"s:20:20:20:40":10,"s:20:40:20:67":11,"s:20:67:20:Infinity":12,"s:21:20:21:40":13,"s:21:40:21:62":14,"s:21:62:21:Infinity":15,"s:22:20:22:40":16,"s:22:40:22:63":17,"s:22:63:22:Infinity":18,"s:27:4:27:Infinity":19,"s:28:4:28:Infinity":20,"f:28:11:28:17":3,"s:28:17:28:Infinity":21,"s:31:20:35:Infinity":22,"f:31:20:31:32":4,"b:32:4:32:Infinity:undefined:undefined:undefined:undefined":2,"s:32:4:32:Infinity":23,"s:32:21:32:Infinity":24,"s:33:17:33:Infinity":25,"s:34:4:34:Infinity":26,"b:34:13:34:21:34:21:34:59":3,"s:37:15:42:Infinity":27,"s:44:24:52:Infinity":28,"f:44:24:44:30":5,"b:46:6:46:Infinity:47:6:47:Infinity:48:6:48:Infinity:49:6:49:Infinity:50:6:50:Infinity":4,"s:45:4:51:Infinity":29,"s:46:27:46:Infinity":30,"s:47:24:47:Infinity":31,"s:48:19:48:Infinity":32,"s:49:20:49:Infinity":33,"s:50:15:50:Infinity":34,"s:54:2:106:Infinity":35,"f:67:20:67:Infinity":6,"s:68:12:81:Infinity":36,"f:70:23:70:29":7,"s:70:29:70:Infinity":37,"b:72:18:72:Infinity:73:18:73:Infinity":5}}}
,"/home/runner/work/cqt_light/cqt_light/frontend/src/components/BudgetHistory.jsx": {"path":"/home/runner/work/cqt_light/cqt_light/frontend/src/components/BudgetHistory.jsx","statementMap":{"0":{"start":{"line":4,"column":22},"end":{"line":202,"column":null}},"1":{"start":{"line":10,"column":28},"end":{"line":10,"column":null}},"2":{"start":{"line":11,"column":22},"end":{"line":11,"column":null}},"3":{"start":{"line":12,"column":28},"end":{"line":12,"column":null}},"4":{"start":{"line":13,"column":28},"end":{"line":13,"column":null}},"5":{"start":{"line":15,"column":2},"end":{"line":20,"column":null}},"6":{"start":{"line":16,"column":4},"end":{"line":19,"column":null}},"7":{"start":{"line":17,"column":6},"end":{"line":17,"column":null}},"8":{"start":{"line":18,"column":6},"end":{"line":18,"column":null}},"9":{"start":{"line":22,"column":22},"end":{"line":33,"column":null}},"10":{"start":{"line":23,"column":4},"end":{"line":23,"column":null}},"11":{"start":{"line":23,"column":21},"end":{"line":23,"column":null}},"12":{"start":{"line":24,"column":4},"end":{"line":24,"column":null}},"13":{"start":{"line":25,"column":4},"end":{"line":32,"column":null}},"14":{"start":{"line":26,"column":19},"end":{"line":26,"column":null}},"15":{"start":{"line":27,"column":6},"end":{"line":27,"column":null}},"16":{"start":{"line":29,"column":6},"end":{"line":29,"column":null}},"17":{"start":{"line":31,"column":6},"end":{"line":31,"column":null}},"18":{"start":{"line":35,"column":21},"end":{"line":51,"column":null}},"19":{"start":{"line":36,"column":4},"end":{"line":36,"column":null}},"20":{"start":{"line":36,"column":41},"end":{"line":36,"column":null}},"21":{"start":{"line":38,"column":4},"end":{"line":50,"column":null}},"22":{"start":{"line":39,"column":6},"end":{"line":43,"column":null}},"23":{"start":{"line":44,"column":6},"end":{"line":44,"column":null}},"24":{"start":{"line":45,"column":6},"end":{"line":45,"column":null}},"25":{"start":{"line":46,"column":6},"end":{"line":46,"column":null}},"26":{"start":{"line":48,"column":6},"end":{"line":48,"column":null}},"27":{"start":{"line":49,"column":6},"end":{"line":49,"column":null}},"28":{"start":{"line":53,"column":23},"end":{"line":63,"column":null}},"29":{"start":{"line":54,"column":4},"end":{"line":54,"column":null}},"30":{"start":{"line":55,"column":4},"end":{"line":55,"column":null}},"31":{"start":{"line":55,"column":68},"end":{"line":55,"column":null}},"32":{"start":{"line":57,"column":4},"end":{"line":62,"column":null}},"33":{"start":{"line":58,"column":6},"end":{"line":58,"column":null}},"34":{"start":{"line":59,"column":6},"end":{"line":59,"column":null}},"35":{"start":{"line":61,"column":6},"end":{"line":61,"column":null}},"36":{"start":{"line":65,"column":21},"end":{"line":75,"column":null}},"37":{"start":{"line":66,"column":4},"end":{"line":74,"column":null}},"38":{"start":{"line":67,"column":25},"end":{"line":67,"column":null}},"39":{"start":{"line":68,"column":6},"end":{"line":71,"column":null}},"40":{"start":{"line":69,"column":8},"end":{"line":69,"column":null}},"41":{"start":{"line":70,"column":8},"end":{"line":70,"column":null}},"42":{"start":{"line":73,"column":6},"end":{"line":73,"column":null}},"43":{"start":{"line":77,"column":2},"end":{"line":77,"column":null}},"44":{"start":{"line":77,"column":15},"end":{"line":77,"column":null}},"45":{"start":{"line":79,"column":2},"end":{"line":200,"column":null}},"46":{"start":{"line":81,"column":106},"end":{"line":81,"column":null}},"47":{"start":{"line":99,"column":33},"end":{"line":99,"column":null}},"48":{"start":{"line":117,"column":20},"end":{"line":148,"column":null}},"49":{"start":{"line":119,"column":37},"end":{"line":119,"column":null}},"50":{"start":{"line":141,"column":42},"end":{"line":141,"column":null}},"51":{"start":{"line":159,"column":33},"end":{"line":159,"column":null}},"52":{"start":{"line":163,"column":34},"end":{"line":163,"column":null}},"53":{"start":{"line":182,"column":33},"end":{"line":182,"column":null}}},"fnMap":{"0":{"name":"(anonymous_0)","decl":{"start":{"line":4,"column":22},"end":{"line":4,"column":23}},"loc":{"start":{"line":9,"column":6},"end":{"line":202,"column":null}},"line":9},"1":{"name":"(anonymous_1)","decl":{"start":{"line":15,"column":12},"end":{"line":15,"column":18}},"loc":{"start":{"line":15,"column":18},"end":{"line":20,"column":5}},"line":15},"2":{"name":"(anonymous_2)","decl":{"start":{"line":22,"column":22},"end":{"line":22,"column":34}},"loc":{"start":{"line":22,"column":34},"end":{"line":33,"column":null}},"line":22},"3":{"name":"(anonymous_3)","decl":{"start":{"line":35,"column":21},"end":{"line":35,"column":33}},"loc":{"start":{"line":35,"column":33},"end":{"line":51,"column":null}},"line":35},"4":{"name":"(anonymous_4)","decl":{"start":{"line":53,"column":23},"end":{"line":53,"column":30}},"loc":{"start":{"line":53,"column":40},"end":{"line":63,"column":null}},"line":53},"5":{"name":"(anonymous_5)","decl":{"start":{"line":65,"column":21},"end":{"line":65,"column":28}},"loc":{"start":{"line":65,"column":39},"end":{"line":75,"column":null}},"line":65},"6":{"name":"(anonymous_6)","decl":{"start":{"line":81,"column":101},"end":{"line":81,"column":106}},"loc":{"start":{"line":81,"column":106},"end":{"line":81,"column":null}},"line":81},"7":{"name":"(anonymous_7)","decl":{"start":{"line":99,"column":27},"end":{"line":99,"column":33}},"loc":{"start":{"line":99,"column":33},"end":{"line":99,"column":null}},"line":99},"8":{"name":"(anonymous_8)","decl":{"start":{"line":116,"column":31},"end":{"line":116,"column":null}},"loc":{"start":{"line":117,"column":20},"end":{"line":148,"column":null}},"line":117},"9":{"name":"(anonymous_9)","decl":{"start":{"line":119,"column":31},"end":{"line":119,"column":37}},"loc":{"start":{"line":119,"column":37},"end":{"line":119,"column":null}},"line":119},"10":{"name":"(anonymous_10)","decl":{"start":{"line":141,"column":35},"end":{"line":141,"column":36}},"loc":{"start":{"line":141,"column":42},"end":{"line":141,"column":null}},"line":141},"11":{"name":"(anonymous_11)","decl":{"start":{"line":159,"column":26},"end":{"line":159,"column":27}},"loc":{"start":{"line":159,"column":33},"end":{"line":159,"column":null}},"line":159},"12":{"name":"(anonymous_12)","decl":{"start":{"line":163,"column":27},"end":{"line":163,"column":28}},"loc":{"start":{"line":163,"column":34},"end":{"line":163,"column":null}},"line":163},"13":{"name":"(anonymous_13)","decl":{"start":{"line":182,"column":27},"end":{"line":182,"column":33}},"loc":{"start":{"line":182,"column":33},"end":{"line":182,"column":null}},"line":182}},"branchMap":{"0":{"loc":{"start":{"line":16,"column":4},"end":{"line":19,"column":null}},"type":"if","locations":[{"start":{"line":16,"column":4},"end":{"line":19,"column":null}},{"start":{},"end":{}}],"line":16},"1":{"loc":{"start":{"line":23,"column":4},"end":{"line":23,"column":null}},"type":"if","locations":[{"start":{"line":23,"column":4},"end":{"line":23,"column":null}},{"start":{},"end":{}}],"line":23},"2":{"loc":{"start":{"line":27,"column":17},"end":{"line":27,"column":27}},"type":"binary-expr","locations":[{"start":{"line":27,"column":17},"end":{"line":27,"column":25}},{"start":{"line":27,"column":25},"end":{"line":27,"column":27}}],"line":27},"3":{"loc":{"start":{"line":36,"column":4},"end":{"line":36,"column":null}},"type":"if","locations":[{"start":{"line":36,"column":4},"end":{"line":36,"column":null}},{"start":{},"end":{}}],"line":36},"4":{"loc":{"start":{"line":36,"column":8},"end":{"line":36,"column":41}},"type":"binary-expr","locations":[{"start":{"line":36,"column":8},"end":{"line":36,"column":27}},{"start":{"line":36,"column":27},"end":{"line":36,"column":41}}],"line":36},"5":{"loc":{"start":{"line":55,"column":4},"end":{"line":55,"column":null}},"type":"if","locations":[{"start":{"line":55,"column":4},"end":{"line":55,"column":null}},{"start":{},"end":{}}],"line":55},"6":{"loc":{"start":{"line":68,"column":6},"end":{"line":71,"column":null}},"type":"if","locations":[{"start":{"line":68,"column":6},"end":{"line":71,"column":null}},{"start":{},"end":{}}],"line":68},"7":{"loc":{"start":{"line":68,"column":10},"end":{"line":68,"column":42}},"type":"binary-expr","locations":[{"start":{"line":68,"column":10},"end":{"line":68,"column":24}},{"start":{"line":68,"column":24},"end":{"line":68,"column":42}}],"line":68},"8":{"loc":{"start":{"line":77,"column":2},"end":{"line":77,"column":null}},"type":"if","locations":[{"start":{"line":77,"column":2},"end":{"line":77,"column":null}},{"start":{},"end":{}}],"line":77},"9":{"loc":{"start":{"line":85,"column":13},"end":{"line":85,"column":null}},"type":"cond-expr","locations":[{"start":{"line":85,"column":31},"end":{"line":85,"column":79}},{"start":{"line":85,"column":79},"end":{"line":85,"column":null}}],"line":85},"10":{"loc":{"start":{"line":86,"column":13},"end":{"line":86,"column":null}},"type":"cond-expr","locations":[{"start":{"line":86,"column":31},"end":{"line":86,"column":52}},{"start":{"line":86,"column":52},"end":{"line":86,"column":null}}],"line":86},"11":{"loc":{"start":{"line":95,"column":11},"end":{"line":196,"column":null}},"type":"cond-expr","locations":[{"start":{"line":96,"column":12},"end":{"line":152,"column":null}},{"start":{"line":154,"column":12},"end":{"line":196,"column":null}}],"line":95},"12":{"loc":{"start":{"line":107,"column":15},"end":{"line":150,"column":null}},"type":"cond-expr","locations":[{"start":{"line":108,"column":16},"end":{"line":108,"column":null}},{"start":{"line":109,"column":18},"end":{"line":150,"column":null}}],"line":107},"13":{"loc":{"start":{"line":109,"column":18},"end":{"line":150,"column":null}},"type":"cond-expr","locations":[{"start":{"line":110,"column":16},"end":{"line":113,"column":null}},{"start":{"line":115,"column":16},"end":{"line":150,"column":null}}],"line":109},"14":{"loc":{"start":{"line":163,"column":34},"end":{"line":163,"column":null}},"type":"binary-expr","locations":[{"start":{"line":163,"column":34},"end":{"line":163,"column":55}},{"start":{"line":163,"column":55},"end":{"line":163,"column":null}}],"line":163},"15":{"loc":{"start":{"line":175,"column":27},"end":{"line":175,"column":62}},"type":"binary-expr","locations":[{"start":{"line":175,"column":27},"end":{"line":175,"column":60}},{"start":{"line":175,"column":60},"end":{"line":175,"column":62}}],"line":175}},"s":{"0":0,"1":0,"2":0,"3":0,"4":0,"5":0,"6":0,"7":0,"8":0,"9":0,"10":0,"11":0,"12":0,"13":0,"14":0,"15":0,"16":0,"17":0,"18":0,"19":0,"20":0,"21":0,"22":0,"23":0,"24":0,"25":0,"26":0,"27":0,"28":0,"29":0,"30":0,"31":0,"32":0,"33":0,"34":0,"35":0,"36":0,"37":0,"38":0,"39":0,"40":0,"41":0,"42":0,"43":0,"44":0,"45":0,"46":0,"47":0,"48":0,"49":0,"50":0,"51":0,"52":0,"53":0},"f":{"0":0,"1":0,"2":0,"3":0,"4":0,"5":0,"6":0,"7":0,"8":0,"9":0,"10":0,"11":0,"12":0,"13":0},"b":{"0":[0,0],"1":[0,0],"2":[0,0],"3":[0,0],"4":[0,0],"5":[0,0],"6":[0,0],"7":[0,0],"8":[0,0],"9":[0,0],"10":[0,0],"11":[0,0],"12":[0,0],"13":[0,0],"14":[0,0],"15":[0,0]},"meta":{"lastBranch":16,"lastFunction":14,"lastStatement":54,"seen":{"s:4:22:202:Infinity":0,"f:4:22:4:23":0,"s:10:28:10:Infinity":1,"s:11:22:11:Infinity":2,"s:12:28:12:Infinity":3,"s:13:28:13:Infinity":4,"s:15:2:20:Infinity":5,"f:15:12:15:18":1,"b:16:4:19:Infinity:undefined:undefined:undefined:undefined":0,"s:16:4:19:Infinity":6,"s:17:6:17:Infinity":7,"s:18:6:18:Infinity":8,"s:22:22:33:Infinity":9,"f:22:22:22:34":2,"b:23:4:23:Infinity:undefined:undefined:undefined:undefined":1,"s:23:4:23:Infinity":10,"s:23:21:23:Infinity":11,"s:24:4:24:Infinity":12,"s:25:4:32:Infinity":13,"s:26:19:26:Infinity":14,"s:27:6:27:Infinity":15,"b:27:17:27:25:27:25:27:27":2,"s:29:6:29:Infinity":16,"s:31:6:31:Infinity":17,"s:35:21:51:Infinity":18,"f:35:21:35:33":3,"b:36:4:36:Infinity:undefined:undefined:undefined:undefined":3,"s:36:4:36:Infinity":19,"b:36:8:36:27:36:27:36:41":4,"s:36:41:36:Infinity":20,"s:38:4:50:Infinity":21,"s:39:6:43:Infinity":22,"s:44:6:44:Infinity":23,"s:45:6:45:Infinity":24,"s:46:6:46:Infinity":25,"s:48:6:48:Infinity":26,"s:49:6:49:Infinity":27,"s:53:23:63:Infinity":28,"f:53:23:53:30":4,"s:54:4:54:Infinity":29,"b:55:4:55:Infinity:undefined:undefined:undefined:undefined":5,"s:55:4:55:Infinity":30,"s:55:68:55:Infinity":31,"s:57:4:62:Infinity":32,"s:58:6:58:Infinity":33,"s:59:6:59:Infinity":34,"s:61:6:61:Infinity":35,"s:65:21:75:Infinity":36,"f:65:21:65:28":5,"s:66:4:74:Infinity":37,"s:67:25:67:Infinity":38,"b:68:6:71:Infinity:undefined:undefined:undefined:undefined":6,"s:68:6:71:Infinity":39,"b:68:10:68:24:68:24:68:42":7,"s:69:8:69:Infinity":40,"s:70:8:70:Infinity":41,"s:73:6:73:Infinity":42,"b:77:2:77:Infinity:undefined:undefined:undefined:undefined":8,"s:77:2:77:Infinity":43,"s:77:15:77:Infinity":44,"s:79:2:200:Infinity":45,"f:81:101:81:106":6,"s:81:106:81:Infinity":46,"b:85:31:85:79:85:79:85:Infinity":9,"b:86:31:86:52:86:52:86:Infinity":10,"b:96:12:152:Infinity:154:12:196:Infinity":11,"f:99:27:99:33":7,"s:99:33:99:Infinity":47,"b:108:16:108:Infinity:109:18:150:Infinity":12,"b:110:16:113:Infinity:115:16:150:Infinity":13,"f:116:31:116:Infinity":8,"s:117:20:148:Infinity":48,"f:119:31:119:37":9,"s:119:37:119:Infinity":49,"f:141:35:141:36":10,"s:141:42:141:Infinity":50,"f:159:26:159:27":11,"s:159:33:159:Infinity":51,"f:163:27:163:28":12,"s:163:34:163:Infinity":52,"b:163:34:163:55:163:55:163:Infinity":14,"b:175:27:175:60:175:60:175:62":15,"f:182:27:182:33":13,"s:182:33:182:Infinity":53}}}
,"/home/runner/work/cqt_light/cqt_light/frontend/src/components/CompanySelector.jsx": {"path":"/home/runner/work/cqt_light/cqt_light/frontend/src/components/CompanySelector.jsx","statementMap":{"0":{"start":{"line":4,"column":31},"end":{"line":85,"column":null}},"1":{"start":{"line":5,"column":30},"end":{"line":5,"column":null}},"2":{"start":{"line":6,"column":38},"end":{"line":6,"column":null}},"3":{"start":{"line":7,"column":28},"end":{"line":7,"column":null}},"4":{"start":{"line":9,"column":2},"end":{"line":11,"column":null}},"5":{"start":{"line":10,"column":4},"end":{"line":10,"column":null}},"6":{"start":{"line":13,"column":23},"end":{"line":32,"column":null}},"7":{"start":{"line":14,"column":4},"end":{"line":31,"column":null}},"8":{"start":{"line":15,"column":26},"end":{"line":15,"column":null}},"9":{"start":{"line":16,"column":6},"end":{"line":16,"column":null}},"10":{"start":{"line":19,"column":20},"end":{"line":19,"column":null}},"11":{"start":{"line":20,"column":6},"end":{"line":26,"column":null}},"12":{"start":{"line":21,"column":8},"end":{"line":21,"column":null}},"13":{"start":{"line":22,"column":6},"end":{"line":26,"column":null}},"14":{"start":{"line":24,"column":8},"end":{"line":24,"column":null}},"15":{"start":{"line":25,"column":8},"end":{"line":25,"column":null}},"16":{"start":{"line":28,"column":6},"end":{"line":28,"column":null}},"17":{"start":{"line":30,"column":6},"end":{"line":30,"column":null}},"18":{"start":{"line":34,"column":30},"end":{"line":47,"column":null}},"19":{"start":{"line":35,"column":22},"end":{"line":35,"column":null}},"20":{"start":{"line":36,"column":20},"end":{"line":36,"column":null}},"21":{"start":{"line":36,"column":41},"end":{"line":36,"column":61}},"22":{"start":{"line":38,"column":4},"end":{"line":46,"column":null}},"23":{"start":{"line":39,"column":6},"end":{"line":39,"column":null}},"24":{"start":{"line":40,"column":6},"end":{"line":40,"column":null}},"25":{"start":{"line":43,"column":6},"end":{"line":45,"column":null}},"26":{"start":{"line":44,"column":8},"end":{"line":44,"column":null}},"27":{"start":{"line":49,"column":2},"end":{"line":56,"column":null}},"28":{"start":{"line":50,"column":4},"end":{"line":54,"column":null}},"29":{"start":{"line":58,"column":2},"end":{"line":65,"column":null}},"30":{"start":{"line":59,"column":4},"end":{"line":63,"column":null}},"31":{"start":{"line":67,"column":2},"end":{"line":83,"column":null}},"32":{"start":{"line":77,"column":10},"end":{"line":79,"column":null}}},"fnMap":{"0":{"name":"(anonymous_0)","decl":{"start":{"line":4,"column":31},"end":{"line":4,"column":32}},"loc":{"start":{"line":4,"column":56},"end":{"line":85,"column":null}},"line":4},"1":{"name":"(anonymous_1)","decl":{"start":{"line":9,"column":12},"end":{"line":9,"column":18}},"loc":{"start":{"line":9,"column":18},"end":{"line":11,"column":5}},"line":9},"2":{"name":"(anonymous_2)","decl":{"start":{"line":13,"column":23},"end":{"line":13,"column":35}},"loc":{"start":{"line":13,"column":35},"end":{"line":32,"column":null}},"line":13},"3":{"name":"(anonymous_3)","decl":{"start":{"line":34,"column":30},"end":{"line":34,"column":37}},"loc":{"start":{"line":34,"column":43},"end":{"line":47,"column":null}},"line":34},"4":{"name":"(anonymous_4)","decl":{"start":{"line":36,"column":34},"end":{"line":36,"column":41}},"loc":{"start":{"line":36,"column":41},"end":{"line":36,"column":61}},"line":36},"5":{"name":"(anonymous_5)","decl":{"start":{"line":76,"column":22},"end":{"line":76,"column":null}},"loc":{"start":{"line":77,"column":10},"end":{"line":79,"column":null}},"line":77}},"branchMap":{"0":{"loc":{"start":{"line":20,"column":6},"end":{"line":26,"column":null}},"type":"if","locations":[{"start":{"line":20,"column":6},"end":{"line":26,"column":null}},{"start":{"line":22,"column":6},"end":{"line":26,"column":null}}],"line":20},"1":{"loc":{"start":{"line":22,"column":6},"end":{"line":26,"column":null}},"type":"if","locations":[{"start":{"line":22,"column":6},"end":{"line":26,"column":null}},{"start":{},"end":{}}],"line":22},"2":{"loc":{"start":{"line":38,"column":4},"end":{"line":46,"column":null}},"type":"if","locations":[{"start":{"line":38,"column":4},"end":{"line":46,"column":null}},{"start":{},"end":{}}],"line":38},"3":{"loc":{"start":{"line":43,"column":6},"end":{"line":45,"column":null}},"type":"if","locations":[{"start":{"line":43,"column":6},"end":{"line":45,"column":null}},{"start":{},"end":{}}],"line":43},"4":{"loc":{"start":{"line":49,"column":2},"end":{"line":56,"column":null}},"type":"if","locations":[{"start":{"line":49,"column":2},"end":{"line":56,"column":null}},{"start":{},"end":{}}],"line":49},"5":{"loc":{"start":{"line":58,"column":2},"end":{"line":65,"column":null}},"type":"if","locations":[{"start":{"line":58,"column":2},"end":{"line":65,"column":null}},{"start":{},"end":{}}],"line":58},"6":{"loc":{"start":{"line":71,"column":15},"end":{"line":71,"column":null}},"type":"binary-expr","locations":[{"start":{"line":71,"column":15},"end":{"line":71,"column":35}},{"start":{"line":71,"column":35},"end":{"line":71,"column":null}}],"line":71},"7":{"loc":{"start":{"line":78,"column":24},"end":{"line":78,"column":null}},"type":"cond-expr","locations":[{"start":{"line":78,"column":39},"end":{"line":78,"column":61}},{"start":{"line":78,"column":61},"end":{"line":78,"column":null}}],"line":78}},"s":{"0":0,"1":0,"2":0,"3":0,"4":0,"5":0,"6":0,"7":0,"8":0,"9":0,"10":0,"11":0,"12":0,"13":0,"14":0,"15":0,"16":0,"17":0,"18":0,"19":0,"20":0,"21":0,"22":0,"23":0,"24":0,"25":0,"26":0,"27":0,"28":0,"29":0,"30":0,"31":0,"32":0},"f":{"0":0,"1":0,"2":0,"3":0,"4":0,"5":0},"b":{"0":[0,0],"1":[0,0],"2":[0,0],"3":[0,0],"4":[0,0],"5":[0,0],"6":[0,0],"7":[0,0]},"meta":{"lastBranch":8,"lastFunction":6,"lastStatement":33,"seen":{"s:4:31:85:Infinity":0,"f:4:31:4:32":0,"s:5:30:5:Infinity":1,"s:6:38:6:Infinity":2,"s:7:28:7:Infinity":3,"s:9:2:11:Infinity":4,"f:9:12:9:18":1,"s:10:4:10:Infinity":5,"s:13:23:32:Infinity":6,"f:13:23:13:35":2,"s:14:4:31:Infinity":7,"s:15:26:15:Infinity":8,"s:16:6:16:Infinity":9,"s:19:20:19:Infinity":10,"b:20:6:26:Infinity:22:6:26:Infinity":0,"s:20:6:26:Infinity":11,"s:21:8:21:Infinity":12,"b:22:6:26:Infinity:undefined:undefined:undefined:undefined":1,"s:22:6:26:Infinity":13,"s:24:8:24:Infinity":14,"s:25:8:25:Infinity":15,"s:28:6:28:Infinity":16,"s:30:6:30:Infinity":17,"s:34:30:47:Infinity":18,"f:34:30:34:37":3,"s:35:22:35:Infinity":19,"s:36:20:36:Infinity":20,"f:36:34:36:41":4,"s:36:41:36:61":21,"b:38:4:46:Infinity:undefined:undefined:undefined:undefined":2,"s:38:4:46:Infinity":22,"s:39:6:39:Infinity":23,"s:40:6:40:Infinity":24,"b:43:6:45:Infinity:undefined:undefined:undefined:undefined":3,"s:43:6:45:Infinity":25,"s:44:8:44:Infinity":26,"b:49:2:56:Infinity:undefined:undefined:undefined:undefined":4,"s:49:2:56:Infinity":27,"s:50:4:54:Infinity":28,"b:58:2:65:Infinity:undefined:undefined:undefined:undefined":5,"s:58:2:65:Infinity":29,"s:59:4:63:Infinity":30,"s:67:2:83:Infinity":31,"b:71:15:71:35:71:35:71:Infinity":6,"f:76:22:76:Infinity":5,"s:77:10:79:Infinity":32,"b:78:39:78:61:78:61:78:Infinity":7}}}
,"/home/runner/work/cqt_light/cqt_light/frontend/src/components/Configurator.jsx": {"path":"/home/runner/work/cqt_light/cqt_light/frontend/src/components/Configurator.jsx","statementMap":{"0":{"start":{"line":23,"column":22},"end":{"line":29,"column":null}},"1":{"start":{"line":31,"column":22},"end":{"line":39,"column":null}},"2":{"start":{"line":42,"column":18},"end":{"line":50,"column":null}},"3":{"start":{"line":43,"column":2},"end":{"line":49,"column":null}},"4":{"start":{"line":44,"column":18},"end":{"line":44,"column":null}},"5":{"start":{"line":45,"column":4},"end":{"line":45,"column":null}},"6":{"start":{"line":47,"column":4},"end":{"line":47,"column":null}},"7":{"start":{"line":48,"column":4},"end":{"line":48,"column":null}},"8":{"start":{"line":52,"column":18},"end":{"line":58,"column":null}},"9":{"start":{"line":53,"column":2},"end":{"line":57,"column":null}},"10":{"start":{"line":54,"column":4},"end":{"line":54,"column":null}},"11":{"start":{"line":56,"column":4},"end":{"line":56,"column":null}},"12":{"start":{"line":60,"column":21},"end":{"line":753,"column":null}},"13":{"start":{"line":61,"column":18},"end":{"line":61,"column":null}},"14":{"start":{"line":64,"column":32},"end":{"line":64,"column":null}},"15":{"start":{"line":65,"column":34},"end":{"line":65,"column":null}},"16":{"start":{"line":66,"column":34},"end":{"line":66,"column":null}},"17":{"start":{"line":69,"column":34},"end":{"line":69,"column":null}},"18":{"start":{"line":70,"column":46},"end":{"line":70,"column":null}},"19":{"start":{"line":73,"column":42},"end":{"line":73,"column":null}},"20":{"start":{"line":74,"column":46},"end":{"line":74,"column":null}},"21":{"start":{"line":75,"column":56},"end":{"line":75,"column":null}},"22":{"start":{"line":77,"column":40},"end":{"line":77,"column":null}},"23":{"start":{"line":78,"column":44},"end":{"line":78,"column":null}},"24":{"start":{"line":79,"column":54},"end":{"line":79,"column":null}},"25":{"start":{"line":81,"column":34},"end":{"line":81,"column":null}},"26":{"start":{"line":82,"column":38},"end":{"line":82,"column":null}},"27":{"start":{"line":83,"column":48},"end":{"line":83,"column":null}},"28":{"start":{"line":86,"column":42},"end":{"line":86,"column":null}},"29":{"start":{"line":87,"column":42},"end":{"line":87,"column":null}},"30":{"start":{"line":90,"column":38},"end":{"line":90,"column":null}},"31":{"start":{"line":91,"column":36},"end":{"line":91,"column":null}},"32":{"start":{"line":92,"column":36},"end":{"line":92,"column":null}},"33":{"start":{"line":93,"column":20},"end":{"line":93,"column":null}},"34":{"start":{"line":95,"column":48},"end":{"line":95,"column":null}},"35":{"start":{"line":96,"column":52},"end":{"line":96,"column":null}},"36":{"start":{"line":97,"column":58},"end":{"line":97,"column":null}},"37":{"start":{"line":98,"column":50},"end":{"line":98,"column":null}},"38":{"start":{"line":99,"column":42},"end":{"line":99,"column":null}},"39":{"start":{"line":100,"column":36},"end":{"line":100,"column":null}},"40":{"start":{"line":101,"column":52},"end":{"line":101,"column":null}},"41":{"start":{"line":102,"column":38},"end":{"line":102,"column":null}},"42":{"start":{"line":105,"column":52},"end":{"line":105,"column":null}},"43":{"start":{"line":106,"column":54},"end":{"line":106,"column":null}},"44":{"start":{"line":107,"column":66},"end":{"line":107,"column":null}},"45":{"start":{"line":110,"column":28},"end":{"line":110,"column":null}},"46":{"start":{"line":111,"column":44},"end":{"line":111,"column":null}},"47":{"start":{"line":114,"column":50},"end":{"line":114,"column":null}},"48":{"start":{"line":117,"column":18},"end":{"line":135,"column":null}},"49":{"start":{"line":119,"column":6},"end":{"line":119,"column":null}},"50":{"start":{"line":120,"column":6},"end":{"line":120,"column":null}},"51":{"start":{"line":121,"column":6},"end":{"line":121,"column":null}},"52":{"start":{"line":122,"column":6},"end":{"line":122,"column":null}},"53":{"start":{"line":123,"column":6},"end":{"line":123,"column":null}},"54":{"start":{"line":124,"column":6},"end":{"line":124,"column":null}},"55":{"start":{"line":126,"column":18},"end":{"line":126,"column":null}},"56":{"start":{"line":127,"column":23},"end":{"line":134,"column":null}},"57":{"start":{"line":137,"column":8},"end":{"line":137,"column":null}},"58":{"start":{"line":141,"column":2},"end":{"line":146,"column":null}},"59":{"start":{"line":142,"column":4},"end":{"line":145,"column":null}},"60":{"start":{"line":143,"column":6},"end":{"line":143,"column":null}},"61":{"start":{"line":144,"column":6},"end":{"line":144,"column":null}},"62":{"start":{"line":149,"column":2},"end":{"line":151,"column":null}},"63":{"start":{"line":150,"column":4},"end":{"line":150,"column":null}},"64":{"start":{"line":154,"column":2},"end":{"line":163,"column":null}},"65":{"start":{"line":155,"column":4},"end":{"line":162,"column":null}},"66":{"start":{"line":166,"column":2},"end":{"line":170,"column":null}},"67":{"start":{"line":167,"column":4},"end":{"line":169,"column":null}},"68":{"start":{"line":168,"column":6},"end":{"line":168,"column":null}},"69":{"start":{"line":174,"column":21},"end":{"line":181,"column":null}},"70":{"start":{"line":175,"column":4},"end":{"line":175,"column":null}},"71":{"start":{"line":175,"column":15},"end":{"line":175,"column":null}},"72":{"start":{"line":176,"column":4},"end":{"line":176,"column":null}},"73":{"start":{"line":177,"column":4},"end":{"line":177,"column":null}},"74":{"start":{"line":178,"column":4},"end":{"line":178,"column":null}},"75":{"start":{"line":179,"column":4},"end":{"line":179,"column":null}},"76":{"start":{"line":180,"column":4},"end":{"line":180,"column":null}},"77":{"start":{"line":183,"column":23},"end":{"line":189,"column":null}},"78":{"start":{"line":184,"column":4},"end":{"line":184,"column":null}},"79":{"start":{"line":184,"column":15},"end":{"line":184,"column":null}},"80":{"start":{"line":185,"column":4},"end":{"line":185,"column":null}},"81":{"start":{"line":186,"column":4},"end":{"line":186,"column":null}},"82":{"start":{"line":187,"column":4},"end":{"line":187,"column":null}},"83":{"start":{"line":188,"column":4},"end":{"line":188,"column":null}},"84":{"start":{"line":192,"column":22},"end":{"line":201,"column":null}},"85":{"start":{"line":193,"column":4},"end":{"line":193,"column":null}},"86":{"start":{"line":194,"column":4},"end":{"line":194,"column":null}},"87":{"start":{"line":194,"column":40},"end":{"line":194,"column":61}},"88":{"start":{"line":194,"column":61},"end":{"line":194,"column":90}},"89":{"start":{"line":194,"column":90},"end":{"line":194,"column":98}},"90":{"start":{"line":196,"column":20},"end":{"line":196,"column":null}},"91":{"start":{"line":197,"column":18},"end":{"line":197,"column":null}},"92":{"start":{"line":197,"column":38},"end":{"line":197,"column":81}},"93":{"start":{"line":198,"column":4},"end":{"line":198,"column":null}},"94":{"start":{"line":199,"column":4},"end":{"line":199,"column":null}},"95":{"start":{"line":200,"column":4},"end":{"line":200,"column":null}},"96":{"start":{"line":203,"column":26},"end":{"line":210,"column":null}},"97":{"start":{"line":204,"column":4},"end":{"line":204,"column":null}},"98":{"start":{"line":205,"column":4},"end":{"line":205,"column":null}},"99":{"start":{"line":205,"column":40},"end":{"line":205,"column":65}},"100":{"start":{"line":205,"column":65},"end":{"line":205,"column":98}},"101":{"start":{"line":205,"column":98},"end":{"line":205,"column":106}},"102":{"start":{"line":206,"column":20},"end":{"line":206,"column":null}},"103":{"start":{"line":207,"column":4},"end":{"line":207,"column":null}},"104":{"start":{"line":208,"column":4},"end":{"line":208,"column":null}},"105":{"start":{"line":209,"column":4},"end":{"line":209,"column":null}},"106":{"start":{"line":212,"column":25},"end":{"line":219,"column":null}},"107":{"start":{"line":213,"column":4},"end":{"line":213,"column":null}},"108":{"start":{"line":214,"column":4},"end":{"line":214,"column":null}},"109":{"start":{"line":214,"column":40},"end":{"line":214,"column":64}},"110":{"start":{"line":214,"column":64},"end":{"line":214,"column":96}},"111":{"start":{"line":214,"column":96},"end":{"line":214,"column":104}},"112":{"start":{"line":215,"column":20},"end":{"line":215,"column":null}},"113":{"start":{"line":216,"column":4},"end":{"line":216,"column":null}},"114":{"start":{"line":217,"column":4},"end":{"line":217,"column":null}},"115":{"start":{"line":218,"column":4},"end":{"line":218,"column":null}},"116":{"start":{"line":222,"column":22},"end":{"line":228,"column":null}},"117":{"start":{"line":223,"column":18},"end":{"line":223,"column":null}},"118":{"start":{"line":224,"column":4},"end":{"line":224,"column":null}},"119":{"start":{"line":224,"column":32},"end":{"line":224,"column":48}},"120":{"start":{"line":225,"column":4},"end":{"line":225,"column":null}},"121":{"start":{"line":226,"column":4},"end":{"line":226,"column":null}},"122":{"start":{"line":227,"column":4},"end":{"line":227,"column":null}},"123":{"start":{"line":230,"column":23},"end":{"line":248,"column":null}},"124":{"start":{"line":232,"column":4},"end":{"line":232,"column":null}},"125":{"start":{"line":233,"column":4},"end":{"line":233,"column":null}},"126":{"start":{"line":234,"column":4},"end":{"line":234,"column":null}},"127":{"start":{"line":235,"column":4},"end":{"line":235,"column":null}},"128":{"start":{"line":236,"column":4},"end":{"line":236,"column":null}},"129":{"start":{"line":239,"column":4},"end":{"line":239,"column":null}},"130":{"start":{"line":239,"column":30},"end":{"line":239,"column":null}},"131":{"start":{"line":240,"column":4},"end":{"line":240,"column":null}},"132":{"start":{"line":240,"column":29},"end":{"line":240,"column":null}},"133":{"start":{"line":243,"column":4},"end":{"line":243,"column":null}},"134":{"start":{"line":244,"column":4},"end":{"line":244,"column":null}},"135":{"start":{"line":245,"column":4},"end":{"line":245,"column":null}},"136":{"start":{"line":246,"column":4},"end":{"line":246,"column":null}},"137":{"start":{"line":247,"column":4},"end":{"line":247,"column":null}},"138":{"start":{"line":250,"column":25},"end":{"line":290,"column":null}},"139":{"start":{"line":251,"column":4},"end":{"line":251,"column":null}},"140":{"start":{"line":251,"column":22},"end":{"line":251,"column":null}},"141":{"start":{"line":253,"column":4},"end":{"line":287,"column":null}},"142":{"start":{"line":255,"column":6},"end":{"line":272,"column":null}},"143":{"start":{"line":256,"column":24},"end":{"line":256,"column":null}},"144":{"start":{"line":257,"column":8},"end":{"line":261,"column":null}},"145":{"start":{"line":258,"column":10},"end":{"line":260,"column":null}},"146":{"start":{"line":261,"column":22},"end":{"line":261,"column":67}},"147":{"start":{"line":263,"column":28},"end":{"line":263,"column":null}},"148":{"start":{"line":263,"column":48},"end":{"line":263,"column":106}},"149":{"start":{"line":265,"column":8},"end":{"line":271,"column":null}},"150":{"start":{"line":266,"column":10},"end":{"line":266,"column":null}},"151":{"start":{"line":267,"column":10},"end":{"line":267,"column":null}},"152":{"start":{"line":268,"column":10},"end":{"line":268,"column":null}},"153":{"start":{"line":269,"column":10},"end":{"line":269,"column":null}},"154":{"start":{"line":270,"column":10},"end":{"line":270,"column":null}},"155":{"start":{"line":274,"column":20},"end":{"line":274,"column":null}},"156":{"start":{"line":275,"column":6},"end":{"line":275,"column":null}},"157":{"start":{"line":275,"column":28},"end":{"line":275,"column":44}},"158":{"start":{"line":276,"column":6},"end":{"line":276,"column":null}},"159":{"start":{"line":277,"column":6},"end":{"line":277,"column":null}},"160":{"start":{"line":278,"column":6},"end":{"line":278,"column":null}},"161":{"start":{"line":279,"column":6},"end":{"line":279,"column":null}},"162":{"start":{"line":281,"column":20},"end":{"line":281,"column":null}},"163":{"start":{"line":282,"column":6},"end":{"line":282,"column":null}},"164":{"start":{"line":282,"column":34},"end":{"line":282,"column":50}},"165":{"start":{"line":283,"column":6},"end":{"line":283,"column":null}},"166":{"start":{"line":284,"column":6},"end":{"line":284,"column":null}},"167":{"start":{"line":285,"column":6},"end":{"line":285,"column":null}},"168":{"start":{"line":286,"column":6},"end":{"line":286,"column":null}},"169":{"start":{"line":288,"column":4},"end":{"line":288,"column":null}},"170":{"start":{"line":289,"column":4},"end":{"line":289,"column":null}},"171":{"start":{"line":292,"column":34},"end":{"line":310,"column":null}},"172":{"start":{"line":293,"column":18},"end":{"line":298,"column":null}},"173":{"start":{"line":300,"column":4},"end":{"line":300,"column":null}},"174":{"start":{"line":300,"column":26},"end":{"line":300,"column":42}},"175":{"start":{"line":301,"column":4},"end":{"line":301,"column":null}},"176":{"start":{"line":302,"column":4},"end":{"line":302,"column":null}},"177":{"start":{"line":303,"column":4},"end":{"line":303,"column":null}},"178":{"start":{"line":304,"column":4},"end":{"line":304,"column":null}},"179":{"start":{"line":306,"column":4},"end":{"line":306,"column":null}},"180":{"start":{"line":307,"column":4},"end":{"line":307,"column":null}},"181":{"start":{"line":308,"column":4},"end":{"line":308,"column":null}},"182":{"start":{"line":309,"column":4},"end":{"line":309,"column":null}},"183":{"start":{"line":312,"column":26},"end":{"line":312,"column":null}},"184":{"start":{"line":312,"column":34},"end":{"line":312,"column":null}},"185":{"start":{"line":312,"column":56},"end":{"line":312,"column":85}},"186":{"start":{"line":312,"column":73},"end":{"line":312,"column":84}},"187":{"start":{"line":313,"column":25},"end":{"line":313,"column":null}},"188":{"start":{"line":313,"column":33},"end":{"line":313,"column":null}},"189":{"start":{"line":313,"column":61},"end":{"line":313,"column":90}},"190":{"start":{"line":313,"column":78},"end":{"line":313,"column":89}},"191":{"start":{"line":315,"column":25},"end":{"line":318,"column":null}},"192":{"start":{"line":316,"column":4},"end":{"line":316,"column":null}},"193":{"start":{"line":317,"column":4},"end":{"line":317,"column":null}},"194":{"start":{"line":320,"column":29},"end":{"line":327,"column":null}},"195":{"start":{"line":321,"column":4},"end":{"line":321,"column":null}},"196":{"start":{"line":321,"column":22},"end":{"line":321,"column":null}},"197":{"start":{"line":322,"column":4},"end":{"line":326,"column":null}},"198":{"start":{"line":322,"column":26},"end":{"line":326,"column":5}},"199":{"start":{"line":323,"column":6},"end":{"line":325,"column":null}},"200":{"start":{"line":329,"column":19},"end":{"line":335,"column":null}},"201":{"start":{"line":330,"column":4},"end":{"line":330,"column":null}},"202":{"start":{"line":330,"column":49},"end":{"line":330,"column":null}},"203":{"start":{"line":331,"column":4},"end":{"line":331,"column":null}},"204":{"start":{"line":332,"column":4},"end":{"line":332,"column":null}},"205":{"start":{"line":333,"column":4},"end":{"line":333,"column":null}},"206":{"start":{"line":334,"column":4},"end":{"line":334,"column":null}},"207":{"start":{"line":337,"column":22},"end":{"line":350,"column":null}},"208":{"start":{"line":338,"column":20},"end":{"line":345,"column":null}},"209":{"start":{"line":344,"column":8},"end":{"line":344,"column":null}},"210":{"start":{"line":347,"column":4},"end":{"line":349,"column":null}},"211":{"start":{"line":348,"column":6},"end":{"line":348,"column":null}},"212":{"start":{"line":353,"column":29},"end":{"line":358,"column":null}},"213":{"start":{"line":354,"column":4},"end":{"line":354,"column":null}},"214":{"start":{"line":354,"column":65},"end":{"line":354,"column":null}},"215":{"start":{"line":355,"column":4},"end":{"line":357,"column":null}},"216":{"start":{"line":355,"column":33},"end":{"line":355,"column":53}},"217":{"start":{"line":355,"column":53},"end":{"line":355,"column":137}},"218":{"start":{"line":355,"column":87},"end":{"line":355,"column":134}},"219":{"start":{"line":355,"column":137},"end":{"line":357,"column":null}},"220":{"start":{"line":356,"column":36},"end":{"line":356,"column":56}},"221":{"start":{"line":356,"column":56},"end":{"line":356,"column":114}},"222":{"start":{"line":356,"column":90},"end":{"line":356,"column":111}},"223":{"start":{"line":356,"column":114},"end":{"line":357,"column":null}},"224":{"start":{"line":357,"column":34},"end":{"line":357,"column":54}},"225":{"start":{"line":357,"column":54},"end":{"line":357,"column":123}},"226":{"start":{"line":360,"column":28},"end":{"line":365,"column":null}},"227":{"start":{"line":361,"column":4},"end":{"line":361,"column":null}},"228":{"start":{"line":361,"column":63},"end":{"line":361,"column":null}},"229":{"start":{"line":362,"column":4},"end":{"line":364,"column":null}},"230":{"start":{"line":362,"column":33},"end":{"line":362,"column":53}},"231":{"start":{"line":362,"column":53},"end":{"line":362,"column":135}},"232":{"start":{"line":362,"column":86},"end":{"line":362,"column":132}},"233":{"start":{"line":362,"column":135},"end":{"line":364,"column":null}},"234":{"start":{"line":363,"column":36},"end":{"line":363,"column":56}},"235":{"start":{"line":363,"column":56},"end":{"line":363,"column":113}},"236":{"start":{"line":363,"column":89},"end":{"line":363,"column":110}},"237":{"start":{"line":363,"column":113},"end":{"line":364,"column":null}},"238":{"start":{"line":364,"column":34},"end":{"line":364,"column":54}},"239":{"start":{"line":364,"column":54},"end":{"line":364,"column":120}},"240":{"start":{"line":367,"column":25},"end":{"line":372,"column":null}},"241":{"start":{"line":368,"column":4},"end":{"line":368,"column":null}},"242":{"start":{"line":368,"column":57},"end":{"line":368,"column":null}},"243":{"start":{"line":369,"column":4},"end":{"line":371,"column":null}},"244":{"start":{"line":369,"column":33},"end":{"line":369,"column":53}},"245":{"start":{"line":369,"column":53},"end":{"line":369,"column":129}},"246":{"start":{"line":369,"column":83},"end":{"line":369,"column":126}},"247":{"start":{"line":369,"column":129},"end":{"line":371,"column":null}},"248":{"start":{"line":370,"column":36},"end":{"line":370,"column":56}},"249":{"start":{"line":370,"column":56},"end":{"line":370,"column":110}},"250":{"start":{"line":370,"column":86},"end":{"line":370,"column":107}},"251":{"start":{"line":370,"column":110},"end":{"line":371,"column":null}},"252":{"start":{"line":371,"column":34},"end":{"line":371,"column":54}},"253":{"start":{"line":371,"column":54},"end":{"line":371,"column":101}},"254":{"start":{"line":375,"column":22},"end":{"line":381,"column":null}},"255":{"start":{"line":376,"column":4},"end":{"line":376,"column":null}},"256":{"start":{"line":376,"column":25},"end":{"line":376,"column":null}},"257":{"start":{"line":377,"column":4},"end":{"line":380,"column":null}},"258":{"start":{"line":377,"column":33},"end":{"line":377,"column":53}},"259":{"start":{"line":377,"column":53},"end":{"line":377,"column":127}},"260":{"start":{"line":377,"column":80},"end":{"line":377,"column":124}},"261":{"start":{"line":377,"column":127},"end":{"line":380,"column":null}},"262":{"start":{"line":378,"column":36},"end":{"line":378,"column":56}},"263":{"start":{"line":378,"column":56},"end":{"line":378,"column":107}},"264":{"start":{"line":378,"column":83},"end":{"line":378,"column":104}},"265":{"start":{"line":378,"column":107},"end":{"line":380,"column":null}},"266":{"start":{"line":379,"column":34},"end":{"line":379,"column":54}},"267":{"start":{"line":379,"column":54},"end":{"line":379,"column":101}},"268":{"start":{"line":379,"column":101},"end":{"line":379,"column":127}},"269":{"start":{"line":379,"column":127},"end":{"line":380,"column":null}},"270":{"start":{"line":380,"column":35},"end":{"line":380,"column":55}},"271":{"start":{"line":380,"column":55},"end":{"line":380,"column":81}},"272":{"start":{"line":383,"column":22},"end":{"line":389,"column":null}},"273":{"start":{"line":384,"column":4},"end":{"line":384,"column":null}},"274":{"start":{"line":384,"column":25},"end":{"line":384,"column":null}},"275":{"start":{"line":385,"column":4},"end":{"line":388,"column":null}},"276":{"start":{"line":385,"column":33},"end":{"line":385,"column":53}},"277":{"start":{"line":385,"column":53},"end":{"line":385,"column":127}},"278":{"start":{"line":385,"column":80},"end":{"line":385,"column":124}},"279":{"start":{"line":385,"column":127},"end":{"line":388,"column":null}},"280":{"start":{"line":386,"column":36},"end":{"line":386,"column":56}},"281":{"start":{"line":386,"column":56},"end":{"line":386,"column":107}},"282":{"start":{"line":386,"column":83},"end":{"line":386,"column":104}},"283":{"start":{"line":386,"column":107},"end":{"line":388,"column":null}},"284":{"start":{"line":387,"column":34},"end":{"line":387,"column":54}},"285":{"start":{"line":387,"column":54},"end":{"line":387,"column":101}},"286":{"start":{"line":387,"column":101},"end":{"line":387,"column":127}},"287":{"start":{"line":387,"column":127},"end":{"line":388,"column":null}},"288":{"start":{"line":388,"column":35},"end":{"line":388,"column":55}},"289":{"start":{"line":388,"column":55},"end":{"line":388,"column":81}},"290":{"start":{"line":391,"column":23},"end":{"line":394,"column":null}},"291":{"start":{"line":392,"column":4},"end":{"line":392,"column":null}},"292":{"start":{"line":392,"column":29},"end":{"line":392,"column":49}},"293":{"start":{"line":392,"column":49},"end":{"line":392,"column":67}},"294":{"start":{"line":393,"column":4},"end":{"line":393,"column":null}},"295":{"start":{"line":393,"column":30},"end":{"line":393,"column":50}},"296":{"start":{"line":393,"column":50},"end":{"line":393,"column":74}},"297":{"start":{"line":397,"column":20},"end":{"line":397,"column":null}},"298":{"start":{"line":397,"column":50},"end":{"line":397,"column":77}},"299":{"start":{"line":398,"column":20},"end":{"line":398,"column":null}},"300":{"start":{"line":398,"column":56},"end":{"line":398,"column":83}},"301":{"start":{"line":400,"column":2},"end":{"line":751,"column":null}},"302":{"start":{"line":404,"column":124},"end":{"line":404,"column":null}},"303":{"start":{"line":405,"column":117},"end":{"line":405,"column":null}},"304":{"start":{"line":422,"column":31},"end":{"line":422,"column":null}},"305":{"start":{"line":427,"column":37},"end":{"line":427,"column":61}},"306":{"start":{"line":438,"column":10},"end":{"line":438,"column":null}},"307":{"start":{"line":445,"column":23},"end":{"line":445,"column":null}},"308":{"start":{"line":455,"column":29},"end":{"line":455,"column":null}},"309":{"start":{"line":462,"column":29},"end":{"line":462,"column":null}},"310":{"start":{"line":469,"column":29},"end":{"line":469,"column":null}},"311":{"start":{"line":476,"column":29},"end":{"line":476,"column":null}},"312":{"start":{"line":487,"column":12},"end":{"line":487,"column":null}},"313":{"start":{"line":489,"column":12},"end":{"line":489,"column":null}},"314":{"start":{"line":504,"column":27},"end":{"line":504,"column":null}},"315":{"start":{"line":511,"column":27},"end":{"line":511,"column":null}},"316":{"start":{"line":523,"column":23},"end":{"line":523,"column":null}},"317":{"start":{"line":540,"column":31},"end":{"line":540,"column":null}},"318":{"start":{"line":549,"column":16},"end":{"line":556,"column":null}},"319":{"start":{"line":551,"column":40},"end":{"line":551,"column":60}},"320":{"start":{"line":551,"column":60},"end":{"line":551,"column":78}},"321":{"start":{"line":570,"column":31},"end":{"line":570,"column":54}},"322":{"start":{"line":570,"column":54},"end":{"line":570,"column":90}},"323":{"start":{"line":580,"column":45},"end":{"line":580,"column":70}},"324":{"start":{"line":581,"column":20},"end":{"line":581,"column":null}},"325":{"start":{"line":581,"column":56},"end":{"line":581,"column":74}},"326":{"start":{"line":581,"column":74},"end":{"line":581,"column":100}},"327":{"start":{"line":584,"column":45},"end":{"line":584,"column":66}},"328":{"start":{"line":585,"column":20},"end":{"line":585,"column":null}},"329":{"start":{"line":585,"column":56},"end":{"line":585,"column":74}},"330":{"start":{"line":585,"column":74},"end":{"line":585,"column":100}},"331":{"start":{"line":588,"column":45},"end":{"line":588,"column":65}},"332":{"start":{"line":591,"column":49},"end":{"line":591,"column":69}},"333":{"start":{"line":592,"column":24},"end":{"line":592,"column":null}},"334":{"start":{"line":592,"column":60},"end":{"line":592,"column":78}},"335":{"start":{"line":592,"column":78},"end":{"line":592,"column":104}},"336":{"start":{"line":607,"column":31},"end":{"line":607,"column":54}},"337":{"start":{"line":607,"column":54},"end":{"line":607,"column":90}},"338":{"start":{"line":617,"column":45},"end":{"line":617,"column":70}},"339":{"start":{"line":618,"column":20},"end":{"line":618,"column":null}},"340":{"start":{"line":618,"column":56},"end":{"line":618,"column":74}},"341":{"start":{"line":618,"column":74},"end":{"line":618,"column":100}},"342":{"start":{"line":621,"column":45},"end":{"line":621,"column":61}},"343":{"start":{"line":622,"column":20},"end":{"line":622,"column":null}},"344":{"start":{"line":622,"column":56},"end":{"line":622,"column":74}},"345":{"start":{"line":622,"column":74},"end":{"line":622,"column":100}},"346":{"start":{"line":645,"column":33},"end":{"line":645,"column":null}},"347":{"start":{"line":662,"column":43},"end":{"line":662,"column":null}},"348":{"start":{"line":682,"column":40},"end":{"line":682,"column":null}},"349":{"start":{"line":707,"column":23},"end":{"line":707,"column":null}},"350":{"start":{"line":721,"column":23},"end":{"line":721,"column":null}},"351":{"start":{"line":733,"column":23},"end":{"line":733,"column":null}},"352":{"start":{"line":740,"column":23},"end":{"line":740,"column":null}},"353":{"start":{"line":746,"column":23},"end":{"line":746,"column":null}}},"fnMap":{"0":{"name":"(anonymous_0)","decl":{"start":{"line":42,"column":18},"end":{"line":42,"column":24}},"loc":{"start":{"line":42,"column":24},"end":{"line":50,"column":null}},"line":42},"1":{"name":"(anonymous_1)","decl":{"start":{"line":52,"column":18},"end":{"line":52,"column":19}},"loc":{"start":{"line":52,"column":29},"end":{"line":58,"column":null}},"line":52},"2":{"name":"(anonymous_2)","decl":{"start":{"line":60,"column":21},"end":{"line":60,"column":27}},"loc":{"start":{"line":60,"column":27},"end":{"line":753,"column":null}},"line":60},"3":{"name":"(anonymous_3)","decl":{"start":{"line":118,"column":14},"end":{"line":118,"column":20}},"loc":{"start":{"line":118,"column":20},"end":{"line":125,"column":null}},"line":118},"4":{"name":"(anonymous_4)","decl":{"start":{"line":126,"column":12},"end":{"line":126,"column":18}},"loc":{"start":{"line":126,"column":18},"end":{"line":126,"column":null}},"line":126},"5":{"name":"(anonymous_5)","decl":{"start":{"line":127,"column":17},"end":{"line":127,"column":23}},"loc":{"start":{"line":127,"column":23},"end":{"line":134,"column":null}},"line":127},"6":{"name":"(anonymous_6)","decl":{"start":{"line":141,"column":12},"end":{"line":141,"column":18}},"loc":{"start":{"line":141,"column":18},"end":{"line":146,"column":5}},"line":141},"7":{"name":"(anonymous_7)","decl":{"start":{"line":149,"column":12},"end":{"line":149,"column":18}},"loc":{"start":{"line":149,"column":18},"end":{"line":151,"column":5}},"line":149},"8":{"name":"(anonymous_8)","decl":{"start":{"line":154,"column":12},"end":{"line":154,"column":18}},"loc":{"start":{"line":154,"column":18},"end":{"line":163,"column":5}},"line":154},"9":{"name":"(anonymous_9)","decl":{"start":{"line":166,"column":12},"end":{"line":166,"column":18}},"loc":{"start":{"line":166,"column":18},"end":{"line":170,"column":5}},"line":166},"10":{"name":"(anonymous_10)","decl":{"start":{"line":174,"column":21},"end":{"line":174,"column":22}},"loc":{"start":{"line":174,"column":31},"end":{"line":181,"column":null}},"line":174},"11":{"name":"(anonymous_11)","decl":{"start":{"line":183,"column":23},"end":{"line":183,"column":24}},"loc":{"start":{"line":183,"column":33},"end":{"line":189,"column":null}},"line":183},"12":{"name":"(anonymous_12)","decl":{"start":{"line":192,"column":22},"end":{"line":192,"column":29}},"loc":{"start":{"line":192,"column":39},"end":{"line":201,"column":null}},"line":192},"13":{"name":"(anonymous_13)","decl":{"start":{"line":197,"column":33},"end":{"line":197,"column":38}},"loc":{"start":{"line":197,"column":38},"end":{"line":197,"column":81}},"line":197},"14":{"name":"(anonymous_14)","decl":{"start":{"line":203,"column":26},"end":{"line":203,"column":33}},"loc":{"start":{"line":203,"column":43},"end":{"line":210,"column":null}},"line":203},"15":{"name":"(anonymous_15)","decl":{"start":{"line":212,"column":25},"end":{"line":212,"column":32}},"loc":{"start":{"line":212,"column":42},"end":{"line":219,"column":null}},"line":212},"16":{"name":"(anonymous_16)","decl":{"start":{"line":222,"column":22},"end":{"line":222,"column":23}},"loc":{"start":{"line":222,"column":31},"end":{"line":228,"column":null}},"line":222},"17":{"name":"(anonymous_17)","decl":{"start":{"line":224,"column":24},"end":{"line":224,"column":32}},"loc":{"start":{"line":224,"column":32},"end":{"line":224,"column":48}},"line":224},"18":{"name":"(anonymous_18)","decl":{"start":{"line":230,"column":23},"end":{"line":230,"column":24}},"loc":{"start":{"line":230,"column":39},"end":{"line":248,"column":null}},"line":230},"19":{"name":"(anonymous_19)","decl":{"start":{"line":250,"column":25},"end":{"line":250,"column":31}},"loc":{"start":{"line":250,"column":31},"end":{"line":290,"column":null}},"line":250},"20":{"name":"(anonymous_20)","decl":{"start":{"line":263,"column":43},"end":{"line":263,"column":48}},"loc":{"start":{"line":263,"column":48},"end":{"line":263,"column":106}},"line":263},"21":{"name":"(anonymous_21)","decl":{"start":{"line":275,"column":20},"end":{"line":275,"column":28}},"loc":{"start":{"line":275,"column":28},"end":{"line":275,"column":44}},"line":275},"22":{"name":"(anonymous_22)","decl":{"start":{"line":282,"column":26},"end":{"line":282,"column":34}},"loc":{"start":{"line":282,"column":34},"end":{"line":282,"column":50}},"line":282},"23":{"name":"(anonymous_23)","decl":{"start":{"line":292,"column":34},"end":{"line":292,"column":35}},"loc":{"start":{"line":292,"column":57},"end":{"line":310,"column":null}},"line":292},"24":{"name":"(anonymous_24)","decl":{"start":{"line":300,"column":18},"end":{"line":300,"column":26}},"loc":{"start":{"line":300,"column":26},"end":{"line":300,"column":42}},"line":300},"25":{"name":"(anonymous_25)","decl":{"start":{"line":312,"column":26},"end":{"line":312,"column":27}},"loc":{"start":{"line":312,"column":34},"end":{"line":312,"column":null}},"line":312},"26":{"name":"(anonymous_26)","decl":{"start":{"line":312,"column":48},"end":{"line":312,"column":56}},"loc":{"start":{"line":312,"column":56},"end":{"line":312,"column":85}},"line":312},"27":{"name":"(anonymous_27)","decl":{"start":{"line":312,"column":68},"end":{"line":312,"column":73}},"loc":{"start":{"line":312,"column":73},"end":{"line":312,"column":84}},"line":312},"28":{"name":"(anonymous_28)","decl":{"start":{"line":313,"column":25},"end":{"line":313,"column":26}},"loc":{"start":{"line":313,"column":33},"end":{"line":313,"column":null}},"line":313},"29":{"name":"(anonymous_29)","decl":{"start":{"line":313,"column":53},"end":{"line":313,"column":61}},"loc":{"start":{"line":313,"column":61},"end":{"line":313,"column":90}},"line":313},"30":{"name":"(anonymous_30)","decl":{"start":{"line":313,"column":73},"end":{"line":313,"column":78}},"loc":{"start":{"line":313,"column":78},"end":{"line":313,"column":89}},"line":313},"31":{"name":"(anonymous_31)","decl":{"start":{"line":315,"column":25},"end":{"line":315,"column":26}},"loc":{"start":{"line":315,"column":34},"end":{"line":318,"column":null}},"line":315},"32":{"name":"(anonymous_32)","decl":{"start":{"line":320,"column":29},"end":{"line":320,"column":30}},"loc":{"start":{"line":320,"column":50},"end":{"line":327,"column":null}},"line":320},"33":{"name":"(anonymous_33)","decl":{"start":{"line":322,"column":18},"end":{"line":322,"column":26}},"loc":{"start":{"line":322,"column":26},"end":{"line":326,"column":5}},"line":322},"34":{"name":"(anonymous_34)","decl":{"start":{"line":322,"column":35},"end":{"line":322,"column":null}},"loc":{"start":{"line":323,"column":6},"end":{"line":325,"column":null}},"line":323},"35":{"name":"(anonymous_35)","decl":{"start":{"line":329,"column":19},"end":{"line":329,"column":25}},"loc":{"start":{"line":329,"column":25},"end":{"line":335,"column":null}},"line":329},"36":{"name":"(anonymous_36)","decl":{"start":{"line":337,"column":22},"end":{"line":337,"column":28}},"loc":{"start":{"line":337,"column":28},"end":{"line":350,"column":null}},"line":337},"37":{"name":"(anonymous_37)","decl":{"start":{"line":343,"column":30},"end":{"line":343,"column":null}},"loc":{"start":{"line":344,"column":8},"end":{"line":344,"column":null}},"line":344},"38":{"name":"(anonymous_38)","decl":{"start":{"line":347,"column":48},"end":{"line":347,"column":54}},"loc":{"start":{"line":347,"column":54},"end":{"line":349,"column":5}},"line":347},"39":{"name":"(anonymous_39)","decl":{"start":{"line":353,"column":29},"end":{"line":353,"column":30}},"loc":{"start":{"line":353,"column":36},"end":{"line":358,"column":null}},"line":353},"40":{"name":"(anonymous_40)","decl":{"start":{"line":355,"column":79},"end":{"line":355,"column":87}},"loc":{"start":{"line":355,"column":87},"end":{"line":355,"column":134}},"line":355},"41":{"name":"(anonymous_41)","decl":{"start":{"line":356,"column":82},"end":{"line":356,"column":90}},"loc":{"start":{"line":356,"column":90},"end":{"line":356,"column":111}},"line":356},"42":{"name":"(anonymous_42)","decl":{"start":{"line":360,"column":28},"end":{"line":360,"column":29}},"loc":{"start":{"line":360,"column":35},"end":{"line":365,"column":null}},"line":360},"43":{"name":"(anonymous_43)","decl":{"start":{"line":362,"column":78},"end":{"line":362,"column":86}},"loc":{"start":{"line":362,"column":86},"end":{"line":362,"column":132}},"line":362},"44":{"name":"(anonymous_44)","decl":{"start":{"line":363,"column":81},"end":{"line":363,"column":89}},"loc":{"start":{"line":363,"column":89},"end":{"line":363,"column":110}},"line":363},"45":{"name":"(anonymous_45)","decl":{"start":{"line":367,"column":25},"end":{"line":367,"column":26}},"loc":{"start":{"line":367,"column":32},"end":{"line":372,"column":null}},"line":367},"46":{"name":"(anonymous_46)","decl":{"start":{"line":369,"column":75},"end":{"line":369,"column":83}},"loc":{"start":{"line":369,"column":83},"end":{"line":369,"column":126}},"line":369},"47":{"name":"(anonymous_47)","decl":{"start":{"line":370,"column":78},"end":{"line":370,"column":86}},"loc":{"start":{"line":370,"column":86},"end":{"line":370,"column":107}},"line":370},"48":{"name":"(anonymous_48)","decl":{"start":{"line":375,"column":22},"end":{"line":375,"column":23}},"loc":{"start":{"line":375,"column":29},"end":{"line":381,"column":null}},"line":375},"49":{"name":"(anonymous_49)","decl":{"start":{"line":377,"column":72},"end":{"line":377,"column":80}},"loc":{"start":{"line":377,"column":80},"end":{"line":377,"column":124}},"line":377},"50":{"name":"(anonymous_50)","decl":{"start":{"line":378,"column":75},"end":{"line":378,"column":83}},"loc":{"start":{"line":378,"column":83},"end":{"line":378,"column":104}},"line":378},"51":{"name":"(anonymous_51)","decl":{"start":{"line":383,"column":22},"end":{"line":383,"column":23}},"loc":{"start":{"line":383,"column":29},"end":{"line":389,"column":null}},"line":383},"52":{"name":"(anonymous_52)","decl":{"start":{"line":385,"column":72},"end":{"line":385,"column":80}},"loc":{"start":{"line":385,"column":80},"end":{"line":385,"column":124}},"line":385},"53":{"name":"(anonymous_53)","decl":{"start":{"line":386,"column":75},"end":{"line":386,"column":83}},"loc":{"start":{"line":386,"column":83},"end":{"line":386,"column":104}},"line":386},"54":{"name":"(anonymous_54)","decl":{"start":{"line":391,"column":23},"end":{"line":391,"column":24}},"loc":{"start":{"line":391,"column":30},"end":{"line":394,"column":null}},"line":391},"55":{"name":"(anonymous_55)","decl":{"start":{"line":397,"column":38},"end":{"line":397,"column":39}},"loc":{"start":{"line":397,"column":50},"end":{"line":397,"column":77}},"line":397},"56":{"name":"(anonymous_56)","decl":{"start":{"line":398,"column":44},"end":{"line":398,"column":45}},"loc":{"start":{"line":398,"column":56},"end":{"line":398,"column":83}},"line":398},"57":{"name":"(anonymous_57)","decl":{"start":{"line":404,"column":118},"end":{"line":404,"column":124}},"loc":{"start":{"line":404,"column":124},"end":{"line":404,"column":null}},"line":404},"58":{"name":"(anonymous_58)","decl":{"start":{"line":405,"column":112},"end":{"line":405,"column":117}},"loc":{"start":{"line":405,"column":117},"end":{"line":405,"column":null}},"line":405},"59":{"name":"(anonymous_59)","decl":{"start":{"line":422,"column":24},"end":{"line":422,"column":25}},"loc":{"start":{"line":422,"column":31},"end":{"line":422,"column":null}},"line":422},"60":{"name":"(anonymous_60)","decl":{"start":{"line":427,"column":31},"end":{"line":427,"column":37}},"loc":{"start":{"line":427,"column":37},"end":{"line":427,"column":61}},"line":427},"61":{"name":"(anonymous_61)","decl":{"start":{"line":437,"column":17},"end":{"line":437,"column":23}},"loc":{"start":{"line":437,"column":23},"end":{"line":440,"column":null}},"line":437},"62":{"name":"(anonymous_62)","decl":{"start":{"line":445,"column":17},"end":{"line":445,"column":23}},"loc":{"start":{"line":445,"column":23},"end":{"line":445,"column":null}},"line":445},"63":{"name":"(anonymous_63)","decl":{"start":{"line":455,"column":23},"end":{"line":455,"column":29}},"loc":{"start":{"line":455,"column":29},"end":{"line":455,"column":null}},"line":455},"64":{"name":"(anonymous_64)","decl":{"start":{"line":462,"column":23},"end":{"line":462,"column":29}},"loc":{"start":{"line":462,"column":29},"end":{"line":462,"column":null}},"line":462},"65":{"name":"(anonymous_65)","decl":{"start":{"line":469,"column":23},"end":{"line":469,"column":29}},"loc":{"start":{"line":469,"column":29},"end":{"line":469,"column":null}},"line":469},"66":{"name":"(anonymous_66)","decl":{"start":{"line":476,"column":23},"end":{"line":476,"column":29}},"loc":{"start":{"line":476,"column":29},"end":{"line":476,"column":null}},"line":476},"67":{"name":"(anonymous_67)","decl":{"start":{"line":486,"column":27},"end":{"line":486,"column":28}},"loc":{"start":{"line":486,"column":40},"end":{"line":490,"column":null}},"line":486},"68":{"name":"(anonymous_68)","decl":{"start":{"line":504,"column":21},"end":{"line":504,"column":27}},"loc":{"start":{"line":504,"column":27},"end":{"line":504,"column":null}},"line":504},"69":{"name":"(anonymous_69)","decl":{"start":{"line":511,"column":21},"end":{"line":511,"column":27}},"loc":{"start":{"line":511,"column":27},"end":{"line":511,"column":null}},"line":511},"70":{"name":"(anonymous_70)","decl":{"start":{"line":523,"column":23},"end":{"line":523,"column":29}},"loc":{"start":{"line":523,"column":23},"end":{"line":523,"column":null}},"line":523},"71":{"name":"(anonymous_71)","decl":{"start":{"line":540,"column":24},"end":{"line":540,"column":25}},"loc":{"start":{"line":540,"column":31},"end":{"line":540,"column":null}},"line":540},"72":{"name":"(anonymous_72)","decl":{"start":{"line":548,"column":32},"end":{"line":548,"column":33}},"loc":{"start":{"line":549,"column":16},"end":{"line":556,"column":null}},"line":549},"73":{"name":"(anonymous_73)","decl":{"start":{"line":551,"column":31},"end":{"line":551,"column":32}},"loc":{"start":{"line":551,"column":38},"end":{"line":551,"column":null}},"line":551},"74":{"name":"(anonymous_74)","decl":{"start":{"line":570,"column":23},"end":{"line":570,"column":29}},"loc":{"start":{"line":570,"column":29},"end":{"line":570,"column":null}},"line":570},"75":{"name":"(anonymous_75)","decl":{"start":{"line":580,"column":40},"end":{"line":580,"column":45}},"loc":{"start":{"line":580,"column":45},"end":{"line":580,"column":70}},"line":580},"76":{"name":"(anonymous_76)","decl":{"start":{"line":580,"column":76},"end":{"line":580,"column":77}},"loc":{"start":{"line":581,"column":20},"end":{"line":581,"column":null}},"line":581},"77":{"name":"(anonymous_77)","decl":{"start":{"line":581,"column":48},"end":{"line":581,"column":54}},"loc":{"start":{"line":581,"column":54},"end":{"line":581,"column":103}},"line":581},"78":{"name":"(anonymous_78)","decl":{"start":{"line":584,"column":40},"end":{"line":584,"column":45}},"loc":{"start":{"line":584,"column":45},"end":{"line":584,"column":66}},"line":584},"79":{"name":"(anonymous_79)","decl":{"start":{"line":584,"column":72},"end":{"line":584,"column":73}},"loc":{"start":{"line":585,"column":20},"end":{"line":585,"column":null}},"line":585},"80":{"name":"(anonymous_80)","decl":{"start":{"line":585,"column":48},"end":{"line":585,"column":54}},"loc":{"start":{"line":585,"column":54},"end":{"line":585,"column":103}},"line":585},"81":{"name":"(anonymous_81)","decl":{"start":{"line":588,"column":40},"end":{"line":588,"column":45}},"loc":{"start":{"line":588,"column":45},"end":{"line":588,"column":65}},"line":588},"82":{"name":"(anonymous_82)","decl":{"start":{"line":591,"column":44},"end":{"line":591,"column":49}},"loc":{"start":{"line":591,"column":49},"end":{"line":591,"column":69}},"line":591},"83":{"name":"(anonymous_83)","decl":{"start":{"line":591,"column":75},"end":{"line":591,"column":76}},"loc":{"start":{"line":592,"column":24},"end":{"line":592,"column":null}},"line":592},"84":{"name":"(anonymous_84)","decl":{"start":{"line":592,"column":52},"end":{"line":592,"column":58}},"loc":{"start":{"line":592,"column":58},"end":{"line":592,"column":107}},"line":592},"85":{"name":"(anonymous_85)","decl":{"start":{"line":607,"column":23},"end":{"line":607,"column":29}},"loc":{"start":{"line":607,"column":29},"end":{"line":607,"column":null}},"line":607},"86":{"name":"(anonymous_86)","decl":{"start":{"line":617,"column":40},"end":{"line":617,"column":45}},"loc":{"start":{"line":617,"column":45},"end":{"line":617,"column":70}},"line":617},"87":{"name":"(anonymous_87)","decl":{"start":{"line":617,"column":76},"end":{"line":617,"column":77}},"loc":{"start":{"line":618,"column":20},"end":{"line":618,"column":null}},"line":618},"88":{"name":"(anonymous_88)","decl":{"start":{"line":618,"column":48},"end":{"line":618,"column":54}},"loc":{"start":{"line":618,"column":54},"end":{"line":618,"column":103}},"line":618},"89":{"name":"(anonymous_89)","decl":{"start":{"line":621,"column":40},"end":{"line":621,"column":45}},"loc":{"start":{"line":621,"column":45},"end":{"line":621,"column":61}},"line":621},"90":{"name":"(anonymous_90)","decl":{"start":{"line":621,"column":67},"end":{"line":621,"column":68}},"loc":{"start":{"line":622,"column":20},"end":{"line":622,"column":null}},"line":622},"91":{"name":"(anonymous_91)","decl":{"start":{"line":622,"column":48},"end":{"line":622,"column":54}},"loc":{"start":{"line":622,"column":54},"end":{"line":622,"column":103}},"line":622},"92":{"name":"(anonymous_92)","decl":{"start":{"line":645,"column":27},"end":{"line":645,"column":33}},"loc":{"start":{"line":645,"column":33},"end":{"line":645,"column":null}},"line":645},"93":{"name":"(anonymous_93)","decl":{"start":{"line":662,"column":33},"end":{"line":662,"column":34}},"loc":{"start":{"line":662,"column":43},"end":{"line":662,"column":null}},"line":662},"94":{"name":"(anonymous_94)","decl":{"start":{"line":682,"column":30},"end":{"line":682,"column":31}},"loc":{"start":{"line":682,"column":40},"end":{"line":682,"column":null}},"line":682},"95":{"name":"(anonymous_95)","decl":{"start":{"line":707,"column":17},"end":{"line":707,"column":23}},"loc":{"start":{"line":707,"column":23},"end":{"line":707,"column":null}},"line":707},"96":{"name":"(anonymous_96)","decl":{"start":{"line":721,"column":17},"end":{"line":721,"column":23}},"loc":{"start":{"line":721,"column":23},"end":{"line":721,"column":null}},"line":721},"97":{"name":"(anonymous_97)","decl":{"start":{"line":733,"column":17},"end":{"line":733,"column":23}},"loc":{"start":{"line":733,"column":23},"end":{"line":733,"column":null}},"line":733},"98":{"name":"(anonymous_98)","decl":{"start":{"line":740,"column":17},"end":{"line":740,"column":23}},"loc":{"start":{"line":740,"column":23},"end":{"line":740,"column":null}},"line":740},"99":{"name":"(anonymous_99)","decl":{"start":{"line":746,"column":17},"end":{"line":746,"column":23}},"loc":{"start":{"line":746,"column":23},"end":{"line":746,"column":null}},"line":746}},"branchMap":{"0":{"loc":{"start":{"line":45,"column":11},"end":{"line":45,"column":null}},"type":"cond-expr","locations":[{"start":{"line":45,"column":19},"end":{"line":45,"column":39}},{"start":{"line":45,"column":39},"end":{"line":45,"column":null}}],"line":45},"1":{"loc":{"start":{"line":65,"column":47},"end":{"line":65,"column":85}},"type":"binary-expr","locations":[{"start":{"line":65,"column":47},"end":{"line":65,"column":69}},{"start":{"line":65,"column":69},"end":{"line":65,"column":85}}],"line":65},"2":{"loc":{"start":{"line":66,"column":47},"end":{"line":66,"column":85}},"type":"binary-expr","locations":[{"start":{"line":66,"column":47},"end":{"line":66,"column":69}},{"start":{"line":66,"column":69},"end":{"line":66,"column":85}}],"line":66},"3":{"loc":{"start":{"line":69,"column":47},"end":{"line":69,"column":71}},"type":"binary-expr","locations":[{"start":{"line":69,"column":47},"end":{"line":69,"column":69}},{"start":{"line":69,"column":69},"end":{"line":69,"column":71}}],"line":69},"4":{"loc":{"start":{"line":70,"column":59},"end":{"line":70,"column":89}},"type":"binary-expr","locations":[{"start":{"line":70,"column":59},"end":{"line":70,"column":87}},{"start":{"line":70,"column":87},"end":{"line":70,"column":89}}],"line":70},"5":{"loc":{"start":{"line":142,"column":4},"end":{"line":145,"column":null}},"type":"if","locations":[{"start":{"line":142,"column":4},"end":{"line":145,"column":null}},{"start":{},"end":{}}],"line":142},"6":{"loc":{"start":{"line":167,"column":4},"end":{"line":169,"column":null}},"type":"if","locations":[{"start":{"line":167,"column":4},"end":{"line":169,"column":null}},{"start":{},"end":{}}],"line":167},"7":{"loc":{"start":{"line":167,"column":8},"end":{"line":167,"column":47}},"type":"binary-expr","locations":[{"start":{"line":167,"column":8},"end":{"line":167,"column":35}},{"start":{"line":167,"column":35},"end":{"line":167,"column":47}}],"line":167},"8":{"loc":{"start":{"line":175,"column":4},"end":{"line":175,"column":null}},"type":"if","locations":[{"start":{"line":175,"column":4},"end":{"line":175,"column":null}},{"start":{},"end":{}}],"line":175},"9":{"loc":{"start":{"line":178,"column":18},"end":{"line":178,"column":39}},"type":"binary-expr","locations":[{"start":{"line":178,"column":18},"end":{"line":178,"column":37}},{"start":{"line":178,"column":37},"end":{"line":178,"column":39}}],"line":178},"10":{"loc":{"start":{"line":179,"column":24},"end":{"line":179,"column":51}},"type":"binary-expr","locations":[{"start":{"line":179,"column":24},"end":{"line":179,"column":49}},{"start":{"line":179,"column":49},"end":{"line":179,"column":51}}],"line":179},"11":{"loc":{"start":{"line":184,"column":4},"end":{"line":184,"column":null}},"type":"if","locations":[{"start":{"line":184,"column":4},"end":{"line":184,"column":null}},{"start":{},"end":{}}],"line":184},"12":{"loc":{"start":{"line":187,"column":18},"end":{"line":187,"column":39}},"type":"binary-expr","locations":[{"start":{"line":187,"column":18},"end":{"line":187,"column":37}},{"start":{"line":187,"column":37},"end":{"line":187,"column":39}}],"line":187},"13":{"loc":{"start":{"line":188,"column":24},"end":{"line":188,"column":51}},"type":"binary-expr","locations":[{"start":{"line":188,"column":24},"end":{"line":188,"column":49}},{"start":{"line":188,"column":49},"end":{"line":188,"column":51}}],"line":188},"14":{"loc":{"start":{"line":194,"column":4},"end":{"line":194,"column":null}},"type":"if","locations":[{"start":{"line":194,"column":4},"end":{"line":194,"column":null}},{"start":{},"end":{}}],"line":194},"15":{"loc":{"start":{"line":194,"column":8},"end":{"line":194,"column":38}},"type":"binary-expr","locations":[{"start":{"line":194,"column":8},"end":{"line":194,"column":23}},{"start":{"line":194,"column":23},"end":{"line":194,"column":38}}],"line":194},"16":{"loc":{"start":{"line":205,"column":4},"end":{"line":205,"column":null}},"type":"if","locations":[{"start":{"line":205,"column":4},"end":{"line":205,"column":null}},{"start":{},"end":{}}],"line":205},"17":{"loc":{"start":{"line":205,"column":8},"end":{"line":205,"column":38}},"type":"binary-expr","locations":[{"start":{"line":205,"column":8},"end":{"line":205,"column":23}},{"start":{"line":205,"column":23},"end":{"line":205,"column":38}}],"line":205},"18":{"loc":{"start":{"line":207,"column":24},"end":{"line":207,"column":37}},"type":"binary-expr","locations":[{"start":{"line":207,"column":24},"end":{"line":207,"column":35}},{"start":{"line":207,"column":35},"end":{"line":207,"column":37}}],"line":207},"19":{"loc":{"start":{"line":208,"column":30},"end":{"line":208,"column":45}},"type":"binary-expr","locations":[{"start":{"line":208,"column":30},"end":{"line":208,"column":41}},{"start":{"line":208,"column":41},"end":{"line":208,"column":45}}],"line":208},"20":{"loc":{"start":{"line":214,"column":4},"end":{"line":214,"column":null}},"type":"if","locations":[{"start":{"line":214,"column":4},"end":{"line":214,"column":null}},{"start":{},"end":{}}],"line":214},"21":{"loc":{"start":{"line":214,"column":8},"end":{"line":214,"column":38}},"type":"binary-expr","locations":[{"start":{"line":214,"column":8},"end":{"line":214,"column":23}},{"start":{"line":214,"column":23},"end":{"line":214,"column":38}}],"line":214},"22":{"loc":{"start":{"line":216,"column":24},"end":{"line":216,"column":39}},"type":"binary-expr","locations":[{"start":{"line":216,"column":24},"end":{"line":216,"column":35}},{"start":{"line":216,"column":35},"end":{"line":216,"column":39}}],"line":216},"23":{"loc":{"start":{"line":217,"column":29},"end":{"line":217,"column":44}},"type":"binary-expr","locations":[{"start":{"line":217,"column":29},"end":{"line":217,"column":40}},{"start":{"line":217,"column":40},"end":{"line":217,"column":44}}],"line":217},"24":{"loc":{"start":{"line":239,"column":4},"end":{"line":239,"column":null}},"type":"if","locations":[{"start":{"line":239,"column":4},"end":{"line":239,"column":null}},{"start":{},"end":{}}],"line":239},"25":{"loc":{"start":{"line":240,"column":4},"end":{"line":240,"column":null}},"type":"if","locations":[{"start":{"line":240,"column":4},"end":{"line":240,"column":null}},{"start":{},"end":{}}],"line":240},"26":{"loc":{"start":{"line":251,"column":4},"end":{"line":251,"column":null}},"type":"if","locations":[{"start":{"line":251,"column":4},"end":{"line":251,"column":null}},{"start":{},"end":{}}],"line":251},"27":{"loc":{"start":{"line":253,"column":4},"end":{"line":287,"column":null}},"type":"if","locations":[{"start":{"line":253,"column":4},"end":{"line":287,"column":null}},{"start":{"line":280,"column":11},"end":{"line":287,"column":null}}],"line":253},"28":{"loc":{"start":{"line":255,"column":6},"end":{"line":272,"column":null}},"type":"if","locations":[{"start":{"line":255,"column":6},"end":{"line":272,"column":null}},{"start":{},"end":{}}],"line":255},"29":{"loc":{"start":{"line":255,"
[...]
,"/home/runner/work/cqt_light/cqt_light/frontend/src/utils/excelPriceParser.js": {"path":"/home/runner/work/cqt_light/cqt_light/frontend/src/utils/excelPriceParser.js","statementMap":{"0":{"start":{"line":9,"column":2},"end":{"line":154,"column":null}},"1":{"start":{"line":10,"column":19},"end":{"line":10,"column":35}},"2":{"start":{"line":12,"column":4},"end":{"line":150,"column":null}},"3":{"start":{"line":13,"column":6},"end":{"line":149,"column":null}},"4":{"start":{"line":14,"column":21},"end":{"line":14,"column":52}},"5":{"start":{"line":15,"column":25},"end":{"line":15,"column":59}},"6":{"start":{"line":18,"column":24},"end":{"line":26,"column":9}},"7":{"start":{"line":20,"column":26},"end":{"line":20,"column":44}},"8":{"start":{"line":21,"column":12},"end":{"line":24,"column":null}},"9":{"start":{"line":28,"column":8},"end":{"line":31,"column":null}},"10":{"start":{"line":29,"column":10},"end":{"line":29,"column":null}},"11":{"start":{"line":30,"column":10},"end":{"line":30,"column":null}},"12":{"start":{"line":33,"column":26},"end":{"line":33,"column":52}},"13":{"start":{"line":34,"column":25},"end":{"line":34,"column":104}},"14":{"start":{"line":36,"column":8},"end":{"line":39,"column":null}},"15":{"start":{"line":37,"column":10},"end":{"line":37,"column":null}},"16":{"start":{"line":38,"column":10},"end":{"line":38,"column":null}},"17":{"start":{"line":41,"column":8},"end":{"line":41,"column":null}},"18":{"start":{"line":44,"column":27},"end":{"line":48,"column":9}},"19":{"start":{"line":45,"column":10},"end":{"line":45,"column":null}},"20":{"start":{"line":45,"column":21},"end":{"line":45,"column":null}},"21":{"start":{"line":46,"column":24},"end":{"line":46,"column":58}},"22":{"start":{"line":47,"column":10},"end":{"line":47,"column":null}},"23":{"start":{"line":51,"column":28},"end":{"line":58,"column":9}},"24":{"start":{"line":52,"column":10},"end":{"line":52,"column":null}},"25":{"start":{"line":52,"column":40},"end":{"line":52,"column":null}},"26":{"start":{"line":53,"column":28},"end":{"line":53,"column":66}},"27":{"start":{"line":54,"column":10},"end":{"line":57,"column":null}},"28":{"start":{"line":61,"column":27},"end":{"line":68,"column":9}},"29":{"start":{"line":62,"column":24},"end":{"line":62,"column":50}},"30":{"start":{"line":63,"column":22},"end":{"line":63,"column":66}},"31":{"start":{"line":64,"column":10},"end":{"line":67,"column":null}},"32":{"start":{"line":64,"column":67},"end":{"line":67,"column":11}},"33":{"start":{"line":66,"column":40},"end":{"line":66,"column":59}},"34":{"start":{"line":71,"column":23},"end":{"line":71,"column":25}},"35":{"start":{"line":72,"column":26},"end":{"line":72,"column":28}},"36":{"start":{"line":73,"column":16},"end":{"line":73,"column":17}},"37":{"start":{"line":75,"column":8},"end":{"line":135,"column":null}},"38":{"start":{"line":76,"column":22},"end":{"line":76,"column":33}},"39":{"start":{"line":79,"column":10},"end":{"line":82,"column":null}},"40":{"start":{"line":79,"column":60},"end":{"line":79,"column":80}},"41":{"start":{"line":80,"column":12},"end":{"line":80,"column":null}},"42":{"start":{"line":81,"column":12},"end":{"line":81,"column":null}},"43":{"start":{"line":85,"column":27},"end":{"line":85,"column":33}},"44":{"start":{"line":87,"column":10},"end":{"line":132,"column":null}},"45":{"start":{"line":88,"column":29},"end":{"line":90,"column":65}},"46":{"start":{"line":92,"column":12},"end":{"line":131,"column":null}},"47":{"start":{"line":94,"column":28},"end":{"line":94,"column":32}},"48":{"start":{"line":95,"column":30},"end":{"line":95,"column":31}},"49":{"start":{"line":96,"column":35},"end":{"line":96,"column":39}},"50":{"start":{"line":98,"column":14},"end":{"line":113,"column":null}},"51":{"start":{"line":99,"column":32},"end":{"line":99,"column":55}},"52":{"start":{"line":102,"column":29},"end":{"line":102,"column":41}},"53":{"start":{"line":103,"column":16},"end":{"line":110,"column":null}},"54":{"start":{"line":104,"column":18},"end":{"line":104,"column":null}},"55":{"start":{"line":105,"column":18},"end":{"line":109,"column":null}},"56":{"start":{"line":106,"column":20},"end":{"line":106,"column":null}},"57":{"start":{"line":107,"column":20},"end":{"line":107,"column":null}},"58":{"start":{"line":108,"column":20},"end":{"line":108,"column":null}},"59":{"start":{"line":112,"column":16},"end":{"line":112,"column":null}},"60":{"start":{"line":115,"column":14},"end":{"line":130,"column":null}},"61":{"start":{"line":116,"column":16},"end":{"line":119,"column":null}},"62":{"start":{"line":122,"column":16},"end":{"line":122,"column":null}},"63":{"start":{"line":123,"column":16},"end":{"line":129,"column":null}},"64":{"start":{"line":134,"column":10},"end":{"line":134,"column":null}},"65":{"start":{"line":137,"column":23},"end":{"line":142,"column":9}},"66":{"start":{"line":144,"column":8},"end":{"line":144,"column":null}},"67":{"start":{"line":145,"column":8},"end":{"line":145,"column":null}},"68":{"start":{"line":147,"column":8},"end":{"line":147,"column":null}},"69":{"start":{"line":148,"column":8},"end":{"line":148,"column":null}},"70":{"start":{"line":152,"column":4},"end":{"line":152,"column":null}},"71":{"start":{"line":152,"column":27},"end":{"line":152,"column":67}},"72":{"start":{"line":153,"column":4},"end":{"line":153,"column":null}},"73":{"start":{"line":164,"column":17},"end":{"line":164,"column":38}},"74":{"start":{"line":166,"column":14},"end":{"line":166,"column":15}},"75":{"start":{"line":167,"column":21},"end":{"line":167,"column":22}},"76":{"start":{"line":169,"column":2},"end":{"line":175,"column":null}},"77":{"start":{"line":170,"column":4},"end":{"line":174,"column":null}},"78":{"start":{"line":171,"column":6},"end":{"line":171,"column":null}},"79":{"start":{"line":173,"column":6},"end":{"line":173,"column":null}},"80":{"start":{"line":177,"column":2},"end":{"line":182,"column":null}}},"fnMap":{"0":{"name":"parseExcelPrecos","decl":{"start":{"line":8,"column":22},"end":{"line":8,"column":38}},"loc":{"start":{"line":8,"column":45},"end":{"line":155,"column":null}},"line":8},"1":{"name":"(anonymous_1)","decl":{"start":{"line":9,"column":21},"end":{"line":9,"column":22}},"loc":{"start":{"line":9,"column":42},"end":{"line":154,"column":3}},"line":9},"2":{"name":"(anonymous_2)","decl":{"start":{"line":12,"column":20},"end":{"line":12,"column":21}},"loc":{"start":{"line":12,"column":27},"end":{"line":150,"column":5}},"line":12},"3":{"name":"(anonymous_3)","decl":{"start":{"line":19,"column":10},"end":{"line":19,"column":14}},"loc":{"start":{"line":19,"column":18},"end":{"line":25,"column":null}},"line":19},"4":{"name":"(anonymous_4)","decl":{"start":{"line":44,"column":27},"end":{"line":44,"column":28}},"loc":{"start":{"line":44,"column":37},"end":{"line":48,"column":9}},"line":44},"5":{"name":"(anonymous_5)","decl":{"start":{"line":51,"column":28},"end":{"line":51,"column":29}},"loc":{"start":{"line":51,"column":37},"end":{"line":58,"column":9}},"line":51},"6":{"name":"(anonymous_6)","decl":{"start":{"line":61,"column":27},"end":{"line":61,"column":28}},"loc":{"start":{"line":61,"column":42},"end":{"line":68,"column":9}},"line":61},"7":{"name":"(anonymous_7)","decl":{"start":{"line":64,"column":52},"end":{"line":64,"column":53}},"loc":{"start":{"line":64,"column":67},"end":{"line":67,"column":11}},"line":64},"8":{"name":"(anonymous_8)","decl":{"start":{"line":66,"column":32},"end":{"line":66,"column":36}},"loc":{"start":{"line":66,"column":40},"end":{"line":66,"column":59}},"line":66},"9":{"name":"(anonymous_9)","decl":{"start":{"line":79,"column":52},"end":{"line":79,"column":56}},"loc":{"start":{"line":79,"column":60},"end":{"line":79,"column":80}},"line":79},"10":{"name":"(anonymous_10)","decl":{"start":{"line":152,"column":21},"end":{"line":152,"column":22}},"loc":{"start":{"line":152,"column":27},"end":{"line":152,"column":67}},"line":152},"11":{"name":"validateImportPreview","decl":{"start":{"line":163,"column":16},"end":{"line":163,"column":37}},"loc":{"start":{"line":163,"column":65},"end":{"line":183,"column":null}},"line":163},"12":{"name":"(anonymous_12)","decl":{"start":{"line":169,"column":17},"end":{"line":169,"column":21}},"loc":{"start":{"line":169,"column":25},"end":{"line":175,"column":3}},"line":169}},"branchMap":{"0":{"loc":{"start":{"line":21,"column":19},"end":{"line":24,"column":35}},"type":"binary-expr","locations":[{"start":{"line":21,"column":20},"end":{"line":21,"column":43}},{"start":{"line":21,"column":47},"end":{"line":21,"column":74}},{"start":{"line":22,"column":14},"end":{"line":22,"column":37}},{"start":{"line":23,"column":14},"end":{"line":23,"column":37}},{"start":{"line":24,"column":14},"end":{"line":24,"column":35}}],"line":21},"1":{"loc":{"start":{"line":28,"column":8},"end":{"line":31,"column":null}},"type":"if","locations":[{"start":{"line":28,"column":8},"end":{"line":31,"column":null}},{"start":{},"end":{}}],"line":28},"2":{"loc":{"start":{"line":36,"column":8},"end":{"line":39,"column":null}},"type":"if","locations":[{"start":{"line":36,"column":8},"end":{"line":39,"column":null}},{"start":{},"end":{}}],"line":36},"3":{"loc":{"start":{"line":45,"column":10},"end":{"line":45,"column":null}},"type":"if","locations":[{"start":{"line":45,"column":10},"end":{"line":45,"column":null}},{"start":{},"end":{}}],"line":45},"4":{"loc":{"start":{"line":47,"column":17},"end":{"line":47,"column":40}},"type":"cond-expr","locations":[{"start":{"line":47,"column":25},"end":{"line":47,"column":33}},{"start":{"line":47,"column":36},"end":{"line":47,"column":40}}],"line":47},"5":{"loc":{"start":{"line":52,"column":10},"end":{"line":52,"column":null}},"type":"if","locations":[{"start":{"line":52,"column":10},"end":{"line":52,"column":null}},{"start":{},"end":{}}],"line":52},"6":{"loc":{"start":{"line":52,"column":14},"end":{"line":52,"column":38}},"type":"binary-expr","locations":[{"start":{"line":52,"column":14},"end":{"line":52,"column":18}},{"start":{"line":52,"column":22},"end":{"line":52,"column":38}}],"line":52},"7":{"loc":{"start":{"line":53,"column":28},"end":{"line":53,"column":66}},"type":"binary-expr","locations":[{"start":{"line":53,"column":28},"end":{"line":53,"column":60}},{"start":{"line":53,"column":64},"end":{"line":53,"column":66}}],"line":53},"8":{"loc":{"start":{"line":54,"column":17},"end":{"line":57,"column":43}},"type":"binary-expr","locations":[{"start":{"line":54,"column":17},"end":{"line":54,"column":44}},{"start":{"line":55,"column":12},"end":{"line":55,"column":45}},{"start":{"line":56,"column":12},"end":{"line":56,"column":43}},{"start":{"line":57,"column":12},"end":{"line":57,"column":43}}],"line":54},"9":{"loc":{"start":{"line":66,"column":40},"end":{"line":66,"column":59}},"type":"binary-expr","locations":[{"start":{"line":66,"column":40},"end":{"line":66,"column":44}},{"start":{"line":66,"column":48},"end":{"line":66,"column":59}}],"line":66},"10":{"loc":{"start":{"line":79,"column":10},"end":{"line":82,"column":null}},"type":"if","locations":[{"start":{"line":79,"column":10},"end":{"line":82,"column":null}},{"start":{},"end":{}}],"line":79},"11":{"loc":{"start":{"line":79,"column":14},"end":{"line":79,"column":81}},"type":"binary-expr","locations":[{"start":{"line":79,"column":14},"end":{"line":79,"column":30}},{"start":{"line":79,"column":34},"end":{"line":79,"column":38}},{"start":{"line":79,"column":42},"end":{"line":79,"column":81}}],"line":79},"12":{"loc":{"start":{"line":79,"column":60},"end":{"line":79,"column":80}},"type":"binary-expr","locations":[{"start":{"line":79,"column":60},"end":{"line":79,"column":65}},{"start":{"line":79,"column":69},"end":{"line":79,"column":80}}],"line":79},"13":{"loc":{"start":{"line":87,"column":10},"end":{"line":132,"column":null}},"type":"if","locations":[{"start":{"line":87,"column":10},"end":{"line":132,"column":null}},{"start":{},"end":{}}],"line":87},"14":{"loc":{"start":{"line":87,"column":14},"end":{"line":87,"column":76}},"type":"binary-expr","locations":[{"start":{"line":87,"column":14},"end":{"line":87,"column":36}},{"start":{"line":87,"column":40},"end":{"line":87,"column":57}},{"start":{"line":87,"column":61},"end":{"line":87,"column":76}}],"line":87},"15":{"loc":{"start":{"line":88,"column":29},"end":{"line":90,"column":65}},"type":"cond-expr","locations":[{"start":{"line":89,"column":16},"end":{"line":89,"column":null}},{"start":{"line":90,"column":16},"end":{"line":90,"column":65}}],"line":88},"16":{"loc":{"start":{"line":92,"column":12},"end":{"line":131,"column":null}},"type":"if","locations":[{"start":{"line":92,"column":12},"end":{"line":131,"column":null}},{"start":{},"end":{}}],"line":92},"17":{"loc":{"start":{"line":92,"column":16},"end":{"line":92,"column":48}},"type":"binary-expr","locations":[{"start":{"line":92,"column":16},"end":{"line":92,"column":32}},{"start":{"line":92,"column":36},"end":{"line":92,"column":48}}],"line":92},"18":{"loc":{"start":{"line":98,"column":21},"end":{"line":98,"column":72}},"type":"binary-expr","locations":[{"start":{"line":98,"column":21},"end":{"line":98,"column":35}},{"start":{"line":98,"column":39},"end":{"line":98,"column":72}}],"line":98},"19":{"loc":{"start":{"line":103,"column":16},"end":{"line":110,"column":null}},"type":"if","locations":[{"start":{"line":103,"column":16},"end":{"line":110,"column":null}},{"start":{},"end":{}}],"line":103},"20":{"loc":{"start":{"line":105,"column":18},"end":{"line":109,"column":null}},"type":"if","locations":[{"start":{"line":105,"column":18},"end":{"line":109,"column":null}},{"start":{},"end":{}}],"line":105},"21":{"loc":{"start":{"line":115,"column":14},"end":{"line":130,"column":null}},"type":"if","locations":[{"start":{"line":115,"column":14},"end":{"line":130,"column":null}},{"start":{"line":120,"column":21},"end":{"line":130,"column":null}}],"line":115},"22":{"loc":{"start":{"line":163,"column":46},"end":{"line":163,"column":63}},"type":"default-arg","locations":[{"start":{"line":163,"column":61},"end":{"line":163,"column":63}}],"line":163},"23":{"loc":{"start":{"line":170,"column":4},"end":{"line":174,"column":null}},"type":"if","locations":[{"start":{"line":170,"column":4},"end":{"line":174,"column":null}},{"start":{"line":172,"column":11},"end":{"line":174,"column":null}}],"line":170}},"s":{"0":0,"1":0,"2":0,"3":0,"4":0,"5":0,"6":0,"7":0,"8":0,"9":0,"10":0,"11":0,"12":0,"13":0,"14":0,"15":0,"16":0,"17":0,"18":0,"19":0,"20":0,"21":0,"22":0,"23":0,"24":0,"25":0,"26":0,"27":0,"28":0,"29":0,"30":0,"31":0,"32":0,"33":0,"34":0,"35":0,"36":0,"37":0,"38":0,"39":0,"40":0,"41":0,"42":0,"43":0,"44":0,"45":0,"46":0,"47":0,"48":0,"49":0,"50":0,"51":0,"52":0,"53":0,"54":0,"55":0,"56":0,"57":0,"58":0,"59":0,"60":0,"61":0,"62":0,"63":0,"64":0,"65":0,"66":0,"67":0,"68":0,"69":0,"70":0,"71":0,"72":0,"73":0,"74":0,"75":0,"76":0,"77":0,"78":0,"79":0,"80":0},"f":{"0":0,"1":0,"2":0,"3":0,"4":0,"5":0,"6":0,"7":0,"8":0,"9":0,"10":0,"11":0,"12":0},"b":{"0":[0,0,0,0,0],"1":[0,0],"2":[0,0],"3":[0,0],"4":[0,0],"5":[0,0],"6":[0,0],"7":[0,0],"8":[0,0,0,0],"9":[0,0],"10":[0,0],"11":[0,0,0],"12":[0,0],"13":[0,0],"14":[0,0,0],"15":[0,0],"16":[0,0],"17":[0,0],"18":[0,0],"19":[0,0],"20":[0,0],"21":[0,0],"22":[0],"23":[0,0]},"meta":{"lastBranch":24,"lastFunction":13,"lastStatement":81,"seen":{"f:8:22:8:38":0,"s:9:2:154:Infinity":0,"f:9:21:9:22":1,"s:10:19:10:35":1,"s:12:4:150:Infinity":2,"f:12:20:12:21":2,"s:13:6:149:Infinity":3,"s:14:21:14:52":4,"s:15:25:15:59":5,"s:18:24:26:9":6,"f:19:10:19:14":3,"s:20:26:20:44":7,"s:21:12:24:Infinity":8,"b:21:20:21:43:21:47:21:74:22:14:22:37:23:14:23:37:24:14:24:35":0,"b:28:8:31:Infinity:undefined:undefined:undefined:undefined":1,"s:28:8:31:Infinity":9,"s:29:10:29:Infinity":10,"s:30:10:30:Infinity":11,"s:33:26:33:52":12,"s:34:25:34:104":13,"b:36:8:39:Infinity:undefined:undefined:undefined:undefined":2,"s:36:8:39:Infinity":14,"s:37:10:37:Infinity":15,"s:38:10:38:Infinity":16,"s:41:8:41:Infinity":17,"s:44:27:48:9":18,"f:44:27:44:28":4,"b:45:10:45:Infinity:undefined:undefined:undefined:undefined":3,"s:45:10:45:Infinity":19,"s:45:21:45:Infinity":20,"s:46:24:46:58":21,"s:47:10:47:Infinity":22,"b:47:25:47:33:47:36:47:40":4,"s:51:28:58:9":23,"f:51:28:51:29":5,"b:52:10:52:Infinity:undefined:undefined:undefined:undefined":5,"s:52:10:52:Infinity":24,"b:52:14:52:18:52:22:52:38":6,"s:52:40:52:Infinity":25,"s:53:28:53:66":26,"b:53:28:53:60:53:64:53:66":7,"s:54:10:57:Infinity":27,"b:54:17:54:44:55:12:55:45:56:12:56:43:57:12:57:43":8,"s:61:27:68:9":28,"f:61:27:61:28":6,"s:62:24:62:50":29,"s:63:22:63:66":30,"s:64:10:67:Infinity":31,"f:64:52:64:53":7,"s:64:67:67:11":32,"f:66:32:66:36":8,"s:66:40:66:59":33,"b:66:40:66:44:66:48:66:59":9,"s:71:23:71:25":34,"s:72:26:72:28":35,"s:73:16:73:17":36,"s:75:8:135:Infinity":37,"s:76:22:76:33":38,"b:79:10:82:Infinity:undefined:undefined:undefined:undefined":10,"s:79:10:82:Infinity":39,"b:79:14:79:30:79:34:79:38:79:42:79:81":11,"f:79:52:79:56":9,"s:79:60:79:80":40,"b:79:60:79:65:79:69:79:80":12,"s:80:12:80:Infinity":41,"s:81:12:81:Infinity":42,"s:85:27:85:33":43,"b:87:10:132:Infinity:undefined:undefined:undefined:undefined":13,"s:87:10:132:Infinity":44,"b:87:14:87:36:87:40:87:57:87:61:87:76":14,"s:88:29:90:65":45,"b:89:16:89:Infinity:90:16:90:65":15,"b:92:12:131:Infinity:undefined:undefined:undefined:undefined":16,"s:92:12:131:Infinity":46,"b:92:16:92:32:92:36:92:48":17,"s:94:28:94:32":47,"s:95:30:95:31":48,"s:96:35:96:39":49,"s:98:14:113:Infinity":50,"b:98:21:98:35:98:39:98:72":18,"s:99:32:99:55":51,"s:102:29:102:41":52,"b:103:16:110:Infinity:undefined:undefined:undefined:undefined":19,"s:103:16:110:Infinity":53,"s:104:18:104:Infinity":54,"b:105:18:109:Infinity:undefined:undefined:undefined:undefined":20,"s:105:18:109:Infinity":55,"s:106:20:106:Infinity":56,"s:107:20:107:Infinity":57,"s:108:20:108:Infinity":58,"s:112:16:112:Infinity":59,"b:115:14:130:Infinity:120:21:130:Infinity":21,"s:115:14:130:Infinity":60,"s:116:16:119:Infinity":61,"s:122:16:122:Infinity":62,"s:123:16:129:Infinity":63,"s:134:10:134:Infinity":64,"s:137:23:142:9":65,"s:144:8:144:Infinity":66,"s:145:8:145:Infinity":67,"s:147:8:147:Infinity":68,"s:148:8:148:Infinity":69,"s:152:4:152:Infinity":70,"f:152:21:152:22":10,"s:152:27:152:67":71,"s:153:4:153:Infinity":72,"f:163:16:163:37":11,"b:163:61:163:63":22,"s:164:17:164:38":73,"s:166:14:166:15":74,"s:167:21:167:22":75,"s:169:2:175:Infinity":76,"f:169:17:169:21":12,"b:170:4:174:Infinity:172:11:174:Infinity":23,"s:170:4:174:Infinity":77,"s:171:6:171:Infinity":78,"s:173:6:173:Infinity":79,"s:177:2:182:Infinity":80}}}
}
